#
# There is insufficient memory for the Java Runtime Environment to continue.
# Native memory allocation (malloc) failed to allocate 916336 bytes for Chunk::new
# Possible reasons:
#   The system is out of physical RAM or swap space
#   The process is running with CompressedOops enabled, and the Java Heap may be blocking the growth of the native heap
# Possible solutions:
#   Reduce memory load on the system
#   Increase physical memory or swap space
#   Check if swap backing store is full
#   Decrease Java heap size (-Xmx/-Xms)
#   Decrease number of Java threads
#   Decrease Java thread stack sizes (-Xss)
#   Set larger code cache with -XX:ReservedCodeCacheSize=
#   JVM is running with Unscaled Compressed Oops mode in which the Java heap is
#     placed in the first 4GB address space. The Java Heap base address is the
#     maximum limit for the native heap growth. Please use -XX:HeapBaseMinAddress
#     to set the Java Heap base and to place the Java Heap above 4GB virtual address.
# This output file may be truncated or incomplete.
#
#  Out of Memory Error (arena.cpp:189), pid=25800, tid=27832
#
# JRE version: OpenJDK Runtime Environment Temurin-17.0.6+10 (17.0.6+10) (build 17.0.6+10)
# Java VM: OpenJDK 64-Bit Server VM Temurin-17.0.6+10 (17.0.6+10, mixed mode, sharing, tiered, compressed oops, compressed class ptrs, g1 gc, windows-amd64)
# No core dump will be written. Minidumps are not enabled by default on client versions of Windows
#

---------------  S U M M A R Y ------------

Command Line: -Dapplication.home=C:\Users\Admin\AppData\Local\Programs\Eclipse Adoptium\jdk-17.0.6.10-hotspot --add-modules=ALL-DEFAULT -Xms8m -Djdk.module.main=jdk.compiler jdk.compiler/com.sun.tools.javac.Main -d C:\Users\Admin\Documents\NetBeansProjects\E-commerce-portal-for-used-furniture-sales-application\build\classes -classpath C:\Users\Admin\Documents\NetBeansProjects\E-commerce-portal-for-used-furniture-sales-application\build\classes;D:\Taigame\icons_mysqlConnector\icons_mysqlConnector\mysql-connector-java-8.0.26.jar -sourcepath C:\Users\Admin\Documents\NetBeansProjects\E-commerce-portal-for-used-furniture-sales-application\src -target 17 -encoding UTF-8 -g -processorpath D:\Users\thanhphatchau\Downloads\icons_mysqlConnector\mysql-connector-java-8.0.26.jar;D:\Taigame\icons_mysqlConnector\icons_mysqlConnector\mysql-connector-java-8.0.26.jar;C:\Users\Admin\Documents\NetBeansProjects\E-commerce-portal-for-used-furniture-sales-application\build\empty -s C:\Users\Admin\Documents\NetBeansProjects\E-commerce-portal-for-used-furniture-sales-application\build\generated-sources\ap-source-output -source 17 C:\Users\Admin\Documents\NetBeansProjects\E-commerce-portal-for-used-furniture-sales-application\src\seller\MyProducts.java

Host: Intel(R) Core(TM) i5-10300H CPU @ 2.50GHz, 8 cores, 7G,  Windows 11 , 64 bit Build 22621 (10.0.22621.2506)
Time: Sun Dec 17 01:24:57 2023 SE Asia Standard Time elapsed time: 0.930981 seconds (0d 0h 0m 0s)

---------------  T H R E A D  ---------------

Current thread (0x000002b978650ee0):  JavaThread "C2 CompilerThread2" daemon [_thread_in_native, id=27832, stack(0x000000ee28900000,0x000000ee28a00000)]


Current CompileTask:
C2:    931 1418   !   4       com.sun.tools.javac.jvm.ClassReader::classSigToType (497 bytes)

Stack: [0x000000ee28900000,0x000000ee28a00000]
Native frames: (J=compiled Java code, j=interpreted, Vv=VM code, C=native code)
V  [jvm.dll+0x67741a]
V  [jvm.dll+0x834434]
V  [jvm.dll+0x835bde]
V  [jvm.dll+0x836243]
V  [jvm.dll+0x2457b5]
V  [jvm.dll+0xabafc]
V  [jvm.dll+0xac0cc]
V  [jvm.dll+0x2ac94f]
V  [jvm.dll+0x57de47]
V  [jvm.dll+0x220812]
V  [jvm.dll+0x220bef]
V  [jvm.dll+0x21a445]
V  [jvm.dll+0x21790b]
V  [jvm.dll+0x1a3d0d]
V  [jvm.dll+0x22742a]
V  [jvm.dll+0x225565]
V  [jvm.dll+0x7ea2cb]
V  [jvm.dll+0x7e483a]
V  [jvm.dll+0x6762c5]
C  [ucrtbase.dll+0x29363]
C  [KERNEL32.DLL+0x1257d]
C  [ntdll.dll+0x5aa58]


---------------  P R O C E S S  ---------------

Threads class SMR info:
_java_thread_list=0x000002b978652af0, length=14, elements={
0x000002b95925b980, 0x000002b977444de0, 0x000002b977445c50, 0x000002b97745a620,
0x000002b97745c5e0, 0x000002b97745efa0, 0x000002b977460780, 0x000002b977464c20,
0x000002b97746dae0, 0x000002b9774708f0, 0x000002b97804d060, 0x000002b97806dc00,
0x000002b9780fafe0, 0x000002b978650ee0
}

Java Threads: ( => current thread )
  0x000002b95925b980 JavaThread "main" [_thread_in_Java, id=31952, stack(0x000000ee27000000,0x000000ee27100000)]
  0x000002b977444de0 JavaThread "Reference Handler" daemon [_thread_blocked, id=25368, stack(0x000000ee27700000,0x000000ee27800000)]
  0x000002b977445c50 JavaThread "Finalizer" daemon [_thread_blocked, id=524, stack(0x000000ee27800000,0x000000ee27900000)]
  0x000002b97745a620 JavaThread "Signal Dispatcher" daemon [_thread_blocked, id=26988, stack(0x000000ee27900000,0x000000ee27a00000)]
  0x000002b97745c5e0 JavaThread "Attach Listener" daemon [_thread_blocked, id=28056, stack(0x000000ee27a00000,0x000000ee27b00000)]
  0x000002b97745efa0 JavaThread "Service Thread" daemon [_thread_blocked, id=28284, stack(0x000000ee27b00000,0x000000ee27c00000)]
  0x000002b977460780 JavaThread "Monitor Deflation Thread" daemon [_thread_blocked, id=26904, stack(0x000000ee27c00000,0x000000ee27d00000)]
  0x000002b977464c20 JavaThread "C2 CompilerThread0" daemon [_thread_in_native, id=552, stack(0x000000ee27d00000,0x000000ee27e00000)]
  0x000002b97746dae0 JavaThread "C1 CompilerThread0" daemon [_thread_in_native, id=26404, stack(0x000000ee27e00000,0x000000ee27f00000)]
  0x000002b9774708f0 JavaThread "Sweeper thread" daemon [_thread_blocked, id=30208, stack(0x000000ee27f00000,0x000000ee28000000)]
  0x000002b97804d060 JavaThread "Common-Cleaner" daemon [_thread_blocked, id=29872, stack(0x000000ee28000000,0x000000ee28100000)]
  0x000002b97806dc00 JavaThread "C2 CompilerThread1" daemon [_thread_in_native, id=24412, stack(0x000000ee28100000,0x000000ee28200000)]
  0x000002b9780fafe0 JavaThread "Notification Thread" daemon [_thread_blocked, id=25708, stack(0x000000ee28200000,0x000000ee28300000)]
=>0x000002b978650ee0 JavaThread "C2 CompilerThread2" daemon [_thread_in_native, id=27832, stack(0x000000ee28900000,0x000000ee28a00000)]

Other Threads:
  0x000002b9774403c0 VMThread "VM Thread" [stack: 0x000000ee27600000,0x000000ee27700000] [id=22488]
  0x000002b9592cd6d0 WatcherThread [stack: 0x000000ee28300000,0x000000ee28400000] [id=23288]
  0x000002b9592b5980 GCTaskThread "GC Thread#0" [stack: 0x000000ee27100000,0x000000ee27200000] [id=14736]
  0x000002b978269a90 GCTaskThread "GC Thread#1" [stack: 0x000000ee28400000,0x000000ee28500000] [id=26388]
  0x000002b97828b1e0 GCTaskThread "GC Thread#2" [stack: 0x000000ee28500000,0x000000ee28600000] [id=33268]
  0x000002b97828b490 GCTaskThread "GC Thread#3" [stack: 0x000000ee28600000,0x000000ee28700000] [id=31040]
  0x000002b9783a4d70 GCTaskThread "GC Thread#4" [stack: 0x000000ee28700000,0x000000ee28800000] [id=25900]
  0x000002b9784a03e0 GCTaskThread "GC Thread#5" [stack: 0x000000ee28800000,0x000000ee28900000] [id=10720]
  0x000002b978757f00 GCTaskThread "GC Thread#6" [stack: 0x000000ee28a00000,0x000000ee28b00000] [id=2904]
  0x000002b979c01000 GCTaskThread "GC Thread#7" [stack: 0x000000ee28b00000,0x000000ee28c00000] [id=26284]
  0x000002b9592c6240 ConcurrentGCThread "G1 Main Marker" [stack: 0x000000ee27200000,0x000000ee27300000] [id=32680]
  0x000002b9592c73f0 ConcurrentGCThread "G1 Conc#0" [stack: 0x000000ee27300000,0x000000ee27400000] [id=30268]
  0x000002b9592f2400 ConcurrentGCThread "G1 Refine#0" [stack: 0x000000ee27400000,0x000000ee27500000] [id=29736]
  0x000002b9592f2e20 ConcurrentGCThread "G1 Service" [stack: 0x000000ee27500000,0x000000ee27600000] [id=31876]

Threads with active compile tasks:
C2 CompilerThread0      965 1472       4       com.sun.tools.javac.jvm.PoolReader::resolve (344 bytes)
C1 CompilerThread0      965 1730       3       com.sun.tools.javac.code.Types::isSubtype (183 bytes)
C2 CompilerThread1      965 1621       4       jdk.internal.jimage.ImageReader$SharedImageReader::makeDirectories (54 bytes)
C2 CompilerThread2      966 1418   !   4       com.sun.tools.javac.jvm.ClassReader::classSigToType (497 bytes)

VM state: not at safepoint (normal execution)

VM Mutex/Monitor currently owned by a thread: None

Heap address: 0x0000000083400000, size: 1996 MB, Compressed Oops mode: 32-bit

CDS archive(s) mapped at: [0x0000000800000000-0x0000000800bc0000-0x0000000800bc0000), size 12320768, SharedBaseAddress: 0x0000000800000000, ArchiveRelocationMode: 0.
Compressed class space mapped at: 0x0000000800c00000-0x0000000840c00000, reserved size: 1073741824
Narrow klass base: 0x0000000800000000, Narrow klass shift: 0, Narrow klass range: 0x100000000

GC Precious Log:
 CPUs: 8 total, 8 available
 Memory: 7979M
 Large Page Support: Disabled
 NUMA Support: Disabled
 Compressed Oops: Enabled (32-bit)
 Heap Region Size: 1M
 Heap Min Capacity: 8M
 Heap Initial Capacity: 8M
 Heap Max Capacity: 1996M
 Pre-touch: Disabled
 Parallel Workers: 8
 Concurrent Workers: 2
 Concurrent Refinement Workers: 8
 Periodic GC: Disabled

Heap:
 garbage-first heap   total 38912K, used 15243K [0x0000000083400000, 0x0000000100000000)
  region size 1024K, 7 young (7168K), 1 survivors (1024K)
 Metaspace       used 9712K, committed 9920K, reserved 1064960K
  class space    used 1119K, committed 1216K, reserved 1048576K

Heap Regions: E=young(eden), S=young(survivor), O=old, HS=humongous(starts), HC=humongous(continues), CS=collection set, F=free, OA=open archive, CA=closed archive, TAMS=top-at-mark-start (previous, next)
|   0|0x0000000083400000, 0x0000000083500000, 0x0000000083500000|100%| O|  |TAMS 0x0000000083400000, 0x0000000083400000| Untracked 
|   1|0x0000000083500000, 0x0000000083600000, 0x0000000083600000|100%| O|  |TAMS 0x0000000083500000, 0x0000000083500000| Untracked 
|   2|0x0000000083600000, 0x0000000083700000, 0x0000000083700000|100%| O|  |TAMS 0x0000000083600000, 0x0000000083600000| Untracked 
|   3|0x0000000083700000, 0x0000000083800000, 0x0000000083800000|100%| O|  |TAMS 0x0000000083700000, 0x0000000083700000| Untracked 
|   4|0x0000000083800000, 0x0000000083900000, 0x0000000083900000|100%| O|  |TAMS 0x0000000083800000, 0x0000000083800000| Untracked 
|   5|0x0000000083900000, 0x0000000083a00000, 0x0000000083a00000|100%| O|  |TAMS 0x0000000083900000, 0x0000000083900000| Untracked 
|   6|0x0000000083a00000, 0x0000000083b00000, 0x0000000083b00000|100%| O|  |TAMS 0x0000000083a00000, 0x0000000083a00000| Untracked 
|   7|0x0000000083b00000, 0x0000000083be2c00, 0x0000000083c00000| 88%| O|  |TAMS 0x0000000083b00000, 0x0000000083b00000| Untracked 
|   8|0x0000000083c00000, 0x0000000083d00000, 0x0000000083d00000|100%|HS|  |TAMS 0x0000000083c00000, 0x0000000083c00000| Complete 
|   9|0x0000000083d00000, 0x0000000083d00000, 0x0000000083e00000|  0%| F|  |TAMS 0x0000000083d00000, 0x0000000083d00000| Untracked 
|  10|0x0000000083e00000, 0x0000000083e00000, 0x0000000083f00000|  0%| F|  |TAMS 0x0000000083e00000, 0x0000000083e00000| Untracked 
|  11|0x0000000083f00000, 0x0000000083f00000, 0x0000000084000000|  0%| F|  |TAMS 0x0000000083f00000, 0x0000000083f00000| Untracked 
|  12|0x0000000084000000, 0x0000000084100000, 0x0000000084100000|100%| S|CS|TAMS 0x0000000084000000, 0x0000000084000000| Complete 
|  13|0x0000000084100000, 0x0000000084100000, 0x0000000084200000|  0%| F|  |TAMS 0x0000000084100000, 0x0000000084100000| Untracked 
|  14|0x0000000084200000, 0x0000000084200000, 0x0000000084300000|  0%| F|  |TAMS 0x0000000084200000, 0x0000000084200000| Untracked 
|  15|0x0000000084300000, 0x0000000084300000, 0x0000000084400000|  0%| F|  |TAMS 0x0000000084300000, 0x0000000084300000| Untracked 
|  16|0x0000000084400000, 0x0000000084400000, 0x0000000084500000|  0%| F|  |TAMS 0x0000000084400000, 0x0000000084400000| Untracked 
|  17|0x0000000084500000, 0x0000000084500000, 0x0000000084600000|  0%| F|  |TAMS 0x0000000084500000, 0x0000000084500000| Untracked 
|  18|0x0000000084600000, 0x0000000084600000, 0x0000000084700000|  0%| F|  |TAMS 0x0000000084600000, 0x0000000084600000| Untracked 
|  19|0x0000000084700000, 0x0000000084700000, 0x0000000084800000|  0%| F|  |TAMS 0x0000000084700000, 0x0000000084700000| Untracked 
|  20|0x0000000084800000, 0x0000000084800000, 0x0000000084900000|  0%| F|  |TAMS 0x0000000084800000, 0x0000000084800000| Untracked 
|  21|0x0000000084900000, 0x0000000084900000, 0x0000000084a00000|  0%| F|  |TAMS 0x0000000084900000, 0x0000000084900000| Untracked 
|  22|0x0000000084a00000, 0x0000000084a00000, 0x0000000084b00000|  0%| F|  |TAMS 0x0000000084a00000, 0x0000000084a00000| Untracked 
|  23|0x0000000084b00000, 0x0000000084b00000, 0x0000000084c00000|  0%| F|  |TAMS 0x0000000084b00000, 0x0000000084b00000| Untracked 
|  24|0x0000000084c00000, 0x0000000084c00000, 0x0000000084d00000|  0%| F|  |TAMS 0x0000000084c00000, 0x0000000084c00000| Untracked 
|  25|0x0000000084d00000, 0x0000000084d00000, 0x0000000084e00000|  0%| F|  |TAMS 0x0000000084d00000, 0x0000000084d00000| Untracked 
|  26|0x0000000084e00000, 0x0000000084e00000, 0x0000000084f00000|  0%| F|  |TAMS 0x0000000084e00000, 0x0000000084e00000| Untracked 
|  27|0x0000000084f00000, 0x0000000084f00000, 0x0000000085000000|  0%| F|  |TAMS 0x0000000084f00000, 0x0000000084f00000| Untracked 
|  28|0x0000000085000000, 0x0000000085000000, 0x0000000085100000|  0%| F|  |TAMS 0x0000000085000000, 0x0000000085000000| Untracked 
|  29|0x0000000085100000, 0x0000000085100000, 0x0000000085200000|  0%| F|  |TAMS 0x0000000085100000, 0x0000000085100000| Untracked 
|  30|0x0000000085200000, 0x0000000085200000, 0x0000000085300000|  0%| F|  |TAMS 0x0000000085200000, 0x0000000085200000| Untracked 
|  31|0x0000000085300000, 0x0000000085300000, 0x0000000085400000|  0%| F|  |TAMS 0x0000000085300000, 0x0000000085300000| Untracked 
|  32|0x0000000085400000, 0x0000000085497860, 0x0000000085500000| 59%| E|  |TAMS 0x0000000085400000, 0x0000000085400000| Complete 
|  33|0x0000000085500000, 0x0000000085600000, 0x0000000085600000|100%| E|CS|TAMS 0x0000000085500000, 0x0000000085500000| Complete 
|  34|0x0000000085600000, 0x0000000085700000, 0x0000000085700000|100%| E|CS|TAMS 0x0000000085600000, 0x0000000085600000| Complete 
|  35|0x0000000085700000, 0x0000000085800000, 0x0000000085800000|100%| E|CS|TAMS 0x0000000085700000, 0x0000000085700000| Complete 
|  36|0x0000000085800000, 0x0000000085900000, 0x0000000085900000|100%| E|CS|TAMS 0x0000000085800000, 0x0000000085800000| Complete 
|  37|0x0000000085900000, 0x0000000085a00000, 0x0000000085a00000|100%| E|CS|TAMS 0x0000000085900000, 0x0000000085900000| Complete 

Card table byte_map: [0x000002b970460000,0x000002b970850000] _byte_map_base: 0x000002b970046000

Marking Bits (Prev, Next): (CMBitMap*) 0x000002b9592b5f90, (CMBitMap*) 0x000002b9592b5fd0
 Prev Bits: [0x000002b970c40000, 0x000002b972b70000)
 Next Bits: [0x000002b972b70000, 0x000002b974aa0000)

Polling page: 0x000002b957240000

Metaspace:

Usage:
  Non-class:      8.39 MB used.
      Class:      1.09 MB used.
       Both:      9.49 MB used.

Virtual space:
  Non-class space:       16.00 MB reserved,       8.50 MB ( 53%) committed,  2 nodes.
      Class space:        1.00 GB reserved,       1.19 MB ( <1%) committed,  1 nodes.
             Both:        1.02 GB reserved,       9.69 MB ( <1%) committed. 

Chunk freelists:
   Non-Class:  1.55 MB
       Class:  2.83 MB
        Both:  4.37 MB

MaxMetaspaceSize: unlimited
CompressedClassSpaceSize: 1.00 GB
Initial GC threshold: 21.00 MB
Current GC threshold: 21.00 MB
CDS: on
MetaspaceReclaimPolicy: balanced
 - commit_granule_bytes: 65536.
 - commit_granule_words: 8192.
 - virtual_space_node_default_size: 1048576.
 - enlarge_chunks_in_place: 1.
 - new_chunks_are_fully_committed: 0.
 - uncommit_free_chunks: 1.
 - use_allocation_guard: 0.
 - handle_deallocations: 1.


Internal statistics:

num_allocs_failed_limit: 0.
num_arena_births: 76.
num_arena_deaths: 0.
num_vsnodes_births: 3.
num_vsnodes_deaths: 0.
num_space_committed: 155.
num_space_uncommitted: 0.
num_chunks_returned_to_freelist: 0.
num_chunks_taken_from_freelist: 410.
num_chunk_merges: 0.
num_chunk_splits: 271.
num_chunks_enlarged: 212.
num_purges: 0.
num_inconsistent_stats: 0.

CodeHeap 'non-profiled nmethods': size=120000Kb used=540Kb max_used=540Kb free=119460Kb
 bounds [0x000002b968810000, 0x000002b968a80000, 0x000002b96fd40000]
CodeHeap 'profiled nmethods': size=120000Kb used=3209Kb max_used=3209Kb free=116790Kb
 bounds [0x000002b960d40000, 0x000002b961070000, 0x000002b968270000]
CodeHeap 'non-nmethods': size=5760Kb used=1149Kb max_used=1176Kb free=4610Kb
 bounds [0x000002b968270000, 0x000002b9684e0000, 0x000002b968810000]
 total_blobs=2155 nmethods=1723 adapters=344
 compilation: enabled
              stopped_count=0, restarted_count=0
 full_count=0

Compilation events (20 events):
Event: 0.913 Thread 0x000002b97746dae0 nmethod 1662 0x000002b968895710 code [0x000002b9688958a0, 0x000002b968895978]
Event: 0.914 Thread 0x000002b97746dae0 1663       1       com.sun.tools.javac.comp.Resolve$MethodResolutionPhase::isBoxingRequired (5 bytes)
Event: 0.915 Thread 0x000002b97746dae0 nmethod 1663 0x000002b968895a10 code [0x000002b968895ba0, 0x000002b968895c78]
Event: 0.915 Thread 0x000002b97746dae0 1664       3       com.sun.tools.javac.code.Type::equals (11 bytes)
Event: 0.915 Thread 0x000002b97746dae0 nmethod 1664 0x000002b961023e10 code [0x000002b961023fa0, 0x000002b961024118]
Event: 0.915 Thread 0x000002b97746dae0 1666       3       com.sun.tools.javac.comp.Check::checkType (168 bytes)
Event: 0.917 Thread 0x000002b97746dae0 nmethod 1666 0x000002b961024190 code [0x000002b961024560, 0x000002b961026158]
Event: 0.917 Thread 0x000002b97746dae0 1667       3       com.sun.tools.javac.comp.Attr$ResultInfo::check (21 bytes)
Event: 0.917 Thread 0x000002b97746dae0 nmethod 1667 0x000002b961026990 code [0x000002b961026b40, 0x000002b961026ca8]
Event: 0.917 Thread 0x000002b97746dae0 1665       3       com.sun.tools.javac.comp.Attr$ResultInfo::<init> (18 bytes)
Event: 0.918 Thread 0x000002b97746dae0 nmethod 1665 0x000002b961026d90 code [0x000002b961026f40, 0x000002b9610272f8]
Event: 0.918 Thread 0x000002b97746dae0 1669       3       com.sun.tools.javac.code.Types::memberType (33 bytes)
Event: 0.918 Thread 0x000002b97746dae0 nmethod 1669 0x000002b961027490 code [0x000002b961027660, 0x000002b961027b18]
Event: 0.918 Thread 0x000002b97746dae0 1668       3       com.sun.tools.javac.util.Iterators::createCompoundIterator (10 bytes)
Event: 0.918 Thread 0x000002b97746dae0 nmethod 1668 0x000002b961027c90 code [0x000002b961027e60, 0x000002b961028268]
Event: 0.918 Thread 0x000002b97746dae0 1670       3       com.sun.tools.javac.code.Types$13::visitClassType (10 bytes)
Event: 0.919 Thread 0x000002b97746dae0 nmethod 1670 0x000002b961028410 code [0x000002b9610285c0, 0x000002b961028808]
Event: 0.919 Thread 0x000002b97746dae0 1671       3       com.sun.tools.javac.code.Types$13::visitClassType (136 bytes)
Event: 0.920 Thread 0x000002b97746dae0 nmethod 1671 0x000002b961028910 code [0x000002b961028be0, 0x000002b961029d58]
Event: 0.924 Thread 0x000002b97746dae0 1673       3       com.sun.tools.javac.jvm.ClassReader::readClass (670 bytes)

GC Heap History (20 events):
Event: 0.384 GC heap before
{Heap before GC invocations=3 (full 0):
 garbage-first heap   total 8192K, used 3184K [0x0000000083400000, 0x0000000100000000)
  region size 1024K, 2 young (2048K), 1 survivors (1024K)
 Metaspace       used 7637K, committed 7744K, reserved 1064960K
  class space    used 883K, committed 960K, reserved 1048576K
}
Event: 0.385 GC heap after
{Heap after GC invocations=4 (full 0):
 garbage-first heap   total 8192K, used 2507K [0x0000000083400000, 0x0000000100000000)
  region size 1024K, 1 young (1024K), 1 survivors (1024K)
 Metaspace       used 7637K, committed 7744K, reserved 1064960K
  class space    used 883K, committed 960K, reserved 1048576K
}
Event: 0.419 GC heap before
{Heap before GC invocations=4 (full 0):
 garbage-first heap   total 8192K, used 3531K [0x0000000083400000, 0x0000000100000000)
  region size 1024K, 2 young (2048K), 1 survivors (1024K)
 Metaspace       used 7876K, committed 8064K, reserved 1064960K
  class space    used 909K, committed 1024K, reserved 1048576K
}
Event: 0.422 GC heap after
{Heap after GC invocations=5 (full 0):
 garbage-first heap   total 10240K, used 2898K [0x0000000083400000, 0x0000000100000000)
  region size 1024K, 1 young (1024K), 1 survivors (1024K)
 Metaspace       used 7876K, committed 8064K, reserved 1064960K
  class space    used 909K, committed 1024K, reserved 1048576K
}
Event: 0.490 GC heap before
{Heap before GC invocations=5 (full 0):
 garbage-first heap   total 10240K, used 3922K [0x0000000083400000, 0x0000000100000000)
  region size 1024K, 3 young (3072K), 1 survivors (1024K)
 Metaspace       used 8421K, committed 8512K, reserved 1064960K
  class space    used 975K, committed 1024K, reserved 1048576K
}
Event: 0.493 GC heap after
{Heap after GC invocations=6 (full 0):
 garbage-first heap   total 10240K, used 3916K [0x0000000083400000, 0x0000000100000000)
  region size 1024K, 1 young (1024K), 1 survivors (1024K)
 Metaspace       used 8421K, committed 8512K, reserved 1064960K
  class space    used 975K, committed 1024K, reserved 1048576K
}
Event: 0.521 GC heap before
{Heap before GC invocations=6 (full 0):
 garbage-first heap   total 10240K, used 4940K [0x0000000083400000, 0x0000000100000000)
  region size 1024K, 2 young (2048K), 1 survivors (1024K)
 Metaspace       used 8628K, committed 8832K, reserved 1064960K
  class space    used 1004K, committed 1088K, reserved 1048576K
}
Event: 0.524 GC heap after
{Heap after GC invocations=7 (full 0):
 garbage-first heap   total 10240K, used 4135K [0x0000000083400000, 0x0000000100000000)
  region size 1024K, 1 young (1024K), 1 survivors (1024K)
 Metaspace       used 8628K, committed 8832K, reserved 1064960K
  class space    used 1004K, committed 1088K, reserved 1048576K
}
Event: 0.532 GC heap before
{Heap before GC invocations=7 (full 0):
 garbage-first heap   total 10240K, used 5159K [0x0000000083400000, 0x0000000100000000)
  region size 1024K, 2 young (2048K), 1 survivors (1024K)
 Metaspace       used 8652K, committed 8832K, reserved 1064960K
  class space    used 1004K, committed 1088K, reserved 1048576K
}
Event: 0.533 GC heap after
{Heap after GC invocations=8 (full 0):
 garbage-first heap   total 10240K, used 4291K [0x0000000083400000, 0x0000000100000000)
  region size 1024K, 1 young (1024K), 1 survivors (1024K)
 Metaspace       used 8652K, committed 8832K, reserved 1064960K
  class space    used 1004K, committed 1088K, reserved 1048576K
}
Event: 0.550 GC heap before
{Heap before GC invocations=8 (full 0):
 garbage-first heap   total 10240K, used 5315K [0x0000000083400000, 0x0000000100000000)
  region size 1024K, 2 young (2048K), 1 survivors (1024K)
 Metaspace       used 8703K, committed 8896K, reserved 1064960K
  class space    used 1004K, committed 1088K, reserved 1048576K
}
Event: 0.552 GC heap after
{Heap after GC invocations=9 (full 0):
 garbage-first heap   total 19456K, used 4387K [0x0000000083400000, 0x0000000100000000)
  region size 1024K, 1 young (1024K), 1 survivors (1024K)
 Metaspace       used 8703K, committed 8896K, reserved 1064960K
  class space    used 1004K, committed 1088K, reserved 1048576K
}
Event: 0.618 GC heap before
{Heap before GC invocations=9 (full 0):
 garbage-first heap   total 19456K, used 10531K [0x0000000083400000, 0x0000000100000000)
  region size 1024K, 7 young (7168K), 1 survivors (1024K)
 Metaspace       used 8948K, committed 9152K, reserved 1064960K
  class space    used 1027K, committed 1088K, reserved 1048576K
}
Event: 0.621 GC heap after
{Heap after GC invocations=10 (full 0):
 garbage-first heap   total 19456K, used 5423K [0x0000000083400000, 0x0000000100000000)
  region size 1024K, 1 young (1024K), 1 survivors (1024K)
 Metaspace       used 8948K, committed 9152K, reserved 1064960K
  class space    used 1027K, committed 1088K, reserved 1048576K
}
Event: 0.699 GC heap before
{Heap before GC invocations=10 (full 0):
 garbage-first heap   total 19456K, used 11567K [0x0000000083400000, 0x0000000100000000)
  region size 1024K, 7 young (7168K), 1 survivors (1024K)
 Metaspace       used 9086K, committed 9216K, reserved 1064960K
  class space    used 1042K, committed 1088K, reserved 1048576K
}
Event: 0.707 GC heap after
{Heap after GC invocations=11 (full 0):
 garbage-first heap   total 19456K, used 7200K [0x0000000083400000, 0x0000000100000000)
  region size 1024K, 1 young (1024K), 1 survivors (1024K)
 Metaspace       used 9086K, committed 9216K, reserved 1064960K
  class space    used 1042K, committed 1088K, reserved 1048576K
}
Event: 0.736 GC heap before
{Heap before GC invocations=11 (full 0):
 garbage-first heap   total 19456K, used 12320K [0x0000000083400000, 0x0000000100000000)
  region size 1024K, 6 young (6144K), 1 survivors (1024K)
 Metaspace       used 9096K, committed 9216K, reserved 1064960K
  class space    used 1042K, committed 1088K, reserved 1048576K
}
Event: 0.743 GC heap after
{Heap after GC invocations=12 (full 0):
 garbage-first heap   total 19456K, used 8028K [0x0000000083400000, 0x0000000100000000)
  region size 1024K, 1 young (1024K), 1 survivors (1024K)
 Metaspace       used 9096K, committed 9216K, reserved 1064960K
  class space    used 1042K, committed 1088K, reserved 1048576K
}
Event: 0.863 GC heap before
{Heap before GC invocations=12 (full 0):
 garbage-first heap   total 19456K, used 12124K [0x0000000083400000, 0x0000000100000000)
  region size 1024K, 6 young (6144K), 1 survivors (1024K)
 Metaspace       used 9511K, committed 9728K, reserved 1064960K
  class space    used 1091K, committed 1216K, reserved 1048576K
}
Event: 0.870 GC heap after
{Heap after GC invocations=13 (full 0):
 garbage-first heap   total 38912K, used 9099K [0x0000000083400000, 0x0000000100000000)
  region size 1024K, 1 young (1024K), 1 survivors (1024K)
 Metaspace       used 9511K, committed 9728K, reserved 1064960K
  class space    used 1091K, committed 1216K, reserved 1048576K
}

Dll operation events (6 events):
Event: 0.009 Loaded shared library C:\Users\Admin\AppData\Local\Programs\Eclipse Adoptium\jdk-17.0.6.10-hotspot\bin\java.dll
Event: 0.017 Loaded shared library C:\Users\Admin\AppData\Local\Programs\Eclipse Adoptium\jdk-17.0.6.10-hotspot\bin\jsvml.dll
Event: 0.072 Loaded shared library C:\Users\Admin\AppData\Local\Programs\Eclipse Adoptium\jdk-17.0.6.10-hotspot\bin\jimage.dll
Event: 0.151 Loaded shared library C:\Users\Admin\AppData\Local\Programs\Eclipse Adoptium\jdk-17.0.6.10-hotspot\bin\net.dll
Event: 0.153 Loaded shared library C:\Users\Admin\AppData\Local\Programs\Eclipse Adoptium\jdk-17.0.6.10-hotspot\bin\nio.dll
Event: 0.180 Loaded shared library C:\Users\Admin\AppData\Local\Programs\Eclipse Adoptium\jdk-17.0.6.10-hotspot\bin\zip.dll

Deoptimization events (20 events):
Event: 0.592 Thread 0x000002b95925b980 Uncommon trap: trap_request=0xffffff45 fr.pc=0x000002b96884b560 relative=0x0000000000000060
Event: 0.592 Thread 0x000002b95925b980 Uncommon trap: reason=unstable_if action=reinterpret pc=0x000002b96884b560 method=com.sun.tools.javac.jvm.PoolReader.sizeof(I)I @ 1 c2
Event: 0.592 Thread 0x000002b95925b980 DEOPT PACKING pc=0x000002b96884b560 sp=0x000000ee270fdee0
Event: 0.592 Thread 0x000002b95925b980 DEOPT UNPACKING pc=0x000002b9682c69a3 sp=0x000000ee270fde70 mode 2
Event: 0.600 Thread 0x000002b95925b980 Uncommon trap: trap_request=0xffffff45 fr.pc=0x000002b96886c70c relative=0x000000000000092c
Event: 0.600 Thread 0x000002b95925b980 Uncommon trap: reason=unstable_if action=reinterpret pc=0x000002b96886c70c method=jdk.internal.jimage.ImageStringsReader.stringFromByteBuffer(Ljava/nio/ByteBuffer;I)Ljava/lang/String; @ 7 c2
Event: 0.600 Thread 0x000002b95925b980 DEOPT PACKING pc=0x000002b96886c70c sp=0x000000ee270fd8e0
Event: 0.600 Thread 0x000002b95925b980 DEOPT UNPACKING pc=0x000002b9682c69a3 sp=0x000000ee270fd770 mode 2
Event: 0.600 Thread 0x000002b95925b980 Uncommon trap: trap_request=0xffffff45 fr.pc=0x000002b9688612f8 relative=0x0000000000000838
Event: 0.600 Thread 0x000002b95925b980 Uncommon trap: reason=unstable_if action=reinterpret pc=0x000002b9688612f8 method=jdk.internal.jimage.ImageStringsReader.stringFromByteBuffer(Ljava/nio/ByteBuffer;I)Ljava/lang/String; @ 7 c2
Event: 0.600 Thread 0x000002b95925b980 DEOPT PACKING pc=0x000002b9688612f8 sp=0x000000ee270fd750
Event: 0.600 Thread 0x000002b95925b980 DEOPT UNPACKING pc=0x000002b9682c69a3 sp=0x000000ee270fd708 mode 2
Event: 0.631 Thread 0x000002b95925b980 Uncommon trap: trap_request=0xffffff45 fr.pc=0x000002b96886ac4c relative=0x000000000000088c
Event: 0.631 Thread 0x000002b95925b980 Uncommon trap: reason=unstable_if action=reinterpret pc=0x000002b96886ac4c method=jdk.internal.jimage.ImageStringsReader.stringFromByteBuffer(Ljava/nio/ByteBuffer;I)Ljava/lang/String; @ 7 c2
Event: 0.631 Thread 0x000002b95925b980 DEOPT PACKING pc=0x000002b96886ac4c sp=0x000000ee270fd850
Event: 0.631 Thread 0x000002b95925b980 DEOPT UNPACKING pc=0x000002b9682c69a3 sp=0x000000ee270fd7a0 mode 2
Event: 0.892 Thread 0x000002b95925b980 Uncommon trap: trap_request=0xffffff45 fr.pc=0x000002b968891d04 relative=0x0000000000002524
Event: 0.892 Thread 0x000002b95925b980 Uncommon trap: reason=unstable_if action=reinterpret pc=0x000002b968891d04 method=com.sun.tools.javac.jvm.ClassReader.sigToType()Lcom/sun/tools/javac/code/Type; @ 10 c2
Event: 0.892 Thread 0x000002b95925b980 DEOPT PACKING pc=0x000002b968891d04 sp=0x000000ee270fc8f0
Event: 0.892 Thread 0x000002b95925b980 DEOPT UNPACKING pc=0x000002b9682c69a3 sp=0x000000ee270fc8a0 mode 2

Classes unloaded (0 events):
No events

Classes redefined (0 events):
No events

Internal exceptions (20 events):
Event: 0.501 Thread 0x000002b95925b980 Exception <a 'java/lang/NoSuchMethodError'{0x0000000083d49b18}: 'void java.lang.invoke.DirectMethodHandle$Holder.invokeStatic(java.lang.Object, java.lang.Object)'> (0x0000000083d49b18) 
thrown [s\src\hotspot\share\interpreter\linkResolver.cpp, line 759]
Event: 0.503 Thread 0x000002b95925b980 Exception <a 'sun/nio/fs/WindowsException'{0x0000000083d53d88}> (0x0000000083d53d88) 
thrown [s\src\hotspot\share\prims\jni.cpp, line 516]
Event: 0.511 Thread 0x000002b95925b980 Exception <a 'sun/nio/fs/WindowsException'{0x0000000083d76310}> (0x0000000083d76310) 
thrown [s\src\hotspot\share\prims\jni.cpp, line 516]
Event: 0.555 Thread 0x000002b95925b980 Exception <a 'java/lang/NoSuchMethodError'{0x000000008461c7b8}: 'int java.lang.invoke.DirectMethodHandle$Holder.invokeSpecial(java.lang.Object, java.lang.Object, java.lang.Object)'> (0x000000008461c7b8) 
thrown [s\src\hotspot\share\interpreter\linkResolver.cpp, line 759]
Event: 0.558 Thread 0x000002b95925b980 Exception <a 'sun/nio/fs/WindowsException'{0x0000000084627d00}> (0x0000000084627d00) 
thrown [s\src\hotspot\share\prims\jni.cpp, line 516]
Event: 0.561 Thread 0x000002b95925b980 Exception <a 'sun/nio/fs/WindowsException'{0x0000000084631cd8}> (0x0000000084631cd8) 
thrown [s\src\hotspot\share\prims\jni.cpp, line 516]
Event: 0.576 Thread 0x000002b95925b980 Exception <a 'sun/nio/fs/WindowsException'{0x0000000084681510}> (0x0000000084681510) 
thrown [s\src\hotspot\share\prims\jni.cpp, line 516]
Event: 0.576 Thread 0x000002b95925b980 Exception <a 'sun/nio/fs/WindowsException'{0x00000000846818f8}> (0x00000000846818f8) 
thrown [s\src\hotspot\share\prims\jni.cpp, line 516]
Event: 0.576 Thread 0x000002b95925b980 Exception <a 'sun/nio/fs/WindowsException'{0x0000000084682a08}> (0x0000000084682a08) 
thrown [s\src\hotspot\share\prims\jni.cpp, line 516]
Event: 0.576 Thread 0x000002b95925b980 Exception <a 'sun/nio/fs/WindowsException'{0x0000000084682db8}> (0x0000000084682db8) 
thrown [s\src\hotspot\share\prims\jni.cpp, line 516]
Event: 0.592 Thread 0x000002b95925b980 Exception <a 'java/lang/NoSuchMethodError'{0x00000000844f2668}: 'java.lang.Object java.lang.invoke.DirectMethodHandle$Holder.invokeStatic(java.lang.Object, java.lang.Object, int, int)'> (0x00000000844f2668) 
thrown [s\src\hotspot\share\interpreter\linkResolver.cpp, line 759]
Event: 0.607 Thread 0x000002b95925b980 Exception <a 'sun/nio/fs/WindowsException'{0x0000000084367f60}> (0x0000000084367f60) 
thrown [s\src\hotspot\share\prims\jni.cpp, line 516]
Event: 0.607 Thread 0x000002b95925b980 Exception <a 'sun/nio/fs/WindowsException'{0x0000000084368350}> (0x0000000084368350) 
thrown [s\src\hotspot\share\prims\jni.cpp, line 516]
Event: 0.607 Thread 0x000002b95925b980 Exception <a 'sun/nio/fs/WindowsException'{0x0000000084369460}> (0x0000000084369460) 
thrown [s\src\hotspot\share\prims\jni.cpp, line 516]
Event: 0.607 Thread 0x000002b95925b980 Exception <a 'sun/nio/fs/WindowsException'{0x0000000084369810}> (0x0000000084369810) 
thrown [s\src\hotspot\share\prims\jni.cpp, line 516]
Event: 0.637 Thread 0x000002b95925b980 Exception <a 'java/lang/NoSuchMethodError'{0x00000000845c6038}: 'java.lang.Object java.lang.invoke.DirectMethodHandle$Holder.invokeInterface(java.lang.Object, java.lang.Object)'> (0x00000000845c6038) 
thrown [s\src\hotspot\share\interpreter\linkResolver.cpp, line 759]
Event: 0.687 Thread 0x000002b95925b980 Exception <a 'sun/nio/fs/WindowsException'{0x000000008417dde0}> (0x000000008417dde0) 
thrown [s\src\hotspot\share\prims\jni.cpp, line 516]
Event: 0.690 Thread 0x000002b95925b980 Exception <a 'sun/nio/fs/WindowsException'{0x0000000084181b98}> (0x0000000084181b98) 
thrown [s\src\hotspot\share\prims\jni.cpp, line 516]
Event: 0.765 Thread 0x000002b95925b980 Exception <a 'java/lang/NoSuchMethodError'{0x0000000084511850}: 'void java.lang.invoke.DirectMethodHandle$Holder.invokeSpecial(java.lang.Object, java.lang.Object, java.lang.Object, java.lang.Object, java.lang.Object)'> (0x0000000084511850) 
thrown [s\src\hotspot\share\interpreter\linkResolver.cpp, line 759]
Event: 0.901 Thread 0x000002b95925b980 Exception <a 'java/lang/NoSuchMethodError'{0x00000000857035d8}: 'void java.lang.invoke.DirectMethodHandle$Holder.invokeVirtual(java.lang.Object, java.lang.Object)'> (0x00000000857035d8) 
thrown [s\src\hotspot\share\interpreter\linkResolver.cpp, line 759]

VM Operations (20 events):
Event: 0.419 Executing VM operation: G1CollectForAllocation
Event: 0.422 Executing VM operation: G1CollectForAllocation done
Event: 0.490 Executing VM operation: G1CollectForAllocation
Event: 0.493 Executing VM operation: G1CollectForAllocation done
Event: 0.521 Executing VM operation: G1CollectForAllocation
Event: 0.524 Executing VM operation: G1CollectForAllocation done
Event: 0.532 Executing VM operation: G1CollectForAllocation
Event: 0.533 Executing VM operation: G1CollectForAllocation done
Event: 0.550 Executing VM operation: G1CollectForAllocation
Event: 0.552 Executing VM operation: G1CollectForAllocation done
Event: 0.601 Executing VM operation: HandshakeAllThreads
Event: 0.601 Executing VM operation: HandshakeAllThreads done
Event: 0.618 Executing VM operation: G1CollectForAllocation
Event: 0.621 Executing VM operation: G1CollectForAllocation done
Event: 0.699 Executing VM operation: G1CollectForAllocation
Event: 0.707 Executing VM operation: G1CollectForAllocation done
Event: 0.736 Executing VM operation: G1CollectForAllocation
Event: 0.743 Executing VM operation: G1CollectForAllocation done
Event: 0.863 Executing VM operation: G1CollectForAllocation
Event: 0.870 Executing VM operation: G1CollectForAllocation done

Events (20 events):
Event: 0.506 loading class java/util/stream/Nodes$EmptyNode$OfDouble done
Event: 0.506 loading class java/util/stream/Nodes$SpinedNodeBuilder
Event: 0.506 loading class java/util/stream/Node$Builder
Event: 0.506 loading class java/util/stream/Node$Builder done
Event: 0.506 loading class java/util/stream/Nodes$SpinedNodeBuilder done
Event: 0.506 loading class sun/nio/fs/WindowsPath$WindowsPathWithAttributes
Event: 0.506 loading class sun/nio/fs/WindowsPath$WindowsPathWithAttributes done
Event: 0.589 Thread 0x000002b978650ee0 Thread added: 0x000002b978650ee0
Event: 0.601 loading class jdk/internal/jimage/ImageReader$LinkNode
Event: 0.601 loading class jdk/internal/jimage/ImageReader$LinkNode done
Event: 0.634 loading class java/lang/invoke/MethodHandle$1
Event: 0.634 loading class java/lang/invoke/MethodHandle$1 done
Event: 0.831 loading class java/util/stream/ReduceOps$1
Event: 0.831 loading class java/util/stream/ReduceOps$1 done
Event: 0.831 loading class java/util/stream/ReduceOps$1ReducingSink
Event: 0.831 loading class java/util/stream/ReduceOps$1ReducingSink done
Event: 0.847 loading class java/util/stream/Nodes$FixedNodeBuilder
Event: 0.847 loading class java/util/stream/Nodes$ArrayNode
Event: 0.847 loading class java/util/stream/Nodes$ArrayNode done
Event: 0.847 loading class java/util/stream/Nodes$FixedNodeBuilder done


Dynamic libraries:
0x00007ff6c9880000 - 0x00007ff6c9888000 	C:\Users\Admin\AppData\Local\Programs\Eclipse Adoptium\jdk-17.0.6.10-hotspot\bin\javac.exe
0x00007fff36a90000 - 0x00007fff36ca7000 	C:\WINDOWS\SYSTEM32\ntdll.dll
0x00007fff35d80000 - 0x00007fff35e44000 	C:\WINDOWS\System32\KERNEL32.DLL
0x00007fff34090000 - 0x00007fff34436000 	C:\WINDOWS\System32\KERNELBASE.dll
0x00007fff34560000 - 0x00007fff34671000 	C:\WINDOWS\System32\ucrtbase.dll
0x00007fff00c70000 - 0x00007fff00c87000 	C:\Users\Admin\AppData\Local\Programs\Eclipse Adoptium\jdk-17.0.6.10-hotspot\bin\jli.dll
0x00007fff29860000 - 0x00007fff29879000 	C:\Users\Admin\AppData\Local\Programs\Eclipse Adoptium\jdk-17.0.6.10-hotspot\bin\VCRUNTIME140.dll
0x00007fff35fe0000 - 0x00007fff3618e000 	C:\WINDOWS\System32\USER32.dll
0x00007fff34060000 - 0x00007fff34086000 	C:\WINDOWS\System32\win32u.dll
0x00007fff25cf0000 - 0x00007fff25f83000 	C:\WINDOWS\WinSxS\amd64_microsoft.windows.common-controls_6595b64144ccf1df_6.0.22621.2506_none_270c5ae97388e100\COMCTL32.dll
0x00007fff36240000 - 0x00007fff362e7000 	C:\WINDOWS\System32\msvcrt.dll
0x00007fff35e50000 - 0x00007fff35e79000 	C:\WINDOWS\System32\GDI32.dll
0x00007fff34440000 - 0x00007fff34558000 	C:\WINDOWS\System32\gdi32full.dll
0x00007fff34680000 - 0x00007fff3471a000 	C:\WINDOWS\System32\msvcp_win.dll
0x00007fff35fa0000 - 0x00007fff35fd1000 	C:\WINDOWS\System32\IMM32.DLL
0x00007fff29850000 - 0x00007fff2985c000 	C:\Users\Admin\AppData\Local\Programs\Eclipse Adoptium\jdk-17.0.6.10-hotspot\bin\vcruntime140_1.dll
0x00007fff164d0000 - 0x00007fff16561000 	C:\Users\Admin\AppData\Local\Programs\Eclipse Adoptium\jdk-17.0.6.10-hotspot\bin\msvcp140.dll
0x00007ffe61d10000 - 0x00007ffe62957000 	C:\Users\Admin\AppData\Local\Programs\Eclipse Adoptium\jdk-17.0.6.10-hotspot\bin\server\jvm.dll
0x00007fff357c0000 - 0x00007fff35871000 	C:\WINDOWS\System32\ADVAPI32.dll
0x00007fff35ba0000 - 0x00007fff35c45000 	C:\WINDOWS\System32\sechost.dll
0x00007fff35e80000 - 0x00007fff35f97000 	C:\WINDOWS\System32\RPCRT4.dll
0x00007fff29520000 - 0x00007fff29529000 	C:\WINDOWS\SYSTEM32\WSOCK32.dll
0x00007fff28c40000 - 0x00007fff28c74000 	C:\WINDOWS\SYSTEM32\WINMM.dll
0x00007fff36830000 - 0x00007fff368a1000 	C:\WINDOWS\System32\WS2_32.dll
0x00007fff28690000 - 0x00007fff2869a000 	C:\WINDOWS\SYSTEM32\VERSION.dll
0x00007fff32ef0000 - 0x00007fff32f08000 	C:\WINDOWS\SYSTEM32\kernel.appcore.dll
0x00007fff29830000 - 0x00007fff2983a000 	C:\Users\Admin\AppData\Local\Programs\Eclipse Adoptium\jdk-17.0.6.10-hotspot\bin\jimage.dll
0x00007fff316e0000 - 0x00007fff31913000 	C:\WINDOWS\SYSTEM32\DBGHELP.DLL
0x00007fff362f0000 - 0x00007fff36679000 	C:\WINDOWS\System32\combase.dll
0x00007fff35900000 - 0x00007fff359d7000 	C:\WINDOWS\System32\OLEAUT32.dll
0x00007fff27ec0000 - 0x00007fff27ef2000 	C:\WINDOWS\SYSTEM32\dbgcore.DLL
0x00007fff33e00000 - 0x00007fff33e7a000 	C:\WINDOWS\System32\bcryptPrimitives.dll
0x00007fff27500000 - 0x00007fff27525000 	C:\Users\Admin\AppData\Local\Programs\Eclipse Adoptium\jdk-17.0.6.10-hotspot\bin\java.dll
0x00007fff26c90000 - 0x00007fff26d66000 	C:\Users\Admin\AppData\Local\Programs\Eclipse Adoptium\jdk-17.0.6.10-hotspot\bin\jsvml.dll
0x00007fff34800000 - 0x00007fff3505a000 	C:\WINDOWS\System32\SHELL32.dll
0x00007fff31d30000 - 0x00007fff32626000 	C:\WINDOWS\SYSTEM32\windows.storage.dll
0x00007fff31bf0000 - 0x00007fff31d2e000 	C:\WINDOWS\SYSTEM32\wintypes.dll
0x00007fff35060000 - 0x00007fff35153000 	C:\WINDOWS\System32\SHCORE.dll
0x00007fff367d0000 - 0x00007fff3682e000 	C:\WINDOWS\System32\shlwapi.dll
0x00007fff33d30000 - 0x00007fff33d56000 	C:\WINDOWS\SYSTEM32\profapi.dll
0x00007fff297f0000 - 0x00007fff29809000 	C:\Users\Admin\AppData\Local\Programs\Eclipse Adoptium\jdk-17.0.6.10-hotspot\bin\net.dll
0x00007fff2ab70000 - 0x00007fff2aca7000 	C:\WINDOWS\SYSTEM32\WINHTTP.dll
0x00007fff33370000 - 0x00007fff333d9000 	C:\WINDOWS\system32\mswsock.dll
0x00007fff27720000 - 0x00007fff27735000 	C:\Users\Admin\AppData\Local\Programs\Eclipse Adoptium\jdk-17.0.6.10-hotspot\bin\nio.dll
0x00007fff272a0000 - 0x00007fff272b8000 	C:\Users\Admin\AppData\Local\Programs\Eclipse Adoptium\jdk-17.0.6.10-hotspot\bin\zip.dll

dbghelp: loaded successfully - version: 4.0.5 - missing functions: none
symbol engine: initialized successfully - sym options: 0x614 - pdb path: .;C:\Users\Admin\AppData\Local\Programs\Eclipse Adoptium\jdk-17.0.6.10-hotspot\bin;C:\WINDOWS\SYSTEM32;C:\WINDOWS\WinSxS\amd64_microsoft.windows.common-controls_6595b64144ccf1df_6.0.22621.2506_none_270c5ae97388e100;C:\Users\Admin\AppData\Local\Programs\Eclipse Adoptium\jdk-17.0.6.10-hotspot\bin\server

VM Arguments:
jvm_args: -Dapplication.home=C:\Users\Admin\AppData\Local\Programs\Eclipse Adoptium\jdk-17.0.6.10-hotspot --add-modules=ALL-DEFAULT -Xms8m -Djdk.module.main=jdk.compiler 
java_command: jdk.compiler/com.sun.tools.javac.Main -d C:\Users\Admin\Documents\NetBeansProjects\E-commerce-portal-for-used-furniture-sales-application\build\classes -classpath C:\Users\Admin\Documents\NetBeansProjects\E-commerce-portal-for-used-furniture-sales-application\build\classes;D:\Taigame\icons_mysqlConnector\icons_mysqlConnector\mysql-connector-java-8.0.26.jar -sourcepath C:\Users\Admin\Documents\NetBeansProjects\E-commerce-portal-for-used-furniture-sales-application\src -target 17 -encoding UTF-8 -g -processorpath D:\Users\thanhphatchau\Downloads\icons_mysqlConnector\mysql-connector-java-8.0.26.jar;D:\Taigame\icons_mysqlConnector\icons_mysqlConnector\mysql-connector-java-8.0.26.jar;C:\Users\Admin\Documents\NetBeansProjects\E-commerce-portal-for-used-furniture-sales-application\build\empty -s C:\Users\Admin\Documents\NetBeansProjects\E-commerce-portal-for-used-furniture-sales-application\build\generated-sources\ap-source-output -source 17 C:\Users\Admin\Documents\NetBeansProjects\E-commerce-portal-for-used-furniture-sales-application\src\seller\MyProducts.java
java_class_path (initial): <not set>
Launcher Type: SUN_STANDARD

[Global flags]
     intx CICompilerCount                          = 4                                         {product} {ergonomic}
     uint ConcGCThreads                            = 2                                         {product} {ergonomic}
     uint G1ConcRefinementThreads                  = 8                                         {product} {ergonomic}
   size_t G1HeapRegionSize                         = 1048576                                   {product} {ergonomic}
    uintx GCDrainStackTargetSize                   = 64                                        {product} {ergonomic}
   size_t InitialHeapSize                          = 8388608                                   {product} {command line}
   size_t MarkStackSize                            = 4194304                                   {product} {ergonomic}
   size_t MaxHeapSize                              = 2092957696                                {product} {ergonomic}
   size_t MaxNewSize                               = 1255145472                                {product} {ergonomic}
   size_t MinHeapDeltaBytes                        = 1048576                                   {product} {ergonomic}
   size_t MinHeapSize                              = 8388608                                   {product} {command line}
    uintx NonNMethodCodeHeapSize                   = 5839372                                {pd product} {ergonomic}
    uintx NonProfiledCodeHeapSize                  = 122909434                              {pd product} {ergonomic}
    uintx ProfiledCodeHeapSize                     = 122909434                              {pd product} {ergonomic}
    uintx ReservedCodeCacheSize                    = 251658240                              {pd product} {ergonomic}
     bool SegmentedCodeCache                       = true                                      {product} {ergonomic}
   size_t SoftMaxHeapSize                          = 2092957696                             {manageable} {ergonomic}
     bool UseCompressedClassPointers               = true                           {product lp64_product} {ergonomic}
     bool UseCompressedOops                        = true                           {product lp64_product} {ergonomic}
     bool UseG1GC                                  = true                                      {product} {ergonomic}
     bool UseLargePagesIndividualAllocation        = false                                  {pd product} {ergonomic}

Logging:
Log output configuration:
 #0: stdout all=warning uptime,level,tags
 #1: stderr all=off uptime,level,tags

Environment Variables:
JAVA_HOME=C:\Users\Admin\AppData\Local\Programs\Eclipse Adoptium\jdk-17.0.6.10-hotspot\
PATH=C:\Program Files\Common Files\Oracle\Java\javapath;C:\Windows\system32;C:\Windows;C:\Windows\System32\Wbem;C:\Windows\System32\WindowsPowerShell\v1.0\;C:\Windows\System32\OpenSSH\;C:\Program Files (x86)\NVIDIA Corporation\PhysX\Common;C:\Program Files\NVIDIA Corporation\NVIDIA NvDLISR;C:\WINDOWS\system32;C:\WINDOWS;C:\WINDOWS\System32\Wbem;C:\WINDOWS\System32\WindowsPowerShell\v1.0\;C:\WINDOWS\System32\OpenSSH\;C:\Program Files\Microsoft SQL Server\Client SDK\ODBC\170\Tools\Binn\;C:\Program Files (x86)\Microsoft SQL Server\150\Tools\Binn\;C:\Program Files\Microsoft SQL Server\150\Tools\Binn\;C:\Program Files\Microsoft SQL Server\150\DTS\Binn\;C:\Program Files\Git\cmd;C:\Program Files\Microsoft SQL Server\Client SDK\ODBC\110\Tools\Binn\;C:\Program Files (x86)\Microsoft SQL Server\120\Tools\Binn\;C:\Program Files\Microsoft SQL Server\120\Tools\Binn\;C:\Program Files\Microsoft SQL Server\120\DTS\Binn\;C:\Program Files (x86)\Microsoft SQL Server\120\Tools\Binn\ManagementStudio\;C:\Program Files (x86)\Microsoft SQL Server\120\DTS\Binn\;C:\Program Files\PuTTY\;C:\Program Files\MySQL\MySQL Server 8.0\bin;C:\Program Files\MySQL\MySQL Shell 8.0\bin\;C:\Users\Admin\AppData\Local\Programs\Python\Python311\Scripts\;C:\Users\Admin\AppData\Local\Programs\Python\Python311\;C:\Users\Admin\AppData\Local\Programs\Eclipse Adoptium\jdk-17.0.6.10-hotspot\bin;C:\Users\Admin\AppData\Local\Microsoft\WindowsApps;C:\Users\Admin\AppData\Local\Programs\Microsoft VS Code\bin
USERNAME=Admin
OS=Windows_NT
PROCESSOR_IDENTIFIER=Intel64 Family 6 Model 165 Stepping 2, GenuineIntel
TMP=C:\Users\Admin\AppData\Local\Temp
TEMP=C:\Users\Admin\AppData\Local\Temp



---------------  S Y S T E M  ---------------

OS:
 Windows 11 , 64 bit Build 22621 (10.0.22621.2506)
OS uptime: 1 days 16:16 hours

CPU: total 8 (initial active 8) (4 cores per cpu, 2 threads per core) family 6 model 165 stepping 2 microcode 0xe0, cx8, cmov, fxsr, ht, mmx, 3dnowpref, sse, sse2, sse3, ssse3, sse4.1, sse4.2, popcnt, lzcnt, tsc, tscinvbit, avx, avx2, aes, erms, clmul, bmi1, bmi2, adx, fma, vzeroupper, clflush, clflushopt

Memory: 4k page, system-wide physical 7979M (737M free)
TotalPageFile size 21947M (AvailPageFile size 5M)
current process WorkingSet (physical memory assigned to process): 105M, peak: 105M
current process commit charge ("private bytes"): 155M, peak: 156M

vm_info: OpenJDK 64-Bit Server VM (17.0.6+10) for windows-amd64 JRE (17.0.6+10), built on Jan 18 2023 10:08:59 by "temurin" with MS VC++ 16.7 (VS2019)

END.
