#
# There is insufficient memory for the Java Runtime Environment to continue.
# Native memory allocation (malloc) failed to allocate 740976 bytes for Chunk::new
# Possible reasons:
#   The system is out of physical RAM or swap space
#   The process is running with CompressedOops enabled, and the Java Heap may be blocking the growth of the native heap
# Possible solutions:
#   Reduce memory load on the system
#   Increase physical memory or swap space
#   Check if swap backing store is full
#   Decrease Java heap size (-Xmx/-Xms)
#   Decrease number of Java threads
#   Decrease Java thread stack sizes (-Xss)
#   Set larger code cache with -XX:ReservedCodeCacheSize=
#   JVM is running with Unscaled Compressed Oops mode in which the Java heap is
#     placed in the first 4GB address space. The Java Heap base address is the
#     maximum limit for the native heap growth. Please use -XX:HeapBaseMinAddress
#     to set the Java Heap base and to place the Java Heap above 4GB virtual address.
# This output file may be truncated or incomplete.
#
#  Out of Memory Error (arena.cpp:189), pid=21840, tid=3396
#
# JRE version: OpenJDK Runtime Environment Temurin-17.0.6+10 (17.0.6+10) (build 17.0.6+10)
# Java VM: OpenJDK 64-Bit Server VM Temurin-17.0.6+10 (17.0.6+10, mixed mode, sharing, tiered, compressed oops, compressed class ptrs, g1 gc, windows-amd64)
# No core dump will be written. Minidumps are not enabled by default on client versions of Windows
#

---------------  S U M M A R Y ------------

Command Line: -Dfile.encoding=UTF-8 seller.SellProduct

Host: Intel(R) Core(TM) i5-10300H CPU @ 2.50GHz, 8 cores, 7G,  Windows 11 , 64 bit Build 22621 (10.0.22621.2506)
Time: Sat Dec 16 03:59:32 2023 SE Asia Standard Time elapsed time: 2.143517 seconds (0d 0h 0m 2s)

---------------  T H R E A D  ---------------

Current thread (0x000001f0f60558b0):  JavaThread "C2 CompilerThread0" daemon [_thread_in_native, id=3396, stack(0x000000cfe6e00000,0x000000cfe6f00000)]


Current CompileTask:
C2:   2143 1919   !   4       sun.font.TrueTypeFont::getTableBuffer (215 bytes)

Stack: [0x000000cfe6e00000,0x000000cfe6f00000]
Native frames: (J=compiled Java code, j=interpreted, Vv=VM code, C=native code)
V  [jvm.dll+0x67741a]
V  [jvm.dll+0x834434]
V  [jvm.dll+0x835bde]
V  [jvm.dll+0x836243]
V  [jvm.dll+0x2457b5]
V  [jvm.dll+0xabafc]
V  [jvm.dll+0xac0cc]
V  [jvm.dll+0x3634e7]
V  [jvm.dll+0x1bbb82]
V  [jvm.dll+0x218749]
V  [jvm.dll+0x217a11]
V  [jvm.dll+0x1a3d0d]
V  [jvm.dll+0x22742a]
V  [jvm.dll+0x225565]
V  [jvm.dll+0x7ea2cb]
V  [jvm.dll+0x7e483a]
V  [jvm.dll+0x6762c5]
C  [ucrtbase.dll+0x29363]
C  [KERNEL32.DLL+0x1257d]
C  [ntdll.dll+0x5aa58]


---------------  P R O C E S S  ---------------

Threads class SMR info:
_java_thread_list=0x000001f0f830bc70, length=19, elements={
0x000001f0f603ccb0, 0x000001f0f603e130, 0x000001f0f604c7f0, 0x000001f0f604f2b0,
0x000001f0f604fc60, 0x000001f0f6050610, 0x000001f0f60558b0, 0x000001f0f605e360,
0x000001f0f606f170, 0x000001f0f6cd0810, 0x000001f0f6cd93b0, 0x000001f0f6ee8c60,
0x000001f0f6f0d020, 0x000001f0f6f0d4f0, 0x000001f0f6fb8270, 0x000001f0d5debfe0,
0x000001f0f8161980, 0x000001f0f808aa40, 0x000001f0f8192020
}

Java Threads: ( => current thread )
  0x000001f0f603ccb0 JavaThread "Reference Handler" daemon [_thread_blocked, id=16772, stack(0x000000cfe6800000,0x000000cfe6900000)]
  0x000001f0f603e130 JavaThread "Finalizer" daemon [_thread_blocked, id=6920, stack(0x000000cfe6900000,0x000000cfe6a00000)]
  0x000001f0f604c7f0 JavaThread "Signal Dispatcher" daemon [_thread_blocked, id=14400, stack(0x000000cfe6a00000,0x000000cfe6b00000)]
  0x000001f0f604f2b0 JavaThread "Attach Listener" daemon [_thread_blocked, id=25296, stack(0x000000cfe6b00000,0x000000cfe6c00000)]
  0x000001f0f604fc60 JavaThread "Service Thread" daemon [_thread_blocked, id=29104, stack(0x000000cfe6c00000,0x000000cfe6d00000)]
  0x000001f0f6050610 JavaThread "Monitor Deflation Thread" daemon [_thread_blocked, id=23352, stack(0x000000cfe6d00000,0x000000cfe6e00000)]
=>0x000001f0f60558b0 JavaThread "C2 CompilerThread0" daemon [_thread_in_native, id=3396, stack(0x000000cfe6e00000,0x000000cfe6f00000)]
  0x000001f0f605e360 JavaThread "C1 CompilerThread0" daemon [_thread_in_vm, id=26964, stack(0x000000cfe6f00000,0x000000cfe7000000)]
  0x000001f0f606f170 JavaThread "Sweeper thread" daemon [_thread_blocked, id=19044, stack(0x000000cfe7000000,0x000000cfe7100000)]
  0x000001f0f6cd0810 JavaThread "Notification Thread" daemon [_thread_blocked, id=19796, stack(0x000000cfe7100000,0x000000cfe7200000)]
  0x000001f0f6cd93b0 JavaThread "Common-Cleaner" daemon [_thread_blocked, id=5304, stack(0x000000cfe7300000,0x000000cfe7400000)]
  0x000001f0f6ee8c60 JavaThread "Java2D Disposer" daemon [_thread_blocked, id=3404, stack(0x000000cfe7400000,0x000000cfe7500000)]
  0x000001f0f6f0d020 JavaThread "AWT-Shutdown" [_thread_blocked, id=20768, stack(0x000000cfe7500000,0x000000cfe7600000)]
  0x000001f0f6f0d4f0 JavaThread "AWT-Windows" daemon [_thread_in_native, id=26604, stack(0x000000cfe7600000,0x000000cfe7700000)]
  0x000001f0f6fb8270 JavaThread "AWT-EventQueue-0" [_thread_in_Java, id=12872, stack(0x000000cfe7700000,0x000000cfe7800000)]
  0x000001f0d5debfe0 JavaThread "DestroyJavaVM" [_thread_blocked, id=30560, stack(0x000000cfe6100000,0x000000cfe6200000)]
  0x000001f0f8161980 JavaThread "mysql-cj-abandoned-connection-cleanup" daemon [_thread_blocked, id=14660, stack(0x000000cfe7800000,0x000000cfe7900000)]
  0x000001f0f808aa40 JavaThread "C2 CompilerThread1" daemon [_thread_in_native, id=27952, stack(0x000000cfe7900000,0x000000cfe7a00000)]
  0x000001f0f8192020 JavaThread "C2 CompilerThread2" daemon [_thread_in_native, id=7884, stack(0x000000cfe7a00000,0x000000cfe7b00000)]

Other Threads:
  0x000001f0f6035c90 VMThread "VM Thread" [stack: 0x000000cfe6700000,0x000000cfe6800000] [id=28152]
  0x000001f0f6cd3100 WatcherThread [stack: 0x000000cfe7200000,0x000000cfe7300000] [id=30524]
  0x000001f0d7e36d90 GCTaskThread "GC Thread#0" [stack: 0x000000cfe6200000,0x000000cfe6300000] [id=13736]
  0x000001f0f84c0f90 GCTaskThread "GC Thread#1" [stack: 0x000000cfe7e00000,0x000000cfe7f00000] [id=23428]
  0x000001f0f84c4800 GCTaskThread "GC Thread#2" [stack: 0x000000cfe7f00000,0x000000cfe8000000] [id=8636]
  0x000001f0f84c4ab0 GCTaskThread "GC Thread#3" [stack: 0x000000cfe8000000,0x000000cfe8100000] [id=30068]
  0x000001f0f84c5b90 GCTaskThread "GC Thread#4" [stack: 0x000000cfe8100000,0x000000cfe8200000] [id=29028]
  0x000001f0f84c6250 GCTaskThread "GC Thread#5" [stack: 0x000000cfe8200000,0x000000cfe8300000] [id=30708]
  0x000001f0f91c5940 GCTaskThread "GC Thread#6" [stack: 0x000000cfe8300000,0x000000cfe8400000] [id=29848]
  0x000001f0f91c5bf0 GCTaskThread "GC Thread#7" [stack: 0x000000cfe8400000,0x000000cfe8500000] [id=29804]
  0x000001f0d7e47650 ConcurrentGCThread "G1 Main Marker" [stack: 0x000000cfe6300000,0x000000cfe6400000] [id=27176]
  0x000001f0d7e48800 ConcurrentGCThread "G1 Conc#0" [stack: 0x000000cfe6400000,0x000000cfe6500000] [id=28376]
  0x000001f0f5ef24c0 ConcurrentGCThread "G1 Refine#0" [stack: 0x000000cfe6500000,0x000000cfe6600000] [id=10340]
  0x000001f0f6edead0 ConcurrentGCThread "G1 Refine#1" [stack: 0x000000cfe8500000,0x000000cfe8600000] [id=27972]
  0x000001f0f6f54320 ConcurrentGCThread "G1 Refine#2" [stack: 0x000000cfe8600000,0x000000cfe8700000] [id=14816]
  0x000001f0f84ce670 ConcurrentGCThread "G1 Refine#3" [stack: 0x000000cfe8700000,0x000000cfe8800000] [id=29468]
  0x000001f0f5ef2ee0 ConcurrentGCThread "G1 Service" [stack: 0x000000cfe6600000,0x000000cfe6700000] [id=2836]

Threads with active compile tasks:
C2 CompilerThread0     2193 1919   !   4       sun.font.TrueTypeFont::getTableBuffer (215 bytes)
C1 CompilerThread0     2194 2019       3       sun.util.locale.StringTokenIterator::nextDelimiter (116 bytes)
C2 CompilerThread1     2194 1985       4       com.sun.crypto.provider.AESCrypt::implEncryptBlock (953 bytes)
C2 CompilerThread2     2194 1929       4       sun.font.TrueTypeFont::initAllNames (182 bytes)

VM state: not at safepoint (normal execution)

VM Mutex/Monitor currently owned by a thread: None

Heap address: 0x0000000083400000, size: 1996 MB, Compressed Oops mode: 32-bit

CDS archive(s) mapped at: [0x0000000800000000-0x0000000800bc0000-0x0000000800bc0000), size 12320768, SharedBaseAddress: 0x0000000800000000, ArchiveRelocationMode: 0.
Compressed class space mapped at: 0x0000000800c00000-0x0000000840c00000, reserved size: 1073741824
Narrow klass base: 0x0000000800000000, Narrow klass shift: 0, Narrow klass range: 0x100000000

GC Precious Log:
 CPUs: 8 total, 8 available
 Memory: 7979M
 Large Page Support: Disabled
 NUMA Support: Disabled
 Compressed Oops: Enabled (32-bit)
 Heap Region Size: 1M
 Heap Min Capacity: 8M
 Heap Initial Capacity: 126M
 Heap Max Capacity: 1996M
 Pre-touch: Disabled
 Parallel Workers: 8
 Concurrent Workers: 2
 Concurrent Refinement Workers: 8
 Periodic GC: Disabled

Heap:
 garbage-first heap   total 129024K, used 11937K [0x0000000083400000, 0x0000000100000000)
  region size 1024K, 10 young (10240K), 3 survivors (3072K)
 Metaspace       used 18166K, committed 18368K, reserved 1064960K
  class space    used 2097K, committed 2240K, reserved 1048576K

Heap Regions: E=young(eden), S=young(survivor), O=old, HS=humongous(starts), HC=humongous(continues), CS=collection set, F=free, OA=open archive, CA=closed archive, TAMS=top-at-mark-start (previous, next)
|   0|0x0000000083400000, 0x0000000083500000, 0x0000000083500000|100%| O|  |TAMS 0x0000000083400000, 0x0000000083400000| Untracked 
|   1|0x0000000083500000, 0x0000000083600000, 0x0000000083600000|100%| O|  |TAMS 0x0000000083500000, 0x0000000083500000| Untracked 
|   2|0x0000000083600000, 0x00000000836a8600, 0x0000000083700000| 65%| O|  |TAMS 0x0000000083600000, 0x0000000083600000| Untracked 
|   3|0x0000000083700000, 0x0000000083700000, 0x0000000083800000|  0%| F|  |TAMS 0x0000000083700000, 0x0000000083700000| Untracked 
|   4|0x0000000083800000, 0x0000000083800000, 0x0000000083900000|  0%| F|  |TAMS 0x0000000083800000, 0x0000000083800000| Untracked 
|   5|0x0000000083900000, 0x0000000083900000, 0x0000000083a00000|  0%| F|  |TAMS 0x0000000083900000, 0x0000000083900000| Untracked 
|   6|0x0000000083a00000, 0x0000000083a00000, 0x0000000083b00000|  0%| F|  |TAMS 0x0000000083a00000, 0x0000000083a00000| Untracked 
|   7|0x0000000083b00000, 0x0000000083b00000, 0x0000000083c00000|  0%| F|  |TAMS 0x0000000083b00000, 0x0000000083b00000| Untracked 
|   8|0x0000000083c00000, 0x0000000083c00000, 0x0000000083d00000|  0%| F|  |TAMS 0x0000000083c00000, 0x0000000083c00000| Untracked 
|   9|0x0000000083d00000, 0x0000000083d00000, 0x0000000083e00000|  0%| F|  |TAMS 0x0000000083d00000, 0x0000000083d00000| Untracked 
|  10|0x0000000083e00000, 0x0000000083e00000, 0x0000000083f00000|  0%| F|  |TAMS 0x0000000083e00000, 0x0000000083e00000| Untracked 
|  11|0x0000000083f00000, 0x0000000083f00000, 0x0000000084000000|  0%| F|  |TAMS 0x0000000083f00000, 0x0000000083f00000| Untracked 
|  12|0x0000000084000000, 0x0000000084000000, 0x0000000084100000|  0%| F|  |TAMS 0x0000000084000000, 0x0000000084000000| Untracked 
|  13|0x0000000084100000, 0x0000000084100000, 0x0000000084200000|  0%| F|  |TAMS 0x0000000084100000, 0x0000000084100000| Untracked 
|  14|0x0000000084200000, 0x0000000084200000, 0x0000000084300000|  0%| F|  |TAMS 0x0000000084200000, 0x0000000084200000| Untracked 
|  15|0x0000000084300000, 0x0000000084300000, 0x0000000084400000|  0%| F|  |TAMS 0x0000000084300000, 0x0000000084300000| Untracked 
|  16|0x0000000084400000, 0x0000000084400000, 0x0000000084500000|  0%| F|  |TAMS 0x0000000084400000, 0x0000000084400000| Untracked 
|  17|0x0000000084500000, 0x0000000084500000, 0x0000000084600000|  0%| F|  |TAMS 0x0000000084500000, 0x0000000084500000| Untracked 
|  18|0x0000000084600000, 0x0000000084600000, 0x0000000084700000|  0%| F|  |TAMS 0x0000000084600000, 0x0000000084600000| Untracked 
|  19|0x0000000084700000, 0x0000000084700000, 0x0000000084800000|  0%| F|  |TAMS 0x0000000084700000, 0x0000000084700000| Untracked 
|  20|0x0000000084800000, 0x0000000084800000, 0x0000000084900000|  0%| F|  |TAMS 0x0000000084800000, 0x0000000084800000| Untracked 
|  21|0x0000000084900000, 0x0000000084900000, 0x0000000084a00000|  0%| F|  |TAMS 0x0000000084900000, 0x0000000084900000| Untracked 
|  22|0x0000000084a00000, 0x0000000084a00000, 0x0000000084b00000|  0%| F|  |TAMS 0x0000000084a00000, 0x0000000084a00000| Untracked 
|  23|0x0000000084b00000, 0x0000000084b00000, 0x0000000084c00000|  0%| F|  |TAMS 0x0000000084b00000, 0x0000000084b00000| Untracked 
|  24|0x0000000084c00000, 0x0000000084c00000, 0x0000000084d00000|  0%| F|  |TAMS 0x0000000084c00000, 0x0000000084c00000| Untracked 
|  25|0x0000000084d00000, 0x0000000084d00000, 0x0000000084e00000|  0%| F|  |TAMS 0x0000000084d00000, 0x0000000084d00000| Untracked 
|  26|0x0000000084e00000, 0x0000000084e00000, 0x0000000084f00000|  0%| F|  |TAMS 0x0000000084e00000, 0x0000000084e00000| Untracked 
|  27|0x0000000084f00000, 0x0000000084f00000, 0x0000000085000000|  0%| F|  |TAMS 0x0000000084f00000, 0x0000000084f00000| Untracked 
|  28|0x0000000085000000, 0x0000000085000000, 0x0000000085100000|  0%| F|  |TAMS 0x0000000085000000, 0x0000000085000000| Untracked 
|  29|0x0000000085100000, 0x0000000085100000, 0x0000000085200000|  0%| F|  |TAMS 0x0000000085100000, 0x0000000085100000| Untracked 
|  30|0x0000000085200000, 0x0000000085200000, 0x0000000085300000|  0%| F|  |TAMS 0x0000000085200000, 0x0000000085200000| Untracked 
|  31|0x0000000085300000, 0x0000000085300000, 0x0000000085400000|  0%| F|  |TAMS 0x0000000085300000, 0x0000000085300000| Untracked 
|  32|0x0000000085400000, 0x0000000085400000, 0x0000000085500000|  0%| F|  |TAMS 0x0000000085400000, 0x0000000085400000| Untracked 
|  33|0x0000000085500000, 0x0000000085500000, 0x0000000085600000|  0%| F|  |TAMS 0x0000000085500000, 0x0000000085500000| Untracked 
|  34|0x0000000085600000, 0x0000000085600000, 0x0000000085700000|  0%| F|  |TAMS 0x0000000085600000, 0x0000000085600000| Untracked 
|  35|0x0000000085700000, 0x0000000085700000, 0x0000000085800000|  0%| F|  |TAMS 0x0000000085700000, 0x0000000085700000| Untracked 
|  36|0x0000000085800000, 0x0000000085800000, 0x0000000085900000|  0%| F|  |TAMS 0x0000000085800000, 0x0000000085800000| Untracked 
|  37|0x0000000085900000, 0x0000000085900000, 0x0000000085a00000|  0%| F|  |TAMS 0x0000000085900000, 0x0000000085900000| Untracked 
|  38|0x0000000085a00000, 0x0000000085a00000, 0x0000000085b00000|  0%| F|  |TAMS 0x0000000085a00000, 0x0000000085a00000| Untracked 
|  39|0x0000000085b00000, 0x0000000085b00000, 0x0000000085c00000|  0%| F|  |TAMS 0x0000000085b00000, 0x0000000085b00000| Untracked 
|  40|0x0000000085c00000, 0x0000000085c00000, 0x0000000085d00000|  0%| F|  |TAMS 0x0000000085c00000, 0x0000000085c00000| Untracked 
|  41|0x0000000085d00000, 0x0000000085d00000, 0x0000000085e00000|  0%| F|  |TAMS 0x0000000085d00000, 0x0000000085d00000| Untracked 
|  42|0x0000000085e00000, 0x0000000085e00000, 0x0000000085f00000|  0%| F|  |TAMS 0x0000000085e00000, 0x0000000085e00000| Untracked 
|  43|0x0000000085f00000, 0x0000000085f00000, 0x0000000086000000|  0%| F|  |TAMS 0x0000000085f00000, 0x0000000085f00000| Untracked 
|  44|0x0000000086000000, 0x0000000086000000, 0x0000000086100000|  0%| F|  |TAMS 0x0000000086000000, 0x0000000086000000| Untracked 
|  45|0x0000000086100000, 0x0000000086100000, 0x0000000086200000|  0%| F|  |TAMS 0x0000000086100000, 0x0000000086100000| Untracked 
|  46|0x0000000086200000, 0x0000000086200000, 0x0000000086300000|  0%| F|  |TAMS 0x0000000086200000, 0x0000000086200000| Untracked 
|  47|0x0000000086300000, 0x0000000086300000, 0x0000000086400000|  0%| F|  |TAMS 0x0000000086300000, 0x0000000086300000| Untracked 
|  48|0x0000000086400000, 0x0000000086400000, 0x0000000086500000|  0%| F|  |TAMS 0x0000000086400000, 0x0000000086400000| Untracked 
|  49|0x0000000086500000, 0x0000000086500000, 0x0000000086600000|  0%| F|  |TAMS 0x0000000086500000, 0x0000000086500000| Untracked 
|  50|0x0000000086600000, 0x0000000086600000, 0x0000000086700000|  0%| F|  |TAMS 0x0000000086600000, 0x0000000086600000| Untracked 
|  51|0x0000000086700000, 0x0000000086700000, 0x0000000086800000|  0%| F|  |TAMS 0x0000000086700000, 0x0000000086700000| Untracked 
|  52|0x0000000086800000, 0x0000000086800000, 0x0000000086900000|  0%| F|  |TAMS 0x0000000086800000, 0x0000000086800000| Untracked 
|  53|0x0000000086900000, 0x0000000086900000, 0x0000000086a00000|  0%| F|  |TAMS 0x0000000086900000, 0x0000000086900000| Untracked 
|  54|0x0000000086a00000, 0x0000000086a00000, 0x0000000086b00000|  0%| F|  |TAMS 0x0000000086a00000, 0x0000000086a00000| Untracked 
|  55|0x0000000086b00000, 0x0000000086b00000, 0x0000000086c00000|  0%| F|  |TAMS 0x0000000086b00000, 0x0000000086b00000| Untracked 
|  56|0x0000000086c00000, 0x0000000086c00000, 0x0000000086d00000|  0%| F|  |TAMS 0x0000000086c00000, 0x0000000086c00000| Untracked 
|  57|0x0000000086d00000, 0x0000000086d00000, 0x0000000086e00000|  0%| F|  |TAMS 0x0000000086d00000, 0x0000000086d00000| Untracked 
|  58|0x0000000086e00000, 0x0000000086e00000, 0x0000000086f00000|  0%| F|  |TAMS 0x0000000086e00000, 0x0000000086e00000| Untracked 
|  59|0x0000000086f00000, 0x0000000086f00000, 0x0000000087000000|  0%| F|  |TAMS 0x0000000086f00000, 0x0000000086f00000| Untracked 
|  60|0x0000000087000000, 0x0000000087000000, 0x0000000087100000|  0%| F|  |TAMS 0x0000000087000000, 0x0000000087000000| Untracked 
|  61|0x0000000087100000, 0x0000000087100000, 0x0000000087200000|  0%| F|  |TAMS 0x0000000087100000, 0x0000000087100000| Untracked 
|  62|0x0000000087200000, 0x0000000087200000, 0x0000000087300000|  0%| F|  |TAMS 0x0000000087200000, 0x0000000087200000| Untracked 
|  63|0x0000000087300000, 0x0000000087300000, 0x0000000087400000|  0%| F|  |TAMS 0x0000000087300000, 0x0000000087300000| Untracked 
|  64|0x0000000087400000, 0x0000000087400000, 0x0000000087500000|  0%| F|  |TAMS 0x0000000087400000, 0x0000000087400000| Untracked 
|  65|0x0000000087500000, 0x0000000087500000, 0x0000000087600000|  0%| F|  |TAMS 0x0000000087500000, 0x0000000087500000| Untracked 
|  66|0x0000000087600000, 0x0000000087600000, 0x0000000087700000|  0%| F|  |TAMS 0x0000000087600000, 0x0000000087600000| Untracked 
|  67|0x0000000087700000, 0x0000000087700000, 0x0000000087800000|  0%| F|  |TAMS 0x0000000087700000, 0x0000000087700000| Untracked 
|  68|0x0000000087800000, 0x0000000087800000, 0x0000000087900000|  0%| F|  |TAMS 0x0000000087800000, 0x0000000087800000| Untracked 
|  69|0x0000000087900000, 0x0000000087900000, 0x0000000087a00000|  0%| F|  |TAMS 0x0000000087900000, 0x0000000087900000| Untracked 
|  70|0x0000000087a00000, 0x0000000087a00000, 0x0000000087b00000|  0%| F|  |TAMS 0x0000000087a00000, 0x0000000087a00000| Untracked 
|  71|0x0000000087b00000, 0x0000000087b00000, 0x0000000087c00000|  0%| F|  |TAMS 0x0000000087b00000, 0x0000000087b00000| Untracked 
|  72|0x0000000087c00000, 0x0000000087c00000, 0x0000000087d00000|  0%| F|  |TAMS 0x0000000087c00000, 0x0000000087c00000| Untracked 
|  73|0x0000000087d00000, 0x0000000087d00000, 0x0000000087e00000|  0%| F|  |TAMS 0x0000000087d00000, 0x0000000087d00000| Untracked 
|  74|0x0000000087e00000, 0x0000000087e00000, 0x0000000087f00000|  0%| F|  |TAMS 0x0000000087e00000, 0x0000000087e00000| Untracked 
|  75|0x0000000087f00000, 0x0000000087f00000, 0x0000000088000000|  0%| F|  |TAMS 0x0000000087f00000, 0x0000000087f00000| Untracked 
|  76|0x0000000088000000, 0x0000000088000000, 0x0000000088100000|  0%| F|  |TAMS 0x0000000088000000, 0x0000000088000000| Untracked 
|  77|0x0000000088100000, 0x0000000088100000, 0x0000000088200000|  0%| F|  |TAMS 0x0000000088100000, 0x0000000088100000| Untracked 
|  78|0x0000000088200000, 0x0000000088200000, 0x0000000088300000|  0%| F|  |TAMS 0x0000000088200000, 0x0000000088200000| Untracked 
|  79|0x0000000088300000, 0x0000000088300000, 0x0000000088400000|  0%| F|  |TAMS 0x0000000088300000, 0x0000000088300000| Untracked 
|  80|0x0000000088400000, 0x0000000088400000, 0x0000000088500000|  0%| F|  |TAMS 0x0000000088400000, 0x0000000088400000| Untracked 
|  81|0x0000000088500000, 0x0000000088500000, 0x0000000088600000|  0%| F|  |TAMS 0x0000000088500000, 0x0000000088500000| Untracked 
|  82|0x0000000088600000, 0x0000000088600000, 0x0000000088700000|  0%| F|  |TAMS 0x0000000088600000, 0x0000000088600000| Untracked 
|  83|0x0000000088700000, 0x0000000088700000, 0x0000000088800000|  0%| F|  |TAMS 0x0000000088700000, 0x0000000088700000| Untracked 
|  84|0x0000000088800000, 0x0000000088800000, 0x0000000088900000|  0%| F|  |TAMS 0x0000000088800000, 0x0000000088800000| Untracked 
|  85|0x0000000088900000, 0x0000000088900000, 0x0000000088a00000|  0%| F|  |TAMS 0x0000000088900000, 0x0000000088900000| Untracked 
|  86|0x0000000088a00000, 0x0000000088a00000, 0x0000000088b00000|  0%| F|  |TAMS 0x0000000088a00000, 0x0000000088a00000| Untracked 
|  87|0x0000000088b00000, 0x0000000088b00000, 0x0000000088c00000|  0%| F|  |TAMS 0x0000000088b00000, 0x0000000088b00000| Untracked 
|  88|0x0000000088c00000, 0x0000000088c00000, 0x0000000088d00000|  0%| F|  |TAMS 0x0000000088c00000, 0x0000000088c00000| Untracked 
|  89|0x0000000088d00000, 0x0000000088d00000, 0x0000000088e00000|  0%| F|  |TAMS 0x0000000088d00000, 0x0000000088d00000| Untracked 
|  90|0x0000000088e00000, 0x0000000088e00000, 0x0000000088f00000|  0%| F|  |TAMS 0x0000000088e00000, 0x0000000088e00000| Untracked 
|  91|0x0000000088f00000, 0x0000000088f00000, 0x0000000089000000|  0%| F|  |TAMS 0x0000000088f00000, 0x0000000088f00000| Untracked 
|  92|0x0000000089000000, 0x0000000089000000, 0x0000000089100000|  0%| F|  |TAMS 0x0000000089000000, 0x0000000089000000| Untracked 
|  93|0x0000000089100000, 0x0000000089100000, 0x0000000089200000|  0%| F|  |TAMS 0x0000000089100000, 0x0000000089100000| Untracked 
|  94|0x0000000089200000, 0x0000000089200000, 0x0000000089300000|  0%| F|  |TAMS 0x0000000089200000, 0x0000000089200000| Untracked 
|  95|0x0000000089300000, 0x0000000089300000, 0x0000000089400000|  0%| F|  |TAMS 0x0000000089300000, 0x0000000089300000| Untracked 
|  96|0x0000000089400000, 0x0000000089400000, 0x0000000089500000|  0%| F|  |TAMS 0x0000000089400000, 0x0000000089400000| Untracked 
|  97|0x0000000089500000, 0x0000000089500000, 0x0000000089600000|  0%| F|  |TAMS 0x0000000089500000, 0x0000000089500000| Untracked 
|  98|0x0000000089600000, 0x0000000089600000, 0x0000000089700000|  0%| F|  |TAMS 0x0000000089600000, 0x0000000089600000| Untracked 
|  99|0x0000000089700000, 0x0000000089700000, 0x0000000089800000|  0%| F|  |TAMS 0x0000000089700000, 0x0000000089700000| Untracked 
| 100|0x0000000089800000, 0x0000000089900000, 0x0000000089900000|100%| S|CS|TAMS 0x0000000089800000, 0x0000000089800000| Complete 
| 101|0x0000000089900000, 0x0000000089a00000, 0x0000000089a00000|100%| S|CS|TAMS 0x0000000089900000, 0x0000000089900000| Complete 
| 102|0x0000000089a00000, 0x0000000089b00000, 0x0000000089b00000|100%| S|CS|TAMS 0x0000000089a00000, 0x0000000089a00000| Complete 
| 103|0x0000000089b00000, 0x0000000089b00000, 0x0000000089c00000|  0%| F|  |TAMS 0x0000000089b00000, 0x0000000089b00000| Untracked 
| 104|0x0000000089c00000, 0x0000000089c00000, 0x0000000089d00000|  0%| F|  |TAMS 0x0000000089c00000, 0x0000000089c00000| Untracked 
| 105|0x0000000089d00000, 0x0000000089d00000, 0x0000000089e00000|  0%| F|  |TAMS 0x0000000089d00000, 0x0000000089d00000| Untracked 
| 106|0x0000000089e00000, 0x0000000089e00000, 0x0000000089f00000|  0%| F|  |TAMS 0x0000000089e00000, 0x0000000089e00000| Untracked 
| 107|0x0000000089f00000, 0x0000000089f00000, 0x000000008a000000|  0%| F|  |TAMS 0x0000000089f00000, 0x0000000089f00000| Untracked 
| 108|0x000000008a000000, 0x000000008a000000, 0x000000008a100000|  0%| F|  |TAMS 0x000000008a000000, 0x000000008a000000| Untracked 
| 109|0x000000008a100000, 0x000000008a100000, 0x000000008a200000|  0%| F|  |TAMS 0x000000008a100000, 0x000000008a100000| Untracked 
| 110|0x000000008a200000, 0x000000008a200000, 0x000000008a300000|  0%| F|  |TAMS 0x000000008a200000, 0x000000008a200000| Untracked 
| 111|0x000000008a300000, 0x000000008a300000, 0x000000008a400000|  0%| F|  |TAMS 0x000000008a300000, 0x000000008a300000| Untracked 
| 112|0x000000008a400000, 0x000000008a400000, 0x000000008a500000|  0%| F|  |TAMS 0x000000008a400000, 0x000000008a400000| Untracked 
| 113|0x000000008a500000, 0x000000008a500000, 0x000000008a600000|  0%| F|  |TAMS 0x000000008a500000, 0x000000008a500000| Untracked 
| 114|0x000000008a600000, 0x000000008a600000, 0x000000008a700000|  0%| F|  |TAMS 0x000000008a600000, 0x000000008a600000| Untracked 
| 115|0x000000008a700000, 0x000000008a700000, 0x000000008a800000|  0%| F|  |TAMS 0x000000008a700000, 0x000000008a700000| Untracked 
| 116|0x000000008a800000, 0x000000008a800000, 0x000000008a900000|  0%| F|  |TAMS 0x000000008a800000, 0x000000008a800000| Untracked 
| 117|0x000000008a900000, 0x000000008a900000, 0x000000008aa00000|  0%| F|  |TAMS 0x000000008a900000, 0x000000008a900000| Untracked 
| 118|0x000000008aa00000, 0x000000008aa00000, 0x000000008ab00000|  0%| F|  |TAMS 0x000000008aa00000, 0x000000008aa00000| Untracked 
| 119|0x000000008ab00000, 0x000000008ab75d88, 0x000000008ac00000| 46%| E|  |TAMS 0x000000008ab00000, 0x000000008ab00000| Complete 
| 120|0x000000008ac00000, 0x000000008ad00000, 0x000000008ad00000|100%| E|CS|TAMS 0x000000008ac00000, 0x000000008ac00000| Complete 
| 121|0x000000008ad00000, 0x000000008ae00000, 0x000000008ae00000|100%| E|CS|TAMS 0x000000008ad00000, 0x000000008ad00000| Complete 
| 122|0x000000008ae00000, 0x000000008af00000, 0x000000008af00000|100%| E|CS|TAMS 0x000000008ae00000, 0x000000008ae00000| Complete 
| 123|0x000000008af00000, 0x000000008b000000, 0x000000008b000000|100%| E|CS|TAMS 0x000000008af00000, 0x000000008af00000| Complete 
| 124|0x000000008b000000, 0x000000008b100000, 0x000000008b100000|100%| E|CS|TAMS 0x000000008b000000, 0x000000008b000000| Complete 
| 125|0x000000008b100000, 0x000000008b200000, 0x000000008b200000|100%| E|CS|TAMS 0x000000008b100000, 0x000000008b100000| Complete 

Card table byte_map: [0x000001f0eeff0000,0x000001f0ef3e0000] _byte_map_base: 0x000001f0eebd6000

Marking Bits (Prev, Next): (CMBitMap*) 0x000001f0d7e373a0, (CMBitMap*) 0x000001f0d7e373e0
 Prev Bits: [0x000001f0ef7d0000, 0x000001f0f1700000)
 Next Bits: [0x000001f0f1700000, 0x000001f0f3630000)

Polling page: 0x000001f0d75a0000

Metaspace:

Usage:
  Non-class:     15.70 MB used.
      Class:      2.05 MB used.
       Both:     17.75 MB used.

Virtual space:
  Non-class space:       16.00 MB reserved,      15.81 MB ( 99%) committed,  2 nodes.
      Class space:        1.00 GB reserved,       2.19 MB ( <1%) committed,  1 nodes.
             Both:        1.02 GB reserved,      18.00 MB (  2%) committed. 

Chunk freelists:
   Non-Class:  128.00 KB
       Class:  1.72 MB
        Both:  1.84 MB

MaxMetaspaceSize: unlimited
CompressedClassSpaceSize: 1.00 GB
Initial GC threshold: 21.00 MB
Current GC threshold: 21.00 MB
CDS: on
MetaspaceReclaimPolicy: balanced
 - commit_granule_bytes: 65536.
 - commit_granule_words: 8192.
 - virtual_space_node_default_size: 1048576.
 - enlarge_chunks_in_place: 1.
 - new_chunks_are_fully_committed: 0.
 - uncommit_free_chunks: 1.
 - use_allocation_guard: 0.
 - handle_deallocations: 1.


Internal statistics:

num_allocs_failed_limit: 0.
num_arena_births: 154.
num_arena_deaths: 0.
num_vsnodes_births: 3.
num_vsnodes_deaths: 0.
num_space_committed: 288.
num_space_uncommitted: 0.
num_chunks_returned_to_freelist: 0.
num_chunks_taken_from_freelist: 359.
num_chunk_merges: 0.
num_chunk_splits: 210.
num_chunks_enlarged: 115.
num_purges: 0.
num_inconsistent_stats: 0.

CodeHeap 'non-profiled nmethods': size=120000Kb used=678Kb max_used=678Kb free=119321Kb
 bounds [0x000001f0e7390000, 0x000001f0e7600000, 0x000001f0ee8c0000]
CodeHeap 'profiled nmethods': size=120000Kb used=3726Kb max_used=3726Kb free=116273Kb
 bounds [0x000001f0df8c0000, 0x000001f0dfc70000, 0x000001f0e6df0000]
CodeHeap 'non-nmethods': size=5760Kb used=1353Kb max_used=1372Kb free=4406Kb
 bounds [0x000001f0e6df0000, 0x000001f0e7060000, 0x000001f0e7390000]
 total_blobs=2715 nmethods=2020 adapters=607
 compilation: enabled
              stopped_count=0, restarted_count=0
 full_count=0

Compilation events (20 events):
Event: 2.131 Thread 0x000001f0f605e360 nmethod 1945 0x000001f0dfc40690 code [0x000001f0dfc40820, 0x000001f0dfc40998]
Event: 2.133 Thread 0x000001f0f808aa40 nmethod 1946 0x000001f0e7433a10 code [0x000001f0e7433b80, 0x000001f0e7433c98]
Event: 2.137 Thread 0x000001f0f605e360 1947       1       java.awt.Component::isEnabledImpl (5 bytes)
Event: 2.137 Thread 0x000001f0f605e360 nmethod 1947 0x000001f0e7433e90 code [0x000001f0e7434020, 0x000001f0e74340f8]
Event: 2.137 Thread 0x000001f0f605e360 1948       3       sun.font.FontDesignMetrics::getLatinCharWidth (29 bytes)
Event: 2.137 Thread 0x000001f0f605e360 nmethod 1948 0x000001f0dfc40a90 code [0x000001f0dfc40c60, 0x000001f0dfc40f68]
Event: 2.137 Thread 0x000001f0f605e360 1949       3       sun.awt.SunHints$Value::hashCode (5 bytes)
Event: 2.137 Thread 0x000001f0f605e360 nmethod 1949 0x000001f0dfc41110 code [0x000001f0dfc412a0, 0x000001f0dfc413c8]
Event: 2.137 Thread 0x000001f0f605e360 1951       3       javax.swing.GroupLayout$Group::getSpring (14 bytes)
Event: 2.138 Thread 0x000001f0f808aa40 1953       4       java.util.HashMap::get (19 bytes)
Event: 2.138 Thread 0x000001f0f605e360 nmethod 1951 0x000001f0dfc41490 code [0x000001f0dfc41640, 0x000001f0dfc41908]
Event: 2.138 Thread 0x000001f0f605e360 1950       1       javax.swing.GroupLayout$ComponentInfo::isVisible (5 bytes)
Event: 2.138 Thread 0x000001f0f605e360 nmethod 1950 0x000001f0e7434190 code [0x000001f0e7434320, 0x000001f0e74343f8]
Event: 2.138 Thread 0x000001f0f605e360 1952       1       java.awt.Component::getGraphicsConfiguration_NoClientCode (5 bytes)
Event: 2.138 Thread 0x000001f0f605e360 nmethod 1952 0x000001f0e7434490 code [0x000001f0e7434620, 0x000001f0e74346f8]
Event: 2.138 Thread 0x000001f0f605e360 1954       3       javax.swing.GroupLayout$Group::getSpringSize (62 bytes)
Event: 2.139 Thread 0x000001f0f605e360 nmethod 1954 0x000001f0dfc41a10 code [0x000001f0dfc41c40, 0x000001f0dfc427a8]
Event: 2.139 Thread 0x000001f0f605e360 1955       3       javax.swing.GroupLayout$SequentialGroup::operator (12 bytes)
Event: 2.140 Thread 0x000001f0f605e360 nmethod 1955 0x000001f0dfc42a10 code [0x000001f0dfc42bc0, 0x000001f0dfc42ff8]
Event: 2.140 Thread 0x000001f0f605e360 1956       3       javax.swing.GroupLayout$Spring::getPreferredSize (27 bytes)

GC Heap History (2 events):
Event: 1.987 GC heap before
{Heap before GC invocations=0 (full 0):
 garbage-first heap   total 129024K, used 23552K [0x0000000083400000, 0x0000000100000000)
  region size 1024K, 23 young (23552K), 0 survivors (0K)
 Metaspace       used 17852K, committed 18112K, reserved 1064960K
  class space    used 2066K, committed 2176K, reserved 1048576K
}
Event: 1.995 GC heap after
{Heap after GC invocations=1 (full 0):
 garbage-first heap   total 129024K, used 5793K [0x0000000083400000, 0x0000000100000000)
  region size 1024K, 3 young (3072K), 3 survivors (3072K)
 Metaspace       used 17852K, committed 18112K, reserved 1064960K
  class space    used 2066K, committed 2176K, reserved 1048576K
}

Dll operation events (10 events):
Event: 0.012 Loaded shared library C:\Users\Admin\AppData\Local\Programs\Eclipse Adoptium\jdk-17.0.6.10-hotspot\bin\java.dll
Event: 0.025 Loaded shared library C:\Users\Admin\AppData\Local\Programs\Eclipse Adoptium\jdk-17.0.6.10-hotspot\bin\jsvml.dll
Event: 0.079 Loaded shared library C:\Users\Admin\AppData\Local\Programs\Eclipse Adoptium\jdk-17.0.6.10-hotspot\bin\net.dll
Event: 0.082 Loaded shared library C:\Users\Admin\AppData\Local\Programs\Eclipse Adoptium\jdk-17.0.6.10-hotspot\bin\nio.dll
Event: 0.088 Loaded shared library C:\Users\Admin\AppData\Local\Programs\Eclipse Adoptium\jdk-17.0.6.10-hotspot\bin\zip.dll
Event: 0.131 Loaded shared library C:\Users\Admin\AppData\Local\Programs\Eclipse Adoptium\jdk-17.0.6.10-hotspot\bin\jimage.dll
Event: 0.165 Loaded shared library C:\Users\Admin\AppData\Local\Programs\Eclipse Adoptium\jdk-17.0.6.10-hotspot\bin\awt.dll
Event: 0.422 Loaded shared library C:\Users\Admin\AppData\Local\Programs\Eclipse Adoptium\jdk-17.0.6.10-hotspot\bin\freetype.dll
Event: 0.423 Loaded shared library C:\Users\Admin\AppData\Local\Programs\Eclipse Adoptium\jdk-17.0.6.10-hotspot\bin\fontmanager.dll
Event: 1.160 Loaded shared library C:\Users\Admin\AppData\Local\Programs\Eclipse Adoptium\jdk-17.0.6.10-hotspot\bin\sunmscapi.dll

Deoptimization events (20 events):
Event: 1.521 Thread 0x000001f0f6fb8270 Uncommon trap: trap_request=0xffffff45 fr.pc=0x000001f0e73f5e6c relative=0x000000000000024c
Event: 1.521 Thread 0x000001f0f6fb8270 Uncommon trap: reason=unstable_if action=reinterpret pc=0x000001f0e73f5e6c method=java.util.HashMap.getNode(Ljava/lang/Object;)Ljava/util/HashMap$Node; @ 85 c2
Event: 1.521 Thread 0x000001f0f6fb8270 DEOPT PACKING pc=0x000001f0e73f5e6c sp=0x000000cfe77fd890
Event: 1.521 Thread 0x000001f0f6fb8270 DEOPT UNPACKING pc=0x000001f0e6e469a3 sp=0x000000cfe77fd7a0 mode 2
Event: 1.833 Thread 0x000001f0f6fb8270 DEOPT PACKING pc=0x000001f0df9669be sp=0x000000cfe77fc060
Event: 1.833 Thread 0x000001f0f6fb8270 DEOPT UNPACKING pc=0x000001f0e6e47143 sp=0x000000cfe77fb4d8 mode 0
Event: 1.912 Thread 0x000001f0f6fb8270 DEOPT PACKING pc=0x000001f0dfa7f341 sp=0x000000cfe77fbf10
Event: 1.912 Thread 0x000001f0f6fb8270 DEOPT UNPACKING pc=0x000001f0e6e47143 sp=0x000000cfe77fb420 mode 0
Event: 1.981 Thread 0x000001f0f6fb8270 Uncommon trap: trap_request=0xffffff45 fr.pc=0x000001f0e7399c50 relative=0x00000000000001d0
Event: 1.981 Thread 0x000001f0f6fb8270 Uncommon trap: reason=unstable_if action=reinterpret pc=0x000001f0e7399c50 method=java.lang.String.hashCode()I @ 20 c2
Event: 1.981 Thread 0x000001f0f6fb8270 DEOPT PACKING pc=0x000001f0e7399c50 sp=0x000000cfe77fc3d0
Event: 1.981 Thread 0x000001f0f6fb8270 DEOPT UNPACKING pc=0x000001f0e6e469a3 sp=0x000000cfe77fc360 mode 2
Event: 1.983 Thread 0x000001f0f6fb8270 Uncommon trap: trap_request=0xffffff45 fr.pc=0x000001f0e73cd548 relative=0x0000000000000048
Event: 1.983 Thread 0x000001f0f6fb8270 Uncommon trap: reason=unstable_if action=reinterpret pc=0x000001f0e73cd548 method=java.lang.CharacterData.of(I)Ljava/lang/CharacterData; @ 4 c2
Event: 1.983 Thread 0x000001f0f6fb8270 DEOPT PACKING pc=0x000001f0e73cd548 sp=0x000000cfe77fc360
Event: 1.983 Thread 0x000001f0f6fb8270 DEOPT UNPACKING pc=0x000001f0e6e469a3 sp=0x000000cfe77fc2f8 mode 2
Event: 2.009 Thread 0x000001f0f6fb8270 Uncommon trap: trap_request=0xffffff45 fr.pc=0x000001f0e742b8e0 relative=0x0000000000000420
Event: 2.009 Thread 0x000001f0f6fb8270 Uncommon trap: reason=unstable_if action=reinterpret pc=0x000001f0e742b8e0 method=java.lang.Character.isSurrogate(C)Z @ 3 c2
Event: 2.009 Thread 0x000001f0f6fb8270 DEOPT PACKING pc=0x000001f0e742b8e0 sp=0x000000cfe77fc040
Event: 2.009 Thread 0x000001f0f6fb8270 DEOPT UNPACKING pc=0x000001f0e6e469a3 sp=0x000000cfe77fbf58 mode 2

Classes unloaded (0 events):
No events

Classes redefined (0 events):
No events

Internal exceptions (20 events):
Event: 0.471 Thread 0x000001f0d5debfe0 Exception <a 'java/lang/ClassNotFoundException'{0x000000008ad62090}: Tree> (0x000000008ad62090) 
thrown [s\src\hotspot\share\classfile\systemDictionary.cpp, line 256]
Event: 0.471 Thread 0x000001f0d5debfe0 Exception <a 'java/lang/ClassNotFoundException'{0x000000008ad62400}: javax/swing/JTreeCell> (0x000000008ad62400) 
thrown [s\src\hotspot\share\classfile\systemDictionary.cpp, line 256]
Event: 0.471 Thread 0x000001f0d5debfe0 Exception <a 'java/lang/ClassNotFoundException'{0x000000008ad62700}: TreeCell> (0x000000008ad62700) 
thrown [s\src\hotspot\share\classfile\systemDictionary.cpp, line 256]
Event: 0.472 Thread 0x000001f0d5debfe0 Exception <a 'java/lang/ClassNotFoundException'{0x000000008ad62ec0}: RootPane> (0x000000008ad62ec0) 
thrown [s\src\hotspot\share\classfile\systemDictionary.cpp, line 256]
Event: 0.474 Thread 0x000001f0d5debfe0 Exception <a 'java/lang/ClassNotFoundException'{0x000000008ad65d10}: com/sun/swing/internal/plaf/metal/resources/spi/metalProvider> (0x000000008ad65d10) 
thrown [s\src\hotspot\share\classfile\systemDictionary.cpp, line 256]
Event: 0.475 Thread 0x000001f0d5debfe0 Exception <a 'java/lang/ClassNotFoundException'{0x000000008ad69910}: com/sun/swing/internal/plaf/basic/resources/spi/basicProvider> (0x000000008ad69910) 
thrown [s\src\hotspot\share\classfile\systemDictionary.cpp, line 256]
Event: 0.520 Thread 0x000001f0f6fb8270 Exception <a 'java/lang/ClassNotFoundException'{0x000000008ac03e48}: com/sun/swing/internal/plaf/synth/resources/spi/synthProvider> (0x000000008ac03e48) 
thrown [s\src\hotspot\share\classfile\systemDictionary.cpp, line 256]
Event: 0.604 Thread 0x000001f0f6fb8270 Exception <a 'java/lang/NoSuchMethodError'{0x000000008ab9b5e0}: 'java.lang.Object java.lang.invoke.DirectMethodHandle$Holder.invokeInterface(java.lang.Object, java.lang.Object)'> (0x000000008ab9b5e0) 
thrown [s\src\hotspot\share\interpreter\linkResolver.cpp, line 759]
Event: 0.642 Thread 0x000001f0f6fb8270 Exception <a 'java/lang/NoSuchMethodError'{0x000000008aa206c8}: 'void java.lang.invoke.DirectMethodHandle$Holder.invokeStatic(java.lang.Object, java.lang.Object, java.lang.Object)'> (0x000000008aa206c8) 
thrown [s\src\hotspot\share\interpreter\linkResolver.cpp, line 759]
Event: 0.644 Thread 0x000001f0f6fb8270 Exception <a 'java/lang/NoSuchMethodError'{0x000000008aa2a990}: 'java.lang.Object java.lang.invoke.DirectMethodHandle$Holder.invokeVirtual(java.lang.Object, java.lang.Object, java.lang.Object)'> (0x000000008aa2a990) 
thrown [s\src\hotspot\share\interpreter\linkResolver.cpp, line 759]
Event: 0.771 Thread 0x000001f0f6fb8270 Exception <a 'java/lang/NoSuchMethodError'{0x000000008a732a38}: 'void java.lang.invoke.DirectMethodHandle$Holder.invokeStatic(java.lang.Object, java.lang.Object)'> (0x000000008a732a38) 
thrown [s\src\hotspot\share\interpreter\linkResolver.cpp, line 759]
Event: 0.856 Thread 0x000001f0f6fb8270 Exception <a 'java/lang/NoSuchMethodError'{0x000000008a6f03d0}: 'void java.lang.invoke.DirectMethodHandle$Holder.invokeStaticInit(java.lang.Object, java.lang.Object)'> (0x000000008a6f03d0) 
thrown [s\src\hotspot\share\interpreter\linkResolver.cpp, line 759]
Event: 0.937 Thread 0x000001f0f6fb8270 Exception <a 'sun/nio/fs/WindowsException'{0x000000008a409c90}> (0x000000008a409c90) 
thrown [s\src\hotspot\share\prims\jni.cpp, line 516]
Event: 0.989 Thread 0x000001f0f6fb8270 Exception <a 'java/lang/NoSuchMethodError'{0x000000008a42f118}: 'int java.lang.invoke.DirectMethodHandle$Holder.invokeStaticInit(java.lang.Object, java.lang.Object, java.lang.Object, java.lang.Object)'> (0x000000008a42f118) 
thrown [s\src\hotspot\share\interpreter\linkResolver.cpp, line 759]
Event: 0.990 Thread 0x000001f0f6fb8270 Exception <a 'java/lang/IncompatibleClassChangeError'{0x000000008a438748}: Found class java.lang.Object, but interface was expected> (0x000000008a438748) 
thrown [s\src\hotspot\share\interpreter\linkResolver.cpp, line 826]
Event: 0.991 Thread 0x000001f0f6fb8270 Exception <a 'java/lang/NoSuchMethodError'{0x000000008a43e378}: 'int java.lang.invoke.DirectMethodHandle$Holder.invokeStaticInit(java.lang.Object, java.lang.Object)'> (0x000000008a43e378) 
thrown [s\src\hotspot\share\interpreter\linkResolver.cpp, line 759]
Event: 1.032 Thread 0x000001f0f6fb8270 Exception <a 'java/lang/NoSuchMethodError'{0x000000008a300268}: 'java.lang.Object java.lang.invoke.DirectMethodHandle$Holder.invokeStaticInit(java.lang.Object, int, int, int, int)'> (0x000000008a300268) 
thrown [s\src\hotspot\share\interpreter\linkResolver.cpp, line 759]
Event: 1.132 Thread 0x000001f0f6fb8270 Exception <a 'java/lang/NoSuchMethodError'{0x000000008a390800}: 'java.lang.Object java.lang.invoke.DirectMethodHandle$Holder.invokeStaticInit(java.lang.Object, java.lang.Object, int, int, int, int)'> (0x000000008a390800) 
thrown [s\src\hotspot\share\interpreter\linkResolver.cpp, line 759]
Event: 1.662 Thread 0x000001f0f6f0d4f0 Exception <a 'java/lang/NoSuchMethodError'{0x000000008af859d8}: 'void java.lang.invoke.DirectMethodHandle$Holder.invokeVirtual(java.lang.Object, java.lang.Object)'> (0x000000008af859d8) 
thrown [s\src\hotspot\share\interpreter\linkResolver.cpp, line 759]
Event: 1.682 Thread 0x000001f0f6fb8270 Exception <a 'java/lang/NoSuchMethodError'{0x0000000089f77628}: 'void java.lang.invoke.DirectMethodHandle$Holder.invokeStaticInit(java.lang.Object)'> (0x0000000089f77628) 
thrown [s\src\hotspot\share\interpreter\linkResolver.cpp, line 759]

VM Operations (20 events):
Event: 0.441 Executing VM operation: HandshakeAllThreads
Event: 0.441 Executing VM operation: HandshakeAllThreads done
Event: 0.549 Executing VM operation: HandshakeAllThreads
Event: 0.549 Executing VM operation: HandshakeAllThreads done
Event: 0.559 Executing VM operation: HandshakeAllThreads
Event: 0.559 Executing VM operation: HandshakeAllThreads done
Event: 0.739 Executing VM operation: HandshakeAllThreads
Event: 0.739 Executing VM operation: HandshakeAllThreads done
Event: 1.135 Executing VM operation: ICBufferFull
Event: 1.135 Executing VM operation: ICBufferFull done
Event: 1.319 Executing VM operation: HandshakeAllThreads
Event: 1.319 Executing VM operation: HandshakeAllThreads done
Event: 1.730 Executing VM operation: HandshakeAllThreads
Event: 1.730 Executing VM operation: HandshakeAllThreads done
Event: 1.880 Executing VM operation: ICBufferFull
Event: 1.880 Executing VM operation: ICBufferFull done
Event: 1.983 Executing VM operation: HandshakeAllThreads
Event: 1.983 Executing VM operation: HandshakeAllThreads done
Event: 1.987 Executing VM operation: G1CollectForAllocation
Event: 1.995 Executing VM operation: G1CollectForAllocation done

Events (20 events):
Event: 2.094 loading class sun/awt/im/InputContext done
Event: 2.094 loading class sun/awt/im/InputMethodContext done
Event: 2.094 loading class sun/awt/windows/WInputMethod
Event: 2.094 loading class sun/awt/im/InputMethodAdapter
Event: 2.094 loading class java/awt/im/spi/InputMethod
Event: 2.094 loading class java/awt/im/spi/InputMethod done
Event: 2.094 loading class sun/awt/im/InputMethodAdapter done
Event: 2.094 loading class sun/awt/windows/WInputMethod done
Event: 2.097 loading class java/awt/event/PaintEvent
Event: 2.097 loading class java/awt/event/PaintEvent done
Event: 2.115 loading class javax/swing/GroupLayout$1
Event: 2.115 loading class javax/swing/GroupLayout$1 done
Event: 2.116 loading class java/awt/Component$BaselineResizeBehavior
Event: 2.116 loading class java/awt/Component$BaselineResizeBehavior done
Event: 2.116 loading class javax/swing/GroupLayout$SpringDelta
Event: 2.116 loading class javax/swing/GroupLayout$SpringDelta done
Event: 2.116 loading class javax/swing/LayoutStyle
Event: 2.116 loading class javax/swing/LayoutStyle done
Event: 2.116 loading class sun/swing/DefaultLayoutStyle
Event: 2.116 loading class sun/swing/DefaultLayoutStyle done


Dynamic libraries:
0x00007ff67a870000 - 0x00007ff67a87e000 	C:\Users\Admin\AppData\Local\Programs\Eclipse Adoptium\jdk-17.0.6.10-hotspot\bin\java.exe
0x00007fff36a90000 - 0x00007fff36ca7000 	C:\WINDOWS\SYSTEM32\ntdll.dll
0x00007fff35d80000 - 0x00007fff35e44000 	C:\WINDOWS\System32\KERNEL32.DLL
0x00007fff34090000 - 0x00007fff34436000 	C:\WINDOWS\System32\KERNELBASE.dll
0x00007fff34560000 - 0x00007fff34671000 	C:\WINDOWS\System32\ucrtbase.dll
0x00007fff00c70000 - 0x00007fff00c87000 	C:\Users\Admin\AppData\Local\Programs\Eclipse Adoptium\jdk-17.0.6.10-hotspot\bin\jli.dll
0x00007fff29860000 - 0x00007fff29879000 	C:\Users\Admin\AppData\Local\Programs\Eclipse Adoptium\jdk-17.0.6.10-hotspot\bin\VCRUNTIME140.dll
0x00007fff35fe0000 - 0x00007fff3618e000 	C:\WINDOWS\System32\USER32.dll
0x00007fff34060000 - 0x00007fff34086000 	C:\WINDOWS\System32\win32u.dll
0x00007fff25cf0000 - 0x00007fff25f83000 	C:\WINDOWS\WinSxS\amd64_microsoft.windows.common-controls_6595b64144ccf1df_6.0.22621.2506_none_270c5ae97388e100\COMCTL32.dll
0x00007fff35e50000 - 0x00007fff35e79000 	C:\WINDOWS\System32\GDI32.dll
0x00007fff36240000 - 0x00007fff362e7000 	C:\WINDOWS\System32\msvcrt.dll
0x00007fff34440000 - 0x00007fff34558000 	C:\WINDOWS\System32\gdi32full.dll
0x00007fff34680000 - 0x00007fff3471a000 	C:\WINDOWS\System32\msvcp_win.dll
0x00007fff35fa0000 - 0x00007fff35fd1000 	C:\WINDOWS\System32\IMM32.DLL
0x00007fff29850000 - 0x00007fff2985c000 	C:\Users\Admin\AppData\Local\Programs\Eclipse Adoptium\jdk-17.0.6.10-hotspot\bin\vcruntime140_1.dll
0x00007fff164d0000 - 0x00007fff16561000 	C:\Users\Admin\AppData\Local\Programs\Eclipse Adoptium\jdk-17.0.6.10-hotspot\bin\msvcp140.dll
0x00007ffe61d10000 - 0x00007ffe62957000 	C:\Users\Admin\AppData\Local\Programs\Eclipse Adoptium\jdk-17.0.6.10-hotspot\bin\server\jvm.dll
0x00007fff357c0000 - 0x00007fff35871000 	C:\WINDOWS\System32\ADVAPI32.dll
0x00007fff35ba0000 - 0x00007fff35c45000 	C:\WINDOWS\System32\sechost.dll
0x00007fff35e80000 - 0x00007fff35f97000 	C:\WINDOWS\System32\RPCRT4.dll
0x00007fff29520000 - 0x00007fff29529000 	C:\WINDOWS\SYSTEM32\WSOCK32.dll
0x00007fff28690000 - 0x00007fff2869a000 	C:\WINDOWS\SYSTEM32\VERSION.dll
0x00007fff28c40000 - 0x00007fff28c74000 	C:\WINDOWS\SYSTEM32\WINMM.dll
0x00007fff36830000 - 0x00007fff368a1000 	C:\WINDOWS\System32\WS2_32.dll
0x00007fff32ef0000 - 0x00007fff32f08000 	C:\WINDOWS\SYSTEM32\kernel.appcore.dll
0x00007fff29830000 - 0x00007fff2983a000 	C:\Users\Admin\AppData\Local\Programs\Eclipse Adoptium\jdk-17.0.6.10-hotspot\bin\jimage.dll
0x00007fff316e0000 - 0x00007fff31913000 	C:\WINDOWS\SYSTEM32\DBGHELP.DLL
0x00007fff362f0000 - 0x00007fff36679000 	C:\WINDOWS\System32\combase.dll
0x00007fff35900000 - 0x00007fff359d7000 	C:\WINDOWS\System32\OLEAUT32.dll
0x00007fff27ec0000 - 0x00007fff27ef2000 	C:\WINDOWS\SYSTEM32\dbgcore.DLL
0x00007fff33e00000 - 0x00007fff33e7a000 	C:\WINDOWS\System32\bcryptPrimitives.dll
0x00007fff27500000 - 0x00007fff27525000 	C:\Users\Admin\AppData\Local\Programs\Eclipse Adoptium\jdk-17.0.6.10-hotspot\bin\java.dll
0x00007fff26c90000 - 0x00007fff26d66000 	C:\Users\Admin\AppData\Local\Programs\Eclipse Adoptium\jdk-17.0.6.10-hotspot\bin\jsvml.dll
0x00007fff34800000 - 0x00007fff3505a000 	C:\WINDOWS\System32\SHELL32.dll
0x00007fff31d30000 - 0x00007fff32626000 	C:\WINDOWS\SYSTEM32\windows.storage.dll
0x00007fff31bf0000 - 0x00007fff31d2e000 	C:\WINDOWS\SYSTEM32\wintypes.dll
0x00007fff35060000 - 0x00007fff35153000 	C:\WINDOWS\System32\SHCORE.dll
0x00007fff367d0000 - 0x00007fff3682e000 	C:\WINDOWS\System32\shlwapi.dll
0x00007fff33d30000 - 0x00007fff33d56000 	C:\WINDOWS\SYSTEM32\profapi.dll
0x00007fff297f0000 - 0x00007fff29809000 	C:\Users\Admin\AppData\Local\Programs\Eclipse Adoptium\jdk-17.0.6.10-hotspot\bin\net.dll
0x00007fff2ab70000 - 0x00007fff2aca7000 	C:\WINDOWS\SYSTEM32\WINHTTP.dll
0x00007fff33370000 - 0x00007fff333d9000 	C:\WINDOWS\system32\mswsock.dll
0x00007fff27720000 - 0x00007fff27735000 	C:\Users\Admin\AppData\Local\Programs\Eclipse Adoptium\jdk-17.0.6.10-hotspot\bin\nio.dll
0x00007fff272a0000 - 0x00007fff272b8000 	C:\Users\Admin\AppData\Local\Programs\Eclipse Adoptium\jdk-17.0.6.10-hotspot\bin\zip.dll
0x00007fff0d290000 - 0x00007fff0d41e000 	C:\Users\Admin\AppData\Local\Programs\Eclipse Adoptium\jdk-17.0.6.10-hotspot\bin\awt.dll
0x00007fff2dc30000 - 0x00007fff2dcc7000 	C:\WINDOWS\SYSTEM32\apphelp.dll
0x00007fff30f60000 - 0x00007fff3100b000 	C:\WINDOWS\system32\uxtheme.dll
0x00007ffee4320000 - 0x00007ffee4451000 	C:\ProgramData\A-Volute\A-Volute.SonicStudio3\Modules\ScheduledModules\x64\AudioDevProps2.dll
0x00007fff368b0000 - 0x00007fff36a50000 	C:\WINDOWS\System32\ole32.dll
0x00007fff355e0000 - 0x00007fff35730000 	C:\WINDOWS\System32\MSCTF.dll
0x00007fff311a0000 - 0x00007fff311cb000 	C:\WINDOWS\system32\DWMAPI.DLL
0x00007fff0c9f0000 - 0x00007fff0ca76000 	C:\Users\Admin\AppData\Local\Programs\Eclipse Adoptium\jdk-17.0.6.10-hotspot\bin\freetype.dll
0x00007ffee3700000 - 0x00007ffee37c5000 	C:\Users\Admin\AppData\Local\Programs\Eclipse Adoptium\jdk-17.0.6.10-hotspot\bin\fontmanager.dll
0x00007ffee49b0000 - 0x00007ffee4ab0000 	C:\WINDOWS\system32\opengl32.dll
0x00007ffee4940000 - 0x00007ffee496d000 	C:\WINDOWS\SYSTEM32\GLU32.dll
0x00007fff31040000 - 0x00007fff31076000 	C:\WINDOWS\SYSTEM32\dxcore.dll
0x00007fff32970000 - 0x00007fff32a69000 	C:\WINDOWS\SYSTEM32\DNSAPI.dll
0x00007fff32940000 - 0x00007fff3296d000 	C:\WINDOWS\SYSTEM32\IPHLPAPI.DLL
0x00007fff367c0000 - 0x00007fff367c9000 	C:\WINDOWS\System32\NSI.dll
0x0000000063560000 - 0x0000000063569000 	C:\Program Files\National Instruments\Shared\mDNS Responder\nimdnsNSP.dll
0x0000000063550000 - 0x000000006355e000 	C:\WINDOWS\SYSTEM32\nimdnsResponder.dll
0x0000000074130000 - 0x00000000741d3000 	C:\WINDOWS\WinSxS\amd64_microsoft.vc90.crt_1fc8b3b9a1e18e3b_9.0.30729.9635_none_08e2c157a83ed5da\MSVCR90.dll
0x00007fff28b10000 - 0x00007fff28b1a000 	C:\Windows\System32\rasadhlp.dll
0x00007fff28f10000 - 0x00007fff28f93000 	C:\WINDOWS\System32\fwpuclnt.dll
0x00007fff335c0000 - 0x00007fff335db000 	C:\WINDOWS\SYSTEM32\CRYPTSP.dll
0x00007fff32e50000 - 0x00007fff32e85000 	C:\WINDOWS\system32\rsaenh.dll
0x00007fff33460000 - 0x00007fff3348c000 	C:\WINDOWS\SYSTEM32\USERENV.dll
0x00007fff33790000 - 0x00007fff337b8000 	C:\WINDOWS\SYSTEM32\bcrypt.dll
0x00007fff335e0000 - 0x00007fff335ec000 	C:\WINDOWS\SYSTEM32\CRYPTBASE.dll
0x00007fff2aa50000 - 0x00007fff2aa69000 	C:\WINDOWS\SYSTEM32\dhcpcsvc6.DLL
0x00007fff2aa30000 - 0x00007fff2aa4f000 	C:\WINDOWS\SYSTEM32\dhcpcsvc.DLL
0x00007fff22fd0000 - 0x00007fff22fde000 	C:\Users\Admin\AppData\Local\Programs\Eclipse Adoptium\jdk-17.0.6.10-hotspot\bin\sunmscapi.dll
0x00007fff33ef0000 - 0x00007fff34056000 	C:\WINDOWS\System32\CRYPT32.dll
0x00007fff33760000 - 0x00007fff3378d000 	C:\WINDOWS\SYSTEM32\ncrypt.dll
0x00007fff33720000 - 0x00007fff33757000 	C:\WINDOWS\SYSTEM32\NTASN1.dll
0x000001f0f8500000 - 0x000001f0f85b0000 	C:\WINDOWS\System32\clbcatq.dll
0x00007fff2d130000 - 0x00007fff2d2e0000 	C:\WINDOWS\SYSTEM32\WindowsCodecs.dll
0x00007ffee2220000 - 0x00007ffee227e000 	C:\WINDOWS\system32\dataexchange.dll
0x00007ffeff200000 - 0x00007ffeff485000 	C:\WINDOWS\system32\twinapi.appcore.dll

dbghelp: loaded successfully - version: 4.0.5 - missing functions: none
symbol engine: initialized successfully - sym options: 0x614 - pdb path: .;C:\Users\Admin\AppData\Local\Programs\Eclipse Adoptium\jdk-17.0.6.10-hotspot\bin;C:\WINDOWS\SYSTEM32;C:\WINDOWS\WinSxS\amd64_microsoft.windows.common-controls_6595b64144ccf1df_6.0.22621.2506_none_270c5ae97388e100;C:\Users\Admin\AppData\Local\Programs\Eclipse Adoptium\jdk-17.0.6.10-hotspot\bin\server;C:\ProgramData\A-Volute\A-Volute.SonicStudio3\Modules\ScheduledModules\x64;C:\Program Files\National Instruments\Shared\mDNS Responder;C:\WINDOWS\WinSxS\amd64_microsoft.vc90.crt_1fc8b3b9a1e18e3b_9.0.30729.9635_none_08e2c157a83ed5da

VM Arguments:
jvm_args: -Dfile.encoding=UTF-8 
java_command: seller.SellProduct
java_class_path (initial): D:\Taigame\icons_mysqlConnector\icons_mysqlConnector\mysql-connector-java-8.0.26.jar;C:\Users\Admin\Documents\NetBeansProjects\E-commerce-portal-for-used-furniture-sales-application\build\classes
Launcher Type: SUN_STANDARD

[Global flags]
     intx CICompilerCount                          = 4                                         {product} {ergonomic}
     uint ConcGCThreads                            = 2                                         {product} {ergonomic}
     uint G1ConcRefinementThreads                  = 8                                         {product} {ergonomic}
   size_t G1HeapRegionSize                         = 1048576                                   {product} {ergonomic}
    uintx GCDrainStackTargetSize                   = 64                                        {product} {ergonomic}
   size_t InitialHeapSize                          = 132120576                                 {product} {ergonomic}
   size_t MarkStackSize                            = 4194304                                   {product} {ergonomic}
   size_t MaxHeapSize                              = 2092957696                                {product} {ergonomic}
   size_t MaxNewSize                               = 1255145472                                {product} {ergonomic}
   size_t MinHeapDeltaBytes                        = 1048576                                   {product} {ergonomic}
   size_t MinHeapSize                              = 8388608                                   {product} {ergonomic}
    uintx NonNMethodCodeHeapSize                   = 5839372                                {pd product} {ergonomic}
    uintx NonProfiledCodeHeapSize                  = 122909434                              {pd product} {ergonomic}
    uintx ProfiledCodeHeapSize                     = 122909434                              {pd product} {ergonomic}
    uintx ReservedCodeCacheSize                    = 251658240                              {pd product} {ergonomic}
     bool SegmentedCodeCache                       = true                                      {product} {ergonomic}
   size_t SoftMaxHeapSize                          = 2092957696                             {manageable} {ergonomic}
     bool UseCompressedClassPointers               = true                           {product lp64_product} {ergonomic}
     bool UseCompressedOops                        = true                           {product lp64_product} {ergonomic}
     bool UseG1GC                                  = true                                      {product} {ergonomic}
     bool UseLargePagesIndividualAllocation        = false                                  {pd product} {ergonomic}

Logging:
Log output configuration:
 #0: stdout all=warning uptime,level,tags
 #1: stderr all=off uptime,level,tags

Environment Variables:
JAVA_HOME=C:\Users\Admin\AppData\Local\Programs\Eclipse Adoptium\jdk-17.0.6.10-hotspot\
PATH=C:\Program Files\Common Files\Oracle\Java\javapath;C:\Windows\system32;C:\Windows;C:\Windows\System32\Wbem;C:\Windows\System32\WindowsPowerShell\v1.0\;C:\Windows\System32\OpenSSH\;C:\Program Files (x86)\NVIDIA Corporation\PhysX\Common;C:\Program Files\NVIDIA Corporation\NVIDIA NvDLISR;C:\WINDOWS\system32;C:\WINDOWS;C:\WINDOWS\System32\Wbem;C:\WINDOWS\System32\WindowsPowerShell\v1.0\;C:\WINDOWS\System32\OpenSSH\;C:\Program Files\Microsoft SQL Server\Client SDK\ODBC\170\Tools\Binn\;C:\Program Files (x86)\Microsoft SQL Server\150\Tools\Binn\;C:\Program Files\Microsoft SQL Server\150\Tools\Binn\;C:\Program Files\Microsoft SQL Server\150\DTS\Binn\;C:\Program Files\Git\cmd;C:\Program Files\Microsoft SQL Server\Client SDK\ODBC\110\Tools\Binn\;C:\Program Files (x86)\Microsoft SQL Server\120\Tools\Binn\;C:\Program Files\Microsoft SQL Server\120\Tools\Binn\;C:\Program Files\Microsoft SQL Server\120\DTS\Binn\;C:\Program Files (x86)\Microsoft SQL Server\120\Tools\Binn\ManagementStudio\;C:\Program Files (x86)\Microsoft SQL Server\120\DTS\Binn\;C:\Program Files\PuTTY\;C:\Program Files\MySQL\MySQL Server 8.0\bin;C:\Program Files\MySQL\MySQL Shell 8.0\bin\;C:\Users\Admin\AppData\Local\Programs\Python\Python311\Scripts\;C:\Users\Admin\AppData\Local\Programs\Python\Python311\;C:\Users\Admin\AppData\Local\Programs\Eclipse Adoptium\jdk-17.0.6.10-hotspot\bin;C:\Users\Admin\AppData\Local\Microsoft\WindowsApps;C:\Users\Admin\AppData\Local\Programs\Microsoft VS Code\bin
USERNAME=Admin
OS=Windows_NT
PROCESSOR_IDENTIFIER=Intel64 Family 6 Model 165 Stepping 2, GenuineIntel
TMP=C:\Users\Admin\AppData\Local\Temp
TEMP=C:\Users\Admin\AppData\Local\Temp



---------------  S Y S T E M  ---------------

OS:
 Windows 11 , 64 bit Build 22621 (10.0.22621.2506)
OS uptime: 0 days 18:51 hours

CPU: total 8 (initial active 8) (4 cores per cpu, 2 threads per core) family 6 model 165 stepping 2 microcode 0xe0, cx8, cmov, fxsr, ht, mmx, 3dnowpref, sse, sse2, sse3, ssse3, sse4.1, sse4.2, popcnt, lzcnt, tsc, tscinvbit, avx, avx2, aes, erms, clmul, bmi1, bmi2, adx, fma, vzeroupper, clflush, clflushopt

Memory: 4k page, system-wide physical 7979M (875M free)
TotalPageFile size 20383M (AvailPageFile size 4M)
current process WorkingSet (physical memory assigned to process): 117M, peak: 117M
current process commit charge ("private bytes"): 254M, peak: 254M

vm_info: OpenJDK 64-Bit Server VM (17.0.6+10) for windows-amd64 JRE (17.0.6+10), built on Jan 18 2023 10:08:59 by "temurin" with MS VC++ 16.7 (VS2019)

END.
