#
# There is insufficient memory for the Java Runtime Environment to continue.
# Native memory allocation (malloc) failed to allocate 85776 bytes for Chunk::new
# Possible reasons:
#   The system is out of physical RAM or swap space
#   The process is running with CompressedOops enabled, and the Java Heap may be blocking the growth of the native heap
# Possible solutions:
#   Reduce memory load on the system
#   Increase physical memory or swap space
#   Check if swap backing store is full
#   Decrease Java heap size (-Xmx/-Xms)
#   Decrease number of Java threads
#   Decrease Java thread stack sizes (-Xss)
#   Set larger code cache with -XX:ReservedCodeCacheSize=
#   JVM is running with Unscaled Compressed Oops mode in which the Java heap is
#     placed in the first 4GB address space. The Java Heap base address is the
#     maximum limit for the native heap growth. Please use -XX:HeapBaseMinAddress
#     to set the Java Heap base and to place the Java Heap above 4GB virtual address.
# This output file may be truncated or incomplete.
#
#  Out of Memory Error (arena.cpp:189), pid=31224, tid=29084
#
# JRE version: OpenJDK Runtime Environment Temurin-17.0.6+10 (17.0.6+10) (build 17.0.6+10)
# Java VM: OpenJDK 64-Bit Server VM Temurin-17.0.6+10 (17.0.6+10, mixed mode, sharing, tiered, compressed oops, compressed class ptrs, g1 gc, windows-amd64)
# No core dump will be written. Minidumps are not enabled by default on client versions of Windows
#

---------------  S U M M A R Y ------------

Command Line: -Dapplication.home=C:\Users\Admin\AppData\Local\Programs\Eclipse Adoptium\jdk-17.0.6.10-hotspot --add-modules=ALL-DEFAULT -Xms8m -Djdk.module.main=jdk.compiler jdk.compiler/com.sun.tools.javac.Main -d C:\Users\Admin\Documents\NetBeansProjects\E-commerce-portal-for-used-furniture-sales-application\build\classes -classpath C:\Users\Admin\Documents\NetBeansProjects\E-commerce-portal-for-used-furniture-sales-application\build\classes;D:\Taigame\icons_mysqlConnector\icons_mysqlConnector\mysql-connector-java-8.0.26.jar -sourcepath C:\Users\Admin\Documents\NetBeansProjects\E-commerce-portal-for-used-furniture-sales-application\src -target 17 -encoding UTF-8 -g -processorpath D:\Users\thanhphatchau\Downloads\icons_mysqlConnector\mysql-connector-java-8.0.26.jar;D:\Taigame\icons_mysqlConnector\icons_mysqlConnector\mysql-connector-java-8.0.26.jar;C:\Users\Admin\Documents\NetBeansProjects\E-commerce-portal-for-used-furniture-sales-application\build\empty -s C:\Users\Admin\Documents\NetBeansProjects\E-commerce-portal-for-used-furniture-sales-application\build\generated-sources\ap-source-output -source 17 C:\Users\Admin\Documents\NetBeansProjects\E-commerce-portal-for-used-furniture-sales-application\src\user\login.java

Host: Intel(R) Core(TM) i5-10300H CPU @ 2.50GHz, 8 cores, 7G,  Windows 11 , 64 bit Build 22621 (10.0.22621.2506)
Time: Sun Dec 17 01:17:31 2023 SE Asia Standard Time elapsed time: 0.831805 seconds (0d 0h 0m 0s)

---------------  T H R E A D  ---------------

Current thread (0x000001b621349b40):  JavaThread "C2 CompilerThread2" daemon [_thread_in_native, id=29084, stack(0x000000a5dda00000,0x000000a5ddb00000)]


Current CompileTask:
C2:    831 1638       4       com.sun.tools.javac.util.Name$Table::fromString (14 bytes)

Stack: [0x000000a5dda00000,0x000000a5ddb00000]
Native frames: (J=compiled Java code, j=interpreted, Vv=VM code, C=native code)
V  [jvm.dll+0x67741a]
V  [jvm.dll+0x834434]
V  [jvm.dll+0x835bde]
V  [jvm.dll+0x836243]
V  [jvm.dll+0x2457b5]
V  [jvm.dll+0xabafc]
V  [jvm.dll+0xac0cc]
V  [jvm.dll+0x11e0e7]
V  [jvm.dll+0x6097e5]
V  [jvm.dll+0x607eb4]
V  [jvm.dll+0x218468]
V  [jvm.dll+0x217a11]
V  [jvm.dll+0x1a3d0d]
V  [jvm.dll+0x22742a]
V  [jvm.dll+0x225565]
V  [jvm.dll+0x7ea2cb]
V  [jvm.dll+0x7e483a]
V  [jvm.dll+0x6762c5]
C  [ucrtbase.dll+0x29363]
C  [KERNEL32.DLL+0x1257d]
C  [ntdll.dll+0x5aa58]


---------------  P R O C E S S  ---------------

Threads class SMR info:
_java_thread_list=0x000001b62134ead0, length=14, elements={
0x000001b601c4baf0, 0x000001b61fe77400, 0x000001b61fe78180, 0x000001b61fe86450,
0x000001b61fe87f20, 0x000001b61fe8a8e0, 0x000001b61fe8b290, 0x000001b61fe965b0,
0x000001b61fe97660, 0x000001b61fe9a470, 0x000001b6209893c0, 0x000001b6209f1430,
0x000001b620b92aa0, 0x000001b621349b40
}

Java Threads: ( => current thread )
  0x000001b601c4baf0 JavaThread "main" [_thread_in_Java, id=32820, stack(0x000000a5dc000000,0x000000a5dc100000)]
  0x000001b61fe77400 JavaThread "Reference Handler" daemon [_thread_blocked, id=23460, stack(0x000000a5dc700000,0x000000a5dc800000)]
  0x000001b61fe78180 JavaThread "Finalizer" daemon [_thread_blocked, id=8832, stack(0x000000a5dc800000,0x000000a5dc900000)]
  0x000001b61fe86450 JavaThread "Signal Dispatcher" daemon [_thread_blocked, id=32160, stack(0x000000a5dc900000,0x000000a5dca00000)]
  0x000001b61fe87f20 JavaThread "Attach Listener" daemon [_thread_blocked, id=7340, stack(0x000000a5dca00000,0x000000a5dcb00000)]
  0x000001b61fe8a8e0 JavaThread "Service Thread" daemon [_thread_blocked, id=21800, stack(0x000000a5dcb00000,0x000000a5dcc00000)]
  0x000001b61fe8b290 JavaThread "Monitor Deflation Thread" daemon [_thread_blocked, id=26036, stack(0x000000a5dcc00000,0x000000a5dcd00000)]
  0x000001b61fe965b0 JavaThread "C2 CompilerThread0" daemon [_thread_in_native, id=27808, stack(0x000000a5dcd00000,0x000000a5dce00000)]
  0x000001b61fe97660 JavaThread "C1 CompilerThread0" daemon [_thread_in_native, id=25488, stack(0x000000a5dce00000,0x000000a5dcf00000)]
  0x000001b61fe9a470 JavaThread "Sweeper thread" daemon [_thread_blocked, id=33132, stack(0x000000a5dcf00000,0x000000a5dd000000)]
  0x000001b6209893c0 JavaThread "Common-Cleaner" daemon [_thread_blocked, id=24720, stack(0x000000a5dd000000,0x000000a5dd100000)]
  0x000001b6209f1430 JavaThread "Notification Thread" daemon [_thread_blocked, id=32712, stack(0x000000a5dd100000,0x000000a5dd200000)]
  0x000001b620b92aa0 JavaThread "C2 CompilerThread1" daemon [_thread_in_native, id=33588, stack(0x000000a5dd800000,0x000000a5dd900000)]
=>0x000001b621349b40 JavaThread "C2 CompilerThread2" daemon [_thread_in_native, id=29084, stack(0x000000a5dda00000,0x000000a5ddb00000)]

Other Threads:
  0x000001b601d08a10 VMThread "VM Thread" [stack: 0x000000a5dc600000,0x000000a5dc700000] [id=32136]
  0x000001b6209f3d10 WatcherThread [stack: 0x000000a5dd200000,0x000000a5dd300000] [id=28124]
  0x000001b601ca6980 GCTaskThread "GC Thread#0" [stack: 0x000000a5dc100000,0x000000a5dc200000] [id=31720]
  0x000001b620b842c0 GCTaskThread "GC Thread#1" [stack: 0x000000a5dd300000,0x000000a5dd400000] [id=23300]
  0x000001b620b9f7f0 GCTaskThread "GC Thread#2" [stack: 0x000000a5dd400000,0x000000a5dd500000] [id=10648]
  0x000001b620bc9fe0 GCTaskThread "GC Thread#3" [stack: 0x000000a5dd500000,0x000000a5dd600000] [id=32796]
  0x000001b620ce27a0 GCTaskThread "GC Thread#4" [stack: 0x000000a5dd600000,0x000000a5dd700000] [id=13320]
  0x000001b620cfea00 GCTaskThread "GC Thread#5" [stack: 0x000000a5dd700000,0x000000a5dd800000] [id=27496]
  0x000001b6211f20b0 GCTaskThread "GC Thread#6" [stack: 0x000000a5dd900000,0x000000a5dda00000] [id=22020]
  0x000001b601cb7240 ConcurrentGCThread "G1 Main Marker" [stack: 0x000000a5dc200000,0x000000a5dc300000] [id=31556]
  0x000001b601cb7c50 ConcurrentGCThread "G1 Conc#0" [stack: 0x000000a5dc300000,0x000000a5dc400000] [id=28168]
  0x000001b601cdfce0 ConcurrentGCThread "G1 Refine#0" [stack: 0x000000a5dc400000,0x000000a5dc500000] [id=31668]
  0x000001b601cdffd0 ConcurrentGCThread "G1 Service" [stack: 0x000000a5dc500000,0x000000a5dc600000] [id=2432]

Threads with active compile tasks:
C2 CompilerThread0      869 1460   !   4       com.sun.tools.javac.jvm.ClassReader::classSigToType (497 bytes)
C1 CompilerThread0      869 1751       3       com.sun.tools.javac.code.Types::membersClosure (50 bytes)
C2 CompilerThread1      869 1613       4       com.sun.tools.javac.jvm.ClassReader::sigToType (893 bytes)
C2 CompilerThread2      869 1638       4       com.sun.tools.javac.util.Name$Table::fromString (14 bytes)

VM state: not at safepoint (normal execution)

VM Mutex/Monitor currently owned by a thread: None

Heap address: 0x0000000083400000, size: 1996 MB, Compressed Oops mode: 32-bit

CDS archive(s) mapped at: [0x0000000800000000-0x0000000800bc0000-0x0000000800bc0000), size 12320768, SharedBaseAddress: 0x0000000800000000, ArchiveRelocationMode: 0.
Compressed class space mapped at: 0x0000000800c00000-0x0000000840c00000, reserved size: 1073741824
Narrow klass base: 0x0000000800000000, Narrow klass shift: 0, Narrow klass range: 0x100000000

GC Precious Log:
 CPUs: 8 total, 8 available
 Memory: 7979M
 Large Page Support: Disabled
 NUMA Support: Disabled
 Compressed Oops: Enabled (32-bit)
 Heap Region Size: 1M
 Heap Min Capacity: 8M
 Heap Initial Capacity: 8M
 Heap Max Capacity: 1996M
 Pre-touch: Disabled
 Parallel Workers: 8
 Concurrent Workers: 2
 Concurrent Refinement Workers: 8
 Periodic GC: Disabled

Heap:
 garbage-first heap   total 34816K, used 14429K [0x0000000083400000, 0x0000000100000000)
  region size 1024K, 8 young (8192K), 1 survivors (1024K)
 Metaspace       used 9745K, committed 9920K, reserved 1064960K
  class space    used 1115K, committed 1216K, reserved 1048576K

Heap Regions: E=young(eden), S=young(survivor), O=old, HS=humongous(starts), HC=humongous(continues), CS=collection set, F=free, OA=open archive, CA=closed archive, TAMS=top-at-mark-start (previous, next)
|   0|0x0000000083400000, 0x0000000083500000, 0x0000000083500000|100%| O|  |TAMS 0x0000000083400000, 0x0000000083400000| Untracked 
|   1|0x0000000083500000, 0x0000000083600000, 0x0000000083600000|100%| O|  |TAMS 0x0000000083500000, 0x0000000083500000| Untracked 
|   2|0x0000000083600000, 0x0000000083700000, 0x0000000083700000|100%| O|  |TAMS 0x0000000083600000, 0x0000000083600000| Untracked 
|   3|0x0000000083700000, 0x0000000083800000, 0x0000000083800000|100%| O|  |TAMS 0x0000000083700000, 0x0000000083700000| Untracked 
|   4|0x0000000083800000, 0x0000000083900000, 0x0000000083900000|100%| O|  |TAMS 0x0000000083800000, 0x0000000083800000| Untracked 
|   5|0x0000000083900000, 0x0000000083a00000, 0x0000000083a00000|100%| O|  |TAMS 0x0000000083900000, 0x0000000083900000| Untracked 
|   6|0x0000000083a00000, 0x0000000083b00000, 0x0000000083b00000|100%| O|  |TAMS 0x0000000083a00000, 0x0000000083a00000| Untracked 
|   7|0x0000000083b00000, 0x0000000083b17400, 0x0000000083c00000|  9%| O|  |TAMS 0x0000000083b00000, 0x0000000083b00000| Untracked 
|   8|0x0000000083c00000, 0x0000000083c00000, 0x0000000083d00000|  0%| F|  |TAMS 0x0000000083c00000, 0x0000000083c00000| Untracked 
|   9|0x0000000083d00000, 0x0000000083d00000, 0x0000000083e00000|  0%| F|  |TAMS 0x0000000083d00000, 0x0000000083d00000| Untracked 
|  10|0x0000000083e00000, 0x0000000083e00000, 0x0000000083f00000|  0%| F|  |TAMS 0x0000000083e00000, 0x0000000083e00000| Untracked 
|  11|0x0000000083f00000, 0x0000000084000000, 0x0000000084000000|100%| S|CS|TAMS 0x0000000083f00000, 0x0000000083f00000| Complete 
|  12|0x0000000084000000, 0x0000000084000000, 0x0000000084100000|  0%| F|  |TAMS 0x0000000084000000, 0x0000000084000000| Untracked 
|  13|0x0000000084100000, 0x0000000084100000, 0x0000000084200000|  0%| F|  |TAMS 0x0000000084100000, 0x0000000084100000| Untracked 
|  14|0x0000000084200000, 0x0000000084200000, 0x0000000084300000|  0%| F|  |TAMS 0x0000000084200000, 0x0000000084200000| Untracked 
|  15|0x0000000084300000, 0x0000000084300000, 0x0000000084400000|  0%| F|  |TAMS 0x0000000084300000, 0x0000000084300000| Untracked 
|  16|0x0000000084400000, 0x0000000084400000, 0x0000000084500000|  0%| F|  |TAMS 0x0000000084400000, 0x0000000084400000| Untracked 
|  17|0x0000000084500000, 0x0000000084500000, 0x0000000084600000|  0%| F|  |TAMS 0x0000000084500000, 0x0000000084500000| Untracked 
|  18|0x0000000084600000, 0x0000000084600000, 0x0000000084700000|  0%| F|  |TAMS 0x0000000084600000, 0x0000000084600000| Untracked 
|  19|0x0000000084700000, 0x0000000084700000, 0x0000000084800000|  0%| F|  |TAMS 0x0000000084700000, 0x0000000084700000| Untracked 
|  20|0x0000000084800000, 0x0000000084800000, 0x0000000084900000|  0%| F|  |TAMS 0x0000000084800000, 0x0000000084800000| Untracked 
|  21|0x0000000084900000, 0x0000000084900000, 0x0000000084a00000|  0%| F|  |TAMS 0x0000000084900000, 0x0000000084900000| Untracked 
|  22|0x0000000084a00000, 0x0000000084a00000, 0x0000000084b00000|  0%| F|  |TAMS 0x0000000084a00000, 0x0000000084a00000| Untracked 
|  23|0x0000000084b00000, 0x0000000084b00000, 0x0000000084c00000|  0%| F|  |TAMS 0x0000000084b00000, 0x0000000084b00000| Untracked 
|  24|0x0000000084c00000, 0x0000000084c00000, 0x0000000084d00000|  0%| F|  |TAMS 0x0000000084c00000, 0x0000000084c00000| Untracked 
|  25|0x0000000084d00000, 0x0000000084d00000, 0x0000000084e00000|  0%| F|  |TAMS 0x0000000084d00000, 0x0000000084d00000| Untracked 
|  26|0x0000000084e00000, 0x0000000084e00000, 0x0000000084f00000|  0%| F|  |TAMS 0x0000000084e00000, 0x0000000084e00000| Untracked 
|  27|0x0000000084f00000, 0x0000000084f84198, 0x0000000085000000| 51%| E|  |TAMS 0x0000000084f00000, 0x0000000084f00000| Complete 
|  28|0x0000000085000000, 0x0000000085100000, 0x0000000085100000|100%| E|CS|TAMS 0x0000000085000000, 0x0000000085000000| Complete 
|  29|0x0000000085100000, 0x0000000085200000, 0x0000000085200000|100%| E|CS|TAMS 0x0000000085100000, 0x0000000085100000| Complete 
|  30|0x0000000085200000, 0x0000000085300000, 0x0000000085300000|100%| E|CS|TAMS 0x0000000085200000, 0x0000000085200000| Complete 
|  31|0x0000000085300000, 0x0000000085400000, 0x0000000085400000|100%| E|CS|TAMS 0x0000000085300000, 0x0000000085300000| Complete 
|  32|0x0000000085400000, 0x0000000085500000, 0x0000000085500000|100%| E|CS|TAMS 0x0000000085400000, 0x0000000085400000| Complete 
|  33|0x0000000085500000, 0x0000000085600000, 0x0000000085600000|100%| E|CS|TAMS 0x0000000085500000, 0x0000000085500000| Complete 

Card table byte_map: [0x000001b618e50000,0x000001b619240000] _byte_map_base: 0x000001b618a36000

Marking Bits (Prev, Next): (CMBitMap*) 0x000001b601ca6f90, (CMBitMap*) 0x000001b601ca6fd0
 Prev Bits: [0x000001b619630000, 0x000001b61b560000)
 Next Bits: [0x000001b61b560000, 0x000001b61d490000)

Polling page: 0x000001b601410000

Metaspace:

Usage:
  Non-class:      8.43 MB used.
      Class:      1.09 MB used.
       Both:      9.52 MB used.

Virtual space:
  Non-class space:       16.00 MB reserved,       8.50 MB ( 53%) committed,  2 nodes.
      Class space:        1.00 GB reserved,       1.19 MB ( <1%) committed,  1 nodes.
             Both:        1.02 GB reserved,       9.69 MB ( <1%) committed. 

Chunk freelists:
   Non-Class:  1.53 MB
       Class:  2.83 MB
        Both:  4.36 MB

MaxMetaspaceSize: unlimited
CompressedClassSpaceSize: 1.00 GB
Initial GC threshold: 21.00 MB
Current GC threshold: 21.00 MB
CDS: on
MetaspaceReclaimPolicy: balanced
 - commit_granule_bytes: 65536.
 - commit_granule_words: 8192.
 - virtual_space_node_default_size: 1048576.
 - enlarge_chunks_in_place: 1.
 - new_chunks_are_fully_committed: 0.
 - uncommit_free_chunks: 1.
 - use_allocation_guard: 0.
 - handle_deallocations: 1.


Internal statistics:

num_allocs_failed_limit: 0.
num_arena_births: 76.
num_arena_deaths: 0.
num_vsnodes_births: 3.
num_vsnodes_deaths: 0.
num_space_committed: 155.
num_space_uncommitted: 0.
num_chunks_returned_to_freelist: 0.
num_chunks_taken_from_freelist: 410.
num_chunk_merges: 0.
num_chunk_splits: 276.
num_chunks_enlarged: 214.
num_purges: 0.
num_inconsistent_stats: 0.

CodeHeap 'non-profiled nmethods': size=120000Kb used=537Kb max_used=537Kb free=119462Kb
 bounds [0x000001b611200000, 0x000001b611470000, 0x000001b618730000]
CodeHeap 'profiled nmethods': size=120000Kb used=3286Kb max_used=3286Kb free=116714Kb
 bounds [0x000001b609730000, 0x000001b609a70000, 0x000001b610c60000]
CodeHeap 'non-nmethods': size=5760Kb used=1148Kb max_used=1178Kb free=4611Kb
 bounds [0x000001b610c60000, 0x000001b610ed0000, 0x000001b611200000]
 total_blobs=2181 nmethods=1749 adapters=344
 compilation: enabled
              stopped_count=0, restarted_count=0
 full_count=0

Compilation events (20 events):
Event: 0.815 Thread 0x000001b61fe97660 nmethod 1646 0x000001b609a1ef90 code [0x000001b609a1f140, 0x000001b609a1f368]
Event: 0.815 Thread 0x000001b61fe97660 1647       3       com.sun.tools.javac.code.Symbol::isDeprecated (19 bytes)
Event: 0.816 Thread 0x000001b61fe97660 nmethod 1647 0x000001b609a1f410 code [0x000001b609a1f5a0, 0x000001b609a1f718]
Event: 0.816 Thread 0x000001b61fe97660 1648       3       com.sun.tools.javac.comp.Attr::checkId (59 bytes)
Event: 0.816 Thread 0x000001b61fe97660 nmethod 1648 0x000001b609a1f790 code [0x000001b609a1f9a0, 0x000001b609a20098]
Event: 0.816 Thread 0x000001b61fe97660 1649       3       com.sun.tools.javac.comp.Attr::checkIdInternal (788 bytes)
Event: 0.825 Thread 0x000001b61fe97660 nmethod 1649 0x000001b609a20290 code [0x000001b609a20c80, 0x000001b609a27e58]
Event: 0.826 Thread 0x000001b61fe97660 1652   !   3       com.sun.tools.javac.code.Types$12::visitClassType (229 bytes)
Event: 0.828 Thread 0x000001b61fe97660 nmethod 1652 0x000001b609a2a410 code [0x000001b609a2a7a0, 0x000001b609a2c648]
Event: 0.828 Thread 0x000001b61fe97660 1658       1       java.lang.Enum::name (5 bytes)
Event: 0.828 Thread 0x000001b61fe97660 nmethod 1658 0x000001b611283310 code [0x000001b6112834a0, 0x000001b611283578]
Event: 0.828 Thread 0x000001b61fe97660 1653       1       com.sun.tools.javac.comp.Resolve$MethodResolutionPhase::isBoxingRequired (5 bytes)
Event: 0.828 Thread 0x000001b61fe97660 nmethod 1653 0x000001b611283610 code [0x000001b6112837a0, 0x000001b611283878]
Event: 0.828 Thread 0x000001b61fe97660 1650       1       com.sun.tools.javac.code.Type$DelegatedType::getTag (5 bytes)
Event: 0.828 Thread 0x000001b61fe97660 nmethod 1650 0x000001b611283910 code [0x000001b611283aa0, 0x000001b611283b78]
Event: 0.828 Thread 0x000001b61fe97660 1655       1       com.sun.tools.javac.code.Type::isPartial (2 bytes)
Event: 0.828 Thread 0x000001b61fe97660 nmethod 1655 0x000001b611283c10 code [0x000001b611283da0, 0x000001b611283e78]
Event: 0.828 Thread 0x000001b61fe97660 1651       3       com.sun.tools.javac.code.Kinds$KindSelector::<init> (11 bytes)
Event: 0.828 Thread 0x000001b61fe97660 nmethod 1651 0x000001b609a2d210 code [0x000001b609a2d3a0, 0x000001b609a2d518]
Event: 0.828 Thread 0x000001b61fe97660 1659       3       com.sun.tools.javac.code.Types::union (134 bytes)

GC Heap History (20 events):
Event: 0.337 GC heap before
{Heap before GC invocations=3 (full 0):
 garbage-first heap   total 8192K, used 3199K [0x0000000083400000, 0x0000000100000000)
  region size 1024K, 2 young (2048K), 1 survivors (1024K)
 Metaspace       used 7561K, committed 7744K, reserved 1064960K
  class space    used 871K, committed 960K, reserved 1048576K
}
Event: 0.338 GC heap after
{Heap after GC invocations=4 (full 0):
 garbage-first heap   total 8192K, used 2569K [0x0000000083400000, 0x0000000100000000)
  region size 1024K, 1 young (1024K), 1 survivors (1024K)
 Metaspace       used 7561K, committed 7744K, reserved 1064960K
  class space    used 871K, committed 960K, reserved 1048576K
}
Event: 0.369 GC heap before
{Heap before GC invocations=4 (full 0):
 garbage-first heap   total 8192K, used 3593K [0x0000000083400000, 0x0000000100000000)
  region size 1024K, 2 young (2048K), 1 survivors (1024K)
 Metaspace       used 7858K, committed 8000K, reserved 1064960K
  class space    used 904K, committed 960K, reserved 1048576K
}
Event: 0.371 GC heap after
{Heap after GC invocations=5 (full 0):
 garbage-first heap   total 10240K, used 2803K [0x0000000083400000, 0x0000000100000000)
  region size 1024K, 1 young (1024K), 1 survivors (1024K)
 Metaspace       used 7858K, committed 8000K, reserved 1064960K
  class space    used 904K, committed 960K, reserved 1048576K
}
Event: 0.427 GC heap before
{Heap before GC invocations=5 (full 0):
 garbage-first heap   total 10240K, used 4851K [0x0000000083400000, 0x0000000100000000)
  region size 1024K, 3 young (3072K), 1 survivors (1024K)
 Metaspace       used 8359K, committed 8512K, reserved 1064960K
  class space    used 968K, committed 1024K, reserved 1048576K
}
Event: 0.430 GC heap after
{Heap after GC invocations=6 (full 0):
 garbage-first heap   total 10240K, used 3969K [0x0000000083400000, 0x0000000100000000)
  region size 1024K, 1 young (1024K), 1 survivors (1024K)
 Metaspace       used 8359K, committed 8512K, reserved 1064960K
  class space    used 968K, committed 1024K, reserved 1048576K
}
Event: 0.477 GC heap before
{Heap before GC invocations=6 (full 0):
 garbage-first heap   total 10240K, used 4993K [0x0000000083400000, 0x0000000100000000)
  region size 1024K, 2 young (2048K), 1 survivors (1024K)
 Metaspace       used 8632K, committed 8704K, reserved 1064960K
  class space    used 996K, committed 1024K, reserved 1048576K
}
Event: 0.480 GC heap after
{Heap after GC invocations=7 (full 0):
 garbage-first heap   total 10240K, used 4185K [0x0000000083400000, 0x0000000100000000)
  region size 1024K, 1 young (1024K), 1 survivors (1024K)
 Metaspace       used 8632K, committed 8704K, reserved 1064960K
  class space    used 996K, committed 1024K, reserved 1048576K
}
Event: 0.497 GC heap before
{Heap before GC invocations=7 (full 0):
 garbage-first heap   total 10240K, used 5209K [0x0000000083400000, 0x0000000100000000)
  region size 1024K, 2 young (2048K), 1 survivors (1024K)
 Metaspace       used 8718K, committed 8896K, reserved 1064960K
  class space    used 1007K, committed 1088K, reserved 1048576K
}
Event: 0.498 GC heap after
{Heap after GC invocations=8 (full 0):
 garbage-first heap   total 10240K, used 4348K [0x0000000083400000, 0x0000000100000000)
  region size 1024K, 1 young (1024K), 1 survivors (1024K)
 Metaspace       used 8718K, committed 8896K, reserved 1064960K
  class space    used 1007K, committed 1088K, reserved 1048576K
}
Event: 0.505 GC heap before
{Heap before GC invocations=8 (full 0):
 garbage-first heap   total 10240K, used 5372K [0x0000000083400000, 0x0000000100000000)
  region size 1024K, 2 young (2048K), 1 survivors (1024K)
 Metaspace       used 8728K, committed 8896K, reserved 1064960K
  class space    used 1007K, committed 1088K, reserved 1048576K
}
Event: 0.506 GC heap after
{Heap after GC invocations=9 (full 0):
 garbage-first heap   total 17408K, used 4434K [0x0000000083400000, 0x0000000100000000)
  region size 1024K, 1 young (1024K), 1 survivors (1024K)
 Metaspace       used 8728K, committed 8896K, reserved 1064960K
  class space    used 1007K, committed 1088K, reserved 1048576K
}
Event: 0.573 GC heap before
{Heap before GC invocations=9 (full 0):
 garbage-first heap   total 17408K, used 9554K [0x0000000083400000, 0x0000000100000000)
  region size 1024K, 6 young (6144K), 1 survivors (1024K)
 Metaspace       used 8896K, committed 9024K, reserved 1064960K
  class space    used 1020K, committed 1088K, reserved 1048576K
}
Event: 0.576 GC heap after
{Heap after GC invocations=10 (full 0):
 garbage-first heap   total 17408K, used 5141K [0x0000000083400000, 0x0000000100000000)
  region size 1024K, 1 young (1024K), 1 survivors (1024K)
 Metaspace       used 8896K, committed 9024K, reserved 1064960K
  class space    used 1020K, committed 1088K, reserved 1048576K
}
Event: 0.628 GC heap before
{Heap before GC invocations=10 (full 0):
 garbage-first heap   total 17408K, used 10261K [0x0000000083400000, 0x0000000100000000)
  region size 1024K, 6 young (6144K), 1 survivors (1024K)
 Metaspace       used 9041K, committed 9216K, reserved 1064960K
  class space    used 1032K, committed 1088K, reserved 1048576K
}
Event: 0.633 GC heap after
{Heap after GC invocations=11 (full 0):
 garbage-first heap   total 17408K, used 6252K [0x0000000083400000, 0x0000000100000000)
  region size 1024K, 1 young (1024K), 1 survivors (1024K)
 Metaspace       used 9041K, committed 9216K, reserved 1064960K
  class space    used 1032K, committed 1088K, reserved 1048576K
}
Event: 0.669 GC heap before
{Heap before GC invocations=11 (full 0):
 garbage-first heap   total 17408K, used 10348K [0x0000000083400000, 0x0000000100000000)
  region size 1024K, 5 young (5120K), 1 survivors (1024K)
 Metaspace       used 9089K, committed 9280K, reserved 1064960K
  class space    used 1038K, committed 1088K, reserved 1048576K
}
Event: 0.672 GC heap after
{Heap after GC invocations=12 (full 0):
 garbage-first heap   total 17408K, used 7334K [0x0000000083400000, 0x0000000100000000)
  region size 1024K, 1 young (1024K), 1 survivors (1024K)
 Metaspace       used 9089K, committed 9280K, reserved 1064960K
  class space    used 1038K, committed 1088K, reserved 1048576K
}
Event: 0.698 GC heap before
{Heap before GC invocations=12 (full 0):
 garbage-first heap   total 17408K, used 11430K [0x0000000083400000, 0x0000000100000000)
  region size 1024K, 5 young (5120K), 1 survivors (1024K)
 Metaspace       used 9103K, committed 9280K, reserved 1064960K
  class space    used 1038K, committed 1088K, reserved 1048576K
}
Event: 0.702 GC heap after
{Heap after GC invocations=13 (full 0):
 garbage-first heap   total 34816K, used 8285K [0x0000000083400000, 0x0000000100000000)
  region size 1024K, 1 young (1024K), 1 survivors (1024K)
 Metaspace       used 9103K, committed 9280K, reserved 1064960K
  class space    used 1038K, committed 1088K, reserved 1048576K
}

Dll operation events (6 events):
Event: 0.005 Loaded shared library C:\Users\Admin\AppData\Local\Programs\Eclipse Adoptium\jdk-17.0.6.10-hotspot\bin\java.dll
Event: 0.011 Loaded shared library C:\Users\Admin\AppData\Local\Programs\Eclipse Adoptium\jdk-17.0.6.10-hotspot\bin\jsvml.dll
Event: 0.050 Loaded shared library C:\Users\Admin\AppData\Local\Programs\Eclipse Adoptium\jdk-17.0.6.10-hotspot\bin\jimage.dll
Event: 0.113 Loaded shared library C:\Users\Admin\AppData\Local\Programs\Eclipse Adoptium\jdk-17.0.6.10-hotspot\bin\net.dll
Event: 0.115 Loaded shared library C:\Users\Admin\AppData\Local\Programs\Eclipse Adoptium\jdk-17.0.6.10-hotspot\bin\nio.dll
Event: 0.140 Loaded shared library C:\Users\Admin\AppData\Local\Programs\Eclipse Adoptium\jdk-17.0.6.10-hotspot\bin\zip.dll

Deoptimization events (20 events):
Event: 0.585 Thread 0x000001b601c4baf0 Uncommon trap: trap_request=0xffffff45 fr.pc=0x000001b61125e6d0 relative=0x00000000000008f0
Event: 0.585 Thread 0x000001b601c4baf0 Uncommon trap: reason=unstable_if action=reinterpret pc=0x000001b61125e6d0 method=jdk.internal.jimage.ImageStringsReader.stringFromByteBuffer(Ljava/nio/ByteBuffer;I)Ljava/lang/String; @ 7 c2
Event: 0.585 Thread 0x000001b601c4baf0 DEOPT PACKING pc=0x000001b61125e6d0 sp=0x000000a5dc0fdbb0
Event: 0.585 Thread 0x000001b601c4baf0 DEOPT UNPACKING pc=0x000001b610cb69a3 sp=0x000000a5dc0fda20 mode 2
Event: 0.585 Thread 0x000001b601c4baf0 Uncommon trap: trap_request=0xffffff45 fr.pc=0x000001b6112546ac relative=0x00000000000007ec
Event: 0.585 Thread 0x000001b601c4baf0 Uncommon trap: reason=unstable_if action=reinterpret pc=0x000001b6112546ac method=jdk.internal.jimage.ImageStringsReader.stringFromByteBuffer(Ljava/nio/ByteBuffer;I)Ljava/lang/String; @ 7 c2
Event: 0.586 Thread 0x000001b601c4baf0 DEOPT PACKING pc=0x000001b6112546ac sp=0x000000a5dc0fda10
Event: 0.586 Thread 0x000001b601c4baf0 DEOPT UNPACKING pc=0x000001b610cb69a3 sp=0x000000a5dc0fd9b8 mode 2
Event: 0.604 Thread 0x000001b601c4baf0 Uncommon trap: trap_request=0xffffff45 fr.pc=0x000001b61125fc60 relative=0x0000000000000820
Event: 0.604 Thread 0x000001b601c4baf0 Uncommon trap: reason=unstable_if action=reinterpret pc=0x000001b61125fc60 method=jdk.internal.jimage.ImageStringsReader.stringFromByteBuffer(Ljava/nio/ByteBuffer;I)Ljava/lang/String; @ 7 c2
Event: 0.604 Thread 0x000001b601c4baf0 DEOPT PACKING pc=0x000001b61125fc60 sp=0x000000a5dc0fdb20
Event: 0.604 Thread 0x000001b601c4baf0 DEOPT UNPACKING pc=0x000001b610cb69a3 sp=0x000000a5dc0fda50 mode 2
Event: 0.613 Thread 0x000001b601c4baf0 Uncommon trap: trap_request=0xffffff45 fr.pc=0x000001b61123d960 relative=0x0000000000000060
Event: 0.613 Thread 0x000001b601c4baf0 Uncommon trap: reason=unstable_if action=reinterpret pc=0x000001b61123d960 method=com.sun.tools.javac.jvm.PoolReader.sizeof(I)I @ 1 c2
Event: 0.613 Thread 0x000001b601c4baf0 DEOPT PACKING pc=0x000001b61123d960 sp=0x000000a5dc0fe190
Event: 0.613 Thread 0x000001b601c4baf0 DEOPT UNPACKING pc=0x000001b610cb69a3 sp=0x000000a5dc0fe120 mode 2
Event: 0.655 Thread 0x000001b601c4baf0 Uncommon trap: trap_request=0xffffff45 fr.pc=0x000001b611263d04 relative=0x0000000000000a44
Event: 0.655 Thread 0x000001b601c4baf0 Uncommon trap: reason=unstable_if action=reinterpret pc=0x000001b611263d04 method=com.sun.tools.javac.util.ArrayUtils.ensureCapacity([BI)[B @ 3 c2
Event: 0.655 Thread 0x000001b601c4baf0 DEOPT PACKING pc=0x000001b611263d04 sp=0x000000a5dc0fdb20
Event: 0.655 Thread 0x000001b601c4baf0 DEOPT UNPACKING pc=0x000001b610cb69a3 sp=0x000000a5dc0fda48 mode 2

Classes unloaded (0 events):
No events

Classes redefined (0 events):
No events

Internal exceptions (20 events):
Event: 0.452 Thread 0x000001b601c4baf0 Exception <a 'sun/nio/fs/WindowsException'{0x0000000083da5f08}> (0x0000000083da5f08) 
thrown [s\src\hotspot\share\prims\jni.cpp, line 516]
Event: 0.481 Thread 0x000001b601c4baf0 Exception <a 'sun/nio/fs/WindowsException'{0x0000000083d07e00}> (0x0000000083d07e00) 
thrown [s\src\hotspot\share\prims\jni.cpp, line 516]
Event: 0.521 Thread 0x000001b601c4baf0 Exception <a 'java/lang/NoSuchMethodError'{0x00000000844b4960}: 'int java.lang.invoke.DirectMethodHandle$Holder.invokeSpecial(java.lang.Object, java.lang.Object, java.lang.Object)'> (0x00000000844b4960) 
thrown [s\src\hotspot\share\interpreter\linkResolver.cpp, line 759]
Event: 0.522 Thread 0x000001b601c4baf0 Exception <a 'sun/nio/fs/WindowsException'{0x00000000844bf040}> (0x00000000844bf040) 
thrown [s\src\hotspot\share\prims\jni.cpp, line 516]
Event: 0.527 Thread 0x000001b601c4baf0 Exception <a 'sun/nio/fs/WindowsException'{0x00000000844d7c68}> (0x00000000844d7c68) 
thrown [s\src\hotspot\share\prims\jni.cpp, line 516]
Event: 0.530 Thread 0x000001b601c4baf0 Exception <a 'java/lang/NoSuchMethodError'{0x00000000844e5be8}: 'java.lang.Object java.lang.invoke.DirectMethodHandle$Holder.invokeStatic(java.lang.Object, java.lang.Object, int, int)'> (0x00000000844e5be8) 
thrown [s\src\hotspot\share\interpreter\linkResolver.cpp, line 759]
Event: 0.535 Thread 0x000001b601c4baf0 Exception <a 'sun/nio/fs/WindowsException'{0x00000000844f9c78}> (0x00000000844f9c78) 
thrown [s\src\hotspot\share\prims\jni.cpp, line 516]
Event: 0.550 Thread 0x000001b601c4baf0 Exception <a 'sun/nio/fs/WindowsException'{0x00000000843523c0}> (0x00000000843523c0) 
thrown [s\src\hotspot\share\prims\jni.cpp, line 516]
Event: 0.553 Thread 0x000001b601c4baf0 Exception <a 'sun/nio/fs/WindowsException'{0x000000008435e8e8}> (0x000000008435e8e8) 
thrown [s\src\hotspot\share\prims\jni.cpp, line 516]
Event: 0.553 Thread 0x000001b601c4baf0 Exception <a 'sun/nio/fs/WindowsException'{0x000000008435ecd8}> (0x000000008435ecd8) 
thrown [s\src\hotspot\share\prims\jni.cpp, line 516]
Event: 0.553 Thread 0x000001b601c4baf0 Exception <a 'sun/nio/fs/WindowsException'{0x000000008435fde8}> (0x000000008435fde8) 
thrown [s\src\hotspot\share\prims\jni.cpp, line 516]
Event: 0.553 Thread 0x000001b601c4baf0 Exception <a 'sun/nio/fs/WindowsException'{0x0000000084360198}> (0x0000000084360198) 
thrown [s\src\hotspot\share\prims\jni.cpp, line 516]
Event: 0.594 Thread 0x000001b601c4baf0 Exception <a 'sun/nio/fs/WindowsException'{0x0000000084321580}> (0x0000000084321580) 
thrown [s\src\hotspot\share\prims\jni.cpp, line 516]
Event: 0.596 Thread 0x000001b601c4baf0 Exception <a 'sun/nio/fs/WindowsException'{0x0000000084325338}> (0x0000000084325338) 
thrown [s\src\hotspot\share\prims\jni.cpp, line 516]
Event: 0.598 Thread 0x000001b601c4baf0 Exception <a 'sun/nio/fs/WindowsException'{0x000000008432a8e0}> (0x000000008432a8e0) 
thrown [s\src\hotspot\share\prims\jni.cpp, line 516]
Event: 0.598 Thread 0x000001b601c4baf0 Exception <a 'sun/nio/fs/WindowsException'{0x000000008432acc8}> (0x000000008432acc8) 
thrown [s\src\hotspot\share\prims\jni.cpp, line 516]
Event: 0.598 Thread 0x000001b601c4baf0 Exception <a 'sun/nio/fs/WindowsException'{0x000000008432bdd8}> (0x000000008432bdd8) 
thrown [s\src\hotspot\share\prims\jni.cpp, line 516]
Event: 0.598 Thread 0x000001b601c4baf0 Exception <a 'sun/nio/fs/WindowsException'{0x000000008432c188}> (0x000000008432c188) 
thrown [s\src\hotspot\share\prims\jni.cpp, line 516]
Event: 0.652 Thread 0x000001b601c4baf0 Exception <a 'java/lang/NoSuchMethodError'{0x000000008423f050}: 'java.lang.Object java.lang.invoke.DirectMethodHandle$Holder.invokeInterface(java.lang.Object, java.lang.Object)'> (0x000000008423f050) 
thrown [s\src\hotspot\share\interpreter\linkResolver.cpp, line 759]
Event: 0.708 Thread 0x000001b601c4baf0 Exception <a 'java/lang/NoSuchMethodError'{0x000000008553ff48}: 'void java.lang.invoke.DirectMethodHandle$Holder.invokeSpecial(java.lang.Object, java.lang.Object, java.lang.Object, java.lang.Object, java.lang.Object)'> (0x000000008553ff48) 
thrown [s\src\hotspot\share\interpreter\linkResolver.cpp, line 759]

VM Operations (20 events):
Event: 0.427 Executing VM operation: G1CollectForAllocation
Event: 0.430 Executing VM operation: G1CollectForAllocation done
Event: 0.477 Executing VM operation: G1CollectForAllocation
Event: 0.480 Executing VM operation: G1CollectForAllocation done
Event: 0.497 Executing VM operation: G1CollectForAllocation
Event: 0.498 Executing VM operation: G1CollectForAllocation done
Event: 0.505 Executing VM operation: G1CollectForAllocation
Event: 0.506 Executing VM operation: G1CollectForAllocation done
Event: 0.572 Executing VM operation: G1CollectForAllocation
Event: 0.576 Executing VM operation: G1CollectForAllocation done
Event: 0.586 Executing VM operation: HandshakeAllThreads
Event: 0.586 Executing VM operation: HandshakeAllThreads done
Event: 0.628 Executing VM operation: G1CollectForAllocation
Event: 0.633 Executing VM operation: G1CollectForAllocation done
Event: 0.669 Executing VM operation: G1CollectForAllocation
Event: 0.672 Executing VM operation: G1CollectForAllocation done
Event: 0.698 Executing VM operation: G1CollectForAllocation
Event: 0.702 Executing VM operation: G1CollectForAllocation done
Event: 0.827 Executing VM operation: ICBufferFull
Event: 0.827 Executing VM operation: ICBufferFull done

Events (20 events):
Event: 0.456 loading class java/util/stream/Nodes$EmptyNode$OfDouble done
Event: 0.456 loading class java/util/stream/Nodes$SpinedNodeBuilder
Event: 0.456 loading class java/util/stream/Node$Builder
Event: 0.456 loading class java/util/stream/Node$Builder done
Event: 0.456 loading class java/util/stream/Nodes$SpinedNodeBuilder done
Event: 0.456 loading class sun/nio/fs/WindowsPath$WindowsPathWithAttributes
Event: 0.456 loading class sun/nio/fs/WindowsPath$WindowsPathWithAttributes done
Event: 0.586 loading class jdk/internal/jimage/ImageReader$LinkNode
Event: 0.586 loading class jdk/internal/jimage/ImageReader$LinkNode done
Event: 0.649 loading class java/lang/invoke/MethodHandle$1
Event: 0.649 loading class java/lang/invoke/MethodHandle$1 done
Event: 0.673 Thread 0x000001b621349b40 Thread added: 0x000001b621349b40
Event: 0.764 loading class java/util/stream/ReduceOps$1
Event: 0.764 loading class java/util/stream/ReduceOps$1 done
Event: 0.764 loading class java/util/stream/ReduceOps$1ReducingSink
Event: 0.764 loading class java/util/stream/ReduceOps$1ReducingSink done
Event: 0.778 loading class java/util/stream/Nodes$FixedNodeBuilder
Event: 0.778 loading class java/util/stream/Nodes$ArrayNode
Event: 0.778 loading class java/util/stream/Nodes$ArrayNode done
Event: 0.778 loading class java/util/stream/Nodes$FixedNodeBuilder done


Dynamic libraries:
0x00007ff6c9880000 - 0x00007ff6c9888000 	C:\Users\Admin\AppData\Local\Programs\Eclipse Adoptium\jdk-17.0.6.10-hotspot\bin\javac.exe
0x00007fff36a90000 - 0x00007fff36ca7000 	C:\WINDOWS\SYSTEM32\ntdll.dll
0x00007fff35d80000 - 0x00007fff35e44000 	C:\WINDOWS\System32\KERNEL32.DLL
0x00007fff34090000 - 0x00007fff34436000 	C:\WINDOWS\System32\KERNELBASE.dll
0x00007fff34560000 - 0x00007fff34671000 	C:\WINDOWS\System32\ucrtbase.dll
0x00007fff29860000 - 0x00007fff29879000 	C:\Users\Admin\AppData\Local\Programs\Eclipse Adoptium\jdk-17.0.6.10-hotspot\bin\VCRUNTIME140.dll
0x00007fff00c70000 - 0x00007fff00c87000 	C:\Users\Admin\AppData\Local\Programs\Eclipse Adoptium\jdk-17.0.6.10-hotspot\bin\jli.dll
0x00007fff35fe0000 - 0x00007fff3618e000 	C:\WINDOWS\System32\USER32.dll
0x00007fff34060000 - 0x00007fff34086000 	C:\WINDOWS\System32\win32u.dll
0x00007fff25cf0000 - 0x00007fff25f83000 	C:\WINDOWS\WinSxS\amd64_microsoft.windows.common-controls_6595b64144ccf1df_6.0.22621.2506_none_270c5ae97388e100\COMCTL32.dll
0x00007fff35e50000 - 0x00007fff35e79000 	C:\WINDOWS\System32\GDI32.dll
0x00007fff36240000 - 0x00007fff362e7000 	C:\WINDOWS\System32\msvcrt.dll
0x00007fff34440000 - 0x00007fff34558000 	C:\WINDOWS\System32\gdi32full.dll
0x00007fff34680000 - 0x00007fff3471a000 	C:\WINDOWS\System32\msvcp_win.dll
0x00007fff35fa0000 - 0x00007fff35fd1000 	C:\WINDOWS\System32\IMM32.DLL
0x00007fff29850000 - 0x00007fff2985c000 	C:\Users\Admin\AppData\Local\Programs\Eclipse Adoptium\jdk-17.0.6.10-hotspot\bin\vcruntime140_1.dll
0x00007fff164d0000 - 0x00007fff16561000 	C:\Users\Admin\AppData\Local\Programs\Eclipse Adoptium\jdk-17.0.6.10-hotspot\bin\msvcp140.dll
0x00007ffe61d10000 - 0x00007ffe62957000 	C:\Users\Admin\AppData\Local\Programs\Eclipse Adoptium\jdk-17.0.6.10-hotspot\bin\server\jvm.dll
0x00007fff357c0000 - 0x00007fff35871000 	C:\WINDOWS\System32\ADVAPI32.dll
0x00007fff35ba0000 - 0x00007fff35c45000 	C:\WINDOWS\System32\sechost.dll
0x00007fff35e80000 - 0x00007fff35f97000 	C:\WINDOWS\System32\RPCRT4.dll
0x00007fff28c40000 - 0x00007fff28c74000 	C:\WINDOWS\SYSTEM32\WINMM.dll
0x00007fff28690000 - 0x00007fff2869a000 	C:\WINDOWS\SYSTEM32\VERSION.dll
0x00007fff29520000 - 0x00007fff29529000 	C:\WINDOWS\SYSTEM32\WSOCK32.dll
0x00007fff36830000 - 0x00007fff368a1000 	C:\WINDOWS\System32\WS2_32.dll
0x00007fff32ef0000 - 0x00007fff32f08000 	C:\WINDOWS\SYSTEM32\kernel.appcore.dll
0x00007fff29830000 - 0x00007fff2983a000 	C:\Users\Admin\AppData\Local\Programs\Eclipse Adoptium\jdk-17.0.6.10-hotspot\bin\jimage.dll
0x00007fff316e0000 - 0x00007fff31913000 	C:\WINDOWS\SYSTEM32\DBGHELP.DLL
0x00007fff362f0000 - 0x00007fff36679000 	C:\WINDOWS\System32\combase.dll
0x00007fff35900000 - 0x00007fff359d7000 	C:\WINDOWS\System32\OLEAUT32.dll
0x00007fff27ec0000 - 0x00007fff27ef2000 	C:\WINDOWS\SYSTEM32\dbgcore.DLL
0x00007fff33e00000 - 0x00007fff33e7a000 	C:\WINDOWS\System32\bcryptPrimitives.dll
0x00007fff27500000 - 0x00007fff27525000 	C:\Users\Admin\AppData\Local\Programs\Eclipse Adoptium\jdk-17.0.6.10-hotspot\bin\java.dll
0x00007fff26c90000 - 0x00007fff26d66000 	C:\Users\Admin\AppData\Local\Programs\Eclipse Adoptium\jdk-17.0.6.10-hotspot\bin\jsvml.dll
0x00007fff34800000 - 0x00007fff3505a000 	C:\WINDOWS\System32\SHELL32.dll
0x00007fff31d30000 - 0x00007fff32626000 	C:\WINDOWS\SYSTEM32\windows.storage.dll
0x00007fff31bf0000 - 0x00007fff31d2e000 	C:\WINDOWS\SYSTEM32\wintypes.dll
0x00007fff35060000 - 0x00007fff35153000 	C:\WINDOWS\System32\SHCORE.dll
0x00007fff367d0000 - 0x00007fff3682e000 	C:\WINDOWS\System32\shlwapi.dll
0x00007fff33d30000 - 0x00007fff33d56000 	C:\WINDOWS\SYSTEM32\profapi.dll
0x00007fff297f0000 - 0x00007fff29809000 	C:\Users\Admin\AppData\Local\Programs\Eclipse Adoptium\jdk-17.0.6.10-hotspot\bin\net.dll
0x00007fff2ab70000 - 0x00007fff2aca7000 	C:\WINDOWS\SYSTEM32\WINHTTP.dll
0x00007fff33370000 - 0x00007fff333d9000 	C:\WINDOWS\system32\mswsock.dll
0x00007fff27720000 - 0x00007fff27735000 	C:\Users\Admin\AppData\Local\Programs\Eclipse Adoptium\jdk-17.0.6.10-hotspot\bin\nio.dll
0x00007fff272a0000 - 0x00007fff272b8000 	C:\Users\Admin\AppData\Local\Programs\Eclipse Adoptium\jdk-17.0.6.10-hotspot\bin\zip.dll

dbghelp: loaded successfully - version: 4.0.5 - missing functions: none
symbol engine: initialized successfully - sym options: 0x614 - pdb path: .;C:\Users\Admin\AppData\Local\Programs\Eclipse Adoptium\jdk-17.0.6.10-hotspot\bin;C:\WINDOWS\SYSTEM32;C:\WINDOWS\WinSxS\amd64_microsoft.windows.common-controls_6595b64144ccf1df_6.0.22621.2506_none_270c5ae97388e100;C:\Users\Admin\AppData\Local\Programs\Eclipse Adoptium\jdk-17.0.6.10-hotspot\bin\server

VM Arguments:
jvm_args: -Dapplication.home=C:\Users\Admin\AppData\Local\Programs\Eclipse Adoptium\jdk-17.0.6.10-hotspot --add-modules=ALL-DEFAULT -Xms8m -Djdk.module.main=jdk.compiler 
java_command: jdk.compiler/com.sun.tools.javac.Main -d C:\Users\Admin\Documents\NetBeansProjects\E-commerce-portal-for-used-furniture-sales-application\build\classes -classpath C:\Users\Admin\Documents\NetBeansProjects\E-commerce-portal-for-used-furniture-sales-application\build\classes;D:\Taigame\icons_mysqlConnector\icons_mysqlConnector\mysql-connector-java-8.0.26.jar -sourcepath C:\Users\Admin\Documents\NetBeansProjects\E-commerce-portal-for-used-furniture-sales-application\src -target 17 -encoding UTF-8 -g -processorpath D:\Users\thanhphatchau\Downloads\icons_mysqlConnector\mysql-connector-java-8.0.26.jar;D:\Taigame\icons_mysqlConnector\icons_mysqlConnector\mysql-connector-java-8.0.26.jar;C:\Users\Admin\Documents\NetBeansProjects\E-commerce-portal-for-used-furniture-sales-application\build\empty -s C:\Users\Admin\Documents\NetBeansProjects\E-commerce-portal-for-used-furniture-sales-application\build\generated-sources\ap-source-output -source 17 C:\Users\Admin\Documents\NetBeansProjects\E-commerce-portal-for-used-furniture-sales-application\src\user\login.java
java_class_path (initial): <not set>
Launcher Type: SUN_STANDARD

[Global flags]
     intx CICompilerCount                          = 4                                         {product} {ergonomic}
     uint ConcGCThreads                            = 2                                         {product} {ergonomic}
     uint G1ConcRefinementThreads                  = 8                                         {product} {ergonomic}
   size_t G1HeapRegionSize                         = 1048576                                   {product} {ergonomic}
    uintx GCDrainStackTargetSize                   = 64                                        {product} {ergonomic}
   size_t InitialHeapSize                          = 8388608                                   {product} {command line}
   size_t MarkStackSize                            = 4194304                                   {product} {ergonomic}
   size_t MaxHeapSize                              = 2092957696                                {product} {ergonomic}
   size_t MaxNewSize                               = 1255145472                                {product} {ergonomic}
   size_t MinHeapDeltaBytes                        = 1048576                                   {product} {ergonomic}
   size_t MinHeapSize                              = 8388608                                   {product} {command line}
    uintx NonNMethodCodeHeapSize                   = 5839372                                {pd product} {ergonomic}
    uintx NonProfiledCodeHeapSize                  = 122909434                              {pd product} {ergonomic}
    uintx ProfiledCodeHeapSize                     = 122909434                              {pd product} {ergonomic}
    uintx ReservedCodeCacheSize                    = 251658240                              {pd product} {ergonomic}
     bool SegmentedCodeCache                       = true                                      {product} {ergonomic}
   size_t SoftMaxHeapSize                          = 2092957696                             {manageable} {ergonomic}
     bool UseCompressedClassPointers               = true                           {product lp64_product} {ergonomic}
     bool UseCompressedOops                        = true                           {product lp64_product} {ergonomic}
     bool UseG1GC                                  = true                                      {product} {ergonomic}
     bool UseLargePagesIndividualAllocation        = false                                  {pd product} {ergonomic}

Logging:
Log output configuration:
 #0: stdout all=warning uptime,level,tags
 #1: stderr all=off uptime,level,tags

Environment Variables:
JAVA_HOME=C:\Users\Admin\AppData\Local\Programs\Eclipse Adoptium\jdk-17.0.6.10-hotspot\
PATH=C:\Program Files\Common Files\Oracle\Java\javapath;C:\Windows\system32;C:\Windows;C:\Windows\System32\Wbem;C:\Windows\System32\WindowsPowerShell\v1.0\;C:\Windows\System32\OpenSSH\;C:\Program Files (x86)\NVIDIA Corporation\PhysX\Common;C:\Program Files\NVIDIA Corporation\NVIDIA NvDLISR;C:\WINDOWS\system32;C:\WINDOWS;C:\WINDOWS\System32\Wbem;C:\WINDOWS\System32\WindowsPowerShell\v1.0\;C:\WINDOWS\System32\OpenSSH\;C:\Program Files\Microsoft SQL Server\Client SDK\ODBC\170\Tools\Binn\;C:\Program Files (x86)\Microsoft SQL Server\150\Tools\Binn\;C:\Program Files\Microsoft SQL Server\150\Tools\Binn\;C:\Program Files\Microsoft SQL Server\150\DTS\Binn\;C:\Program Files\Git\cmd;C:\Program Files\Microsoft SQL Server\Client SDK\ODBC\110\Tools\Binn\;C:\Program Files (x86)\Microsoft SQL Server\120\Tools\Binn\;C:\Program Files\Microsoft SQL Server\120\Tools\Binn\;C:\Program Files\Microsoft SQL Server\120\DTS\Binn\;C:\Program Files (x86)\Microsoft SQL Server\120\Tools\Binn\ManagementStudio\;C:\Program Files (x86)\Microsoft SQL Server\120\DTS\Binn\;C:\Program Files\PuTTY\;C:\Program Files\MySQL\MySQL Server 8.0\bin;C:\Program Files\MySQL\MySQL Shell 8.0\bin\;C:\Users\Admin\AppData\Local\Programs\Python\Python311\Scripts\;C:\Users\Admin\AppData\Local\Programs\Python\Python311\;C:\Users\Admin\AppData\Local\Programs\Eclipse Adoptium\jdk-17.0.6.10-hotspot\bin;C:\Users\Admin\AppData\Local\Microsoft\WindowsApps;C:\Users\Admin\AppData\Local\Programs\Microsoft VS Code\bin
USERNAME=Admin
OS=Windows_NT
PROCESSOR_IDENTIFIER=Intel64 Family 6 Model 165 Stepping 2, GenuineIntel
TMP=C:\Users\Admin\AppData\Local\Temp
TEMP=C:\Users\Admin\AppData\Local\Temp



---------------  S Y S T E M  ---------------

OS:
 Windows 11 , 64 bit Build 22621 (10.0.22621.2506)
OS uptime: 1 days 16:09 hours

CPU: total 8 (initial active 8) (4 cores per cpu, 2 threads per core) family 6 model 165 stepping 2 microcode 0xe0, cx8, cmov, fxsr, ht, mmx, 3dnowpref, sse, sse2, sse3, ssse3, sse4.1, sse4.2, popcnt, lzcnt, tsc, tscinvbit, avx, avx2, aes, erms, clmul, bmi1, bmi2, adx, fma, vzeroupper, clflush, clflushopt

Memory: 4k page, system-wide physical 7979M (891M free)
TotalPageFile size 21563M (AvailPageFile size 3M)
current process WorkingSet (physical memory assigned to process): 99M, peak: 99M
current process commit charge ("private bytes"): 146M, peak: 146M

vm_info: OpenJDK 64-Bit Server VM (17.0.6+10) for windows-amd64 JRE (17.0.6+10), built on Jan 18 2023 10:08:59 by "temurin" with MS VC++ 16.7 (VS2019)

END.
