#
# There is insufficient memory for the Java Runtime Environment to continue.
# Native memory allocation (malloc) failed to allocate 787136 bytes for Chunk::new
# Possible reasons:
#   The system is out of physical RAM or swap space
#   The process is running with CompressedOops enabled, and the Java Heap may be blocking the growth of the native heap
# Possible solutions:
#   Reduce memory load on the system
#   Increase physical memory or swap space
#   Check if swap backing store is full
#   Decrease Java heap size (-Xmx/-Xms)
#   Decrease number of Java threads
#   Decrease Java thread stack sizes (-Xss)
#   Set larger code cache with -XX:ReservedCodeCacheSize=
#   JVM is running with Unscaled Compressed Oops mode in which the Java heap is
#     placed in the first 4GB address space. The Java Heap base address is the
#     maximum limit for the native heap growth. Please use -XX:HeapBaseMinAddress
#     to set the Java Heap base and to place the Java Heap above 4GB virtual address.
# This output file may be truncated or incomplete.
#
#  Out of Memory Error (arena.cpp:189), pid=18508, tid=29412
#
# JRE version: OpenJDK Runtime Environment Temurin-17.0.6+10 (17.0.6+10) (build 17.0.6+10)
# Java VM: OpenJDK 64-Bit Server VM Temurin-17.0.6+10 (17.0.6+10, mixed mode, sharing, tiered, compressed oops, compressed class ptrs, g1 gc, windows-amd64)
# No core dump will be written. Minidumps are not enabled by default on client versions of Windows
#

---------------  S U M M A R Y ------------

Command Line: -Dapplication.home=C:\Users\Admin\AppData\Local\Programs\Eclipse Adoptium\jdk-17.0.6.10-hotspot --add-modules=ALL-DEFAULT -Xms8m -Djdk.module.main=jdk.compiler jdk.compiler/com.sun.tools.javac.Main -d C:\Users\Admin\Documents\NetBeansProjects\E-commerce-portal-for-used-furniture-sales-application\build\classes -classpath C:\Users\Admin\Documents\NetBeansProjects\E-commerce-portal-for-used-furniture-sales-application\build\classes;D:\Taigame\icons_mysqlConnector\icons_mysqlConnector\mysql-connector-java-8.0.26.jar -sourcepath C:\Users\Admin\Documents\NetBeansProjects\E-commerce-portal-for-used-furniture-sales-application\src -target 17 -encoding UTF-8 -g -processorpath D:\Users\thanhphatchau\Downloads\icons_mysqlConnector\mysql-connector-java-8.0.26.jar;D:\Taigame\icons_mysqlConnector\icons_mysqlConnector\mysql-connector-java-8.0.26.jar;C:\Users\Admin\Documents\NetBeansProjects\E-commerce-portal-for-used-furniture-sales-application\build\empty -s C:\Users\Admin\Documents\NetBeansProjects\E-commerce-portal-for-used-furniture-sales-application\build\generated-sources\ap-source-output -source 17 C:\Users\Admin\Documents\NetBeansProjects\E-commerce-portal-for-used-furniture-sales-application\src\user\login.java

Host: Intel(R) Core(TM) i5-10300H CPU @ 2.50GHz, 8 cores, 7G,  Windows 11 , 64 bit Build 22621 (10.0.22621.2506)
Time: Sun Dec 17 01:18:25 2023 SE Asia Standard Time elapsed time: 0.725642 seconds (0d 0h 0m 0s)

---------------  T H R E A D  ---------------

Current thread (0x000001e8fd1a1880):  JavaThread "C2 CompilerThread2" daemon [_thread_in_native, id=29412, stack(0x000000a37b300000,0x000000a37b400000)]


Current CompileTask:
C2:    725 1469   !   4       com.sun.tools.javac.jvm.ClassReader::classSigToType (497 bytes)

Stack: [0x000000a37b300000,0x000000a37b400000]
Native frames: (J=compiled Java code, j=interpreted, Vv=VM code, C=native code)
V  [jvm.dll+0x67741a]
V  [jvm.dll+0x834434]
V  [jvm.dll+0x835bde]
V  [jvm.dll+0x836243]
V  [jvm.dll+0x2457b5]
V  [jvm.dll+0xabafc]
V  [jvm.dll+0xac0cc]
V  [jvm.dll+0x2ac94f]
V  [jvm.dll+0x57de47]
V  [jvm.dll+0x220812]
V  [jvm.dll+0x219caf]
V  [jvm.dll+0x21790b]
V  [jvm.dll+0x1a3d0d]
V  [jvm.dll+0x22742a]
V  [jvm.dll+0x225565]
V  [jvm.dll+0x7ea2cb]
V  [jvm.dll+0x7e483a]
V  [jvm.dll+0x6762c5]
C  [ucrtbase.dll+0x29363]
C  [KERNEL32.DLL+0x1257d]
C  [ntdll.dll+0x5aa58]


---------------  P R O C E S S  ---------------

Threads class SMR info:
_java_thread_list=0x000001e8fd07bb00, length=14, elements={
0x000001e8ddd1d620, 0x000001e8fbfa4290, 0x000001e8fbfa5620, 0x000001e8fbfb91a0,
0x000001e8fbfbac70, 0x000001e8fbfbd630, 0x000001e8fbfbe3f0, 0x000001e8fbfbf790,
0x000001e8fbfc8240, 0x000001e8fbfcac40, 0x000001e8fcc1a5f0, 0x000001e8fccb0830,
0x000001e8fce5af60, 0x000001e8fd1a1880
}

Java Threads: ( => current thread )
  0x000001e8ddd1d620 JavaThread "main" [_thread_in_Java, id=22532, stack(0x000000a379a00000,0x000000a379b00000)]
  0x000001e8fbfa4290 JavaThread "Reference Handler" daemon [_thread_blocked, id=14684, stack(0x000000a37a100000,0x000000a37a200000)]
  0x000001e8fbfa5620 JavaThread "Finalizer" daemon [_thread_blocked, id=23396, stack(0x000000a37a200000,0x000000a37a300000)]
  0x000001e8fbfb91a0 JavaThread "Signal Dispatcher" daemon [_thread_blocked, id=18232, stack(0x000000a37a300000,0x000000a37a400000)]
  0x000001e8fbfbac70 JavaThread "Attach Listener" daemon [_thread_blocked, id=13184, stack(0x000000a37a400000,0x000000a37a500000)]
  0x000001e8fbfbd630 JavaThread "Service Thread" daemon [_thread_blocked, id=24160, stack(0x000000a37a500000,0x000000a37a600000)]
  0x000001e8fbfbe3f0 JavaThread "Monitor Deflation Thread" daemon [_thread_blocked, id=32172, stack(0x000000a37a600000,0x000000a37a700000)]
  0x000001e8fbfbf790 JavaThread "C2 CompilerThread0" daemon [_thread_in_native, id=1596, stack(0x000000a37a700000,0x000000a37a800000)]
  0x000001e8fbfc8240 JavaThread "C1 CompilerThread0" daemon [_thread_in_native, id=16328, stack(0x000000a37a800000,0x000000a37a900000)]
  0x000001e8fbfcac40 JavaThread "Sweeper thread" daemon [_thread_blocked, id=13332, stack(0x000000a37a900000,0x000000a37aa00000)]
  0x000001e8fcc1a5f0 JavaThread "Common-Cleaner" daemon [_thread_blocked, id=22724, stack(0x000000a37aa00000,0x000000a37ab00000)]
  0x000001e8fccb0830 JavaThread "Notification Thread" daemon [_thread_blocked, id=19884, stack(0x000000a37ab00000,0x000000a37ac00000)]
  0x000001e8fce5af60 JavaThread "C2 CompilerThread1" daemon [_thread_in_native, id=33584, stack(0x000000a37b200000,0x000000a37b300000)]
=>0x000001e8fd1a1880 JavaThread "C2 CompilerThread2" daemon [_thread_in_native, id=29412, stack(0x000000a37b300000,0x000000a37b400000)]

Other Threads:
  0x000001e8ddddd960 VMThread "VM Thread" [stack: 0x000000a37a000000,0x000000a37a100000] [id=32480]
  0x000001e8fccb0d00 WatcherThread [stack: 0x000000a37ac00000,0x000000a37ad00000] [id=5680]
  0x000001e8ddd7a430 GCTaskThread "GC Thread#0" [stack: 0x000000a379b00000,0x000000a379c00000] [id=20288]
  0x000001e8fce6d8b0 GCTaskThread "GC Thread#1" [stack: 0x000000a37ad00000,0x000000a37ae00000] [id=31400]
  0x000001e8fce78710 GCTaskThread "GC Thread#2" [stack: 0x000000a37ae00000,0x000000a37af00000] [id=25004]
  0x000001e8fce7cde0 GCTaskThread "GC Thread#3" [stack: 0x000000a37af00000,0x000000a37b000000] [id=26928]
  0x000001e8fcfa6d30 GCTaskThread "GC Thread#4" [stack: 0x000000a37b000000,0x000000a37b100000] [id=31704]
  0x000001e8fd091960 GCTaskThread "GC Thread#5" [stack: 0x000000a37b100000,0x000000a37b200000] [id=21896]
  0x000001e8fd43bb60 GCTaskThread "GC Thread#6" [stack: 0x000000a37b400000,0x000000a37b500000] [id=33332]
  0x000001e8ddd8acf0 ConcurrentGCThread "G1 Main Marker" [stack: 0x000000a379c00000,0x000000a379d00000] [id=9104]
  0x000001e8ddd8b700 ConcurrentGCThread "G1 Conc#0" [stack: 0x000000a379d00000,0x000000a379e00000] [id=31308]
  0x000001e8dddb6fd0 ConcurrentGCThread "G1 Refine#0" [stack: 0x000000a379e00000,0x000000a379f00000] [id=13292]
  0x000001e8dddb79f0 ConcurrentGCThread "G1 Service" [stack: 0x000000a379f00000,0x000000a37a000000] [id=25204]

Threads with active compile tasks:
C2 CompilerThread0      741 1557       4       com.sun.tools.javac.file.PathFileObject::getKind (8 bytes)
C2 CompilerThread1      742 1572       4       java.util.concurrent.ConcurrentHashMap::get (162 bytes)
C2 CompilerThread2      742 1469   !   4       com.sun.tools.javac.jvm.ClassReader::classSigToType (497 bytes)

VM state: not at safepoint (normal execution)

VM Mutex/Monitor currently owned by a thread: None

Heap address: 0x0000000083400000, size: 1996 MB, Compressed Oops mode: 32-bit

CDS archive(s) mapped at: [0x0000000800000000-0x0000000800bc0000-0x0000000800bc0000), size 12320768, SharedBaseAddress: 0x0000000800000000, ArchiveRelocationMode: 0.
Compressed class space mapped at: 0x0000000800c00000-0x0000000840c00000, reserved size: 1073741824
Narrow klass base: 0x0000000800000000, Narrow klass shift: 0, Narrow klass range: 0x100000000

GC Precious Log:
 CPUs: 8 total, 8 available
 Memory: 7979M
 Large Page Support: Disabled
 NUMA Support: Disabled
 Compressed Oops: Enabled (32-bit)
 Heap Region Size: 1M
 Heap Min Capacity: 8M
 Heap Initial Capacity: 8M
 Heap Max Capacity: 1996M
 Pre-touch: Disabled
 Parallel Workers: 8
 Concurrent Workers: 2
 Concurrent Refinement Workers: 8
 Periodic GC: Disabled

Heap:
 garbage-first heap   total 34816K, used 11264K [0x0000000083400000, 0x0000000100000000)
  region size 1024K, 5 young (5120K), 1 survivors (1024K)
 Metaspace       used 9434K, committed 9664K, reserved 1064960K
  class space    used 1082K, committed 1216K, reserved 1048576K

Heap Regions: E=young(eden), S=young(survivor), O=old, HS=humongous(starts), HC=humongous(continues), CS=collection set, F=free, OA=open archive, CA=closed archive, TAMS=top-at-mark-start (previous, next)
|   0|0x0000000083400000, 0x0000000083500000, 0x0000000083500000|100%| O|  |TAMS 0x0000000083400000, 0x0000000083400000| Untracked 
|   1|0x0000000083500000, 0x0000000083600000, 0x0000000083600000|100%| O|  |TAMS 0x0000000083500000, 0x0000000083500000| Untracked 
|   2|0x0000000083600000, 0x0000000083700000, 0x0000000083700000|100%| O|  |TAMS 0x0000000083600000, 0x0000000083600000| Untracked 
|   3|0x0000000083700000, 0x0000000083800000, 0x0000000083800000|100%| O|  |TAMS 0x0000000083700000, 0x0000000083700000| Untracked 
|   4|0x0000000083800000, 0x0000000083900000, 0x0000000083900000|100%| O|  |TAMS 0x0000000083800000, 0x0000000083800000| Untracked 
|   5|0x0000000083900000, 0x0000000083a00000, 0x0000000083a00000|100%| O|  |TAMS 0x0000000083900000, 0x0000000083900000| Untracked 
|   6|0x0000000083a00000, 0x0000000083b00000, 0x0000000083b00000|100%| O|  |TAMS 0x0000000083a00000, 0x0000000083a00000| Untracked 
|   7|0x0000000083b00000, 0x0000000083b00000, 0x0000000083c00000|  0%| F|  |TAMS 0x0000000083b00000, 0x0000000083b00000| Untracked 
|   8|0x0000000083c00000, 0x0000000083c00000, 0x0000000083d00000|  0%| F|  |TAMS 0x0000000083c00000, 0x0000000083c00000| Untracked 
|   9|0x0000000083d00000, 0x0000000083d00000, 0x0000000083e00000|  0%| F|  |TAMS 0x0000000083d00000, 0x0000000083d00000| Untracked 
|  10|0x0000000083e00000, 0x0000000083e00000, 0x0000000083f00000|  0%| F|  |TAMS 0x0000000083e00000, 0x0000000083e00000| Untracked 
|  11|0x0000000083f00000, 0x0000000084000000, 0x0000000084000000|100%| S|CS|TAMS 0x0000000083f00000, 0x0000000083f00000| Complete 
|  12|0x0000000084000000, 0x0000000084000000, 0x0000000084100000|  0%| F|  |TAMS 0x0000000084000000, 0x0000000084000000| Untracked 
|  13|0x0000000084100000, 0x0000000084100000, 0x0000000084200000|  0%| F|  |TAMS 0x0000000084100000, 0x0000000084100000| Untracked 
|  14|0x0000000084200000, 0x0000000084200000, 0x0000000084300000|  0%| F|  |TAMS 0x0000000084200000, 0x0000000084200000| Untracked 
|  15|0x0000000084300000, 0x0000000084300000, 0x0000000084400000|  0%| F|  |TAMS 0x0000000084300000, 0x0000000084300000| Untracked 
|  16|0x0000000084400000, 0x0000000084400000, 0x0000000084500000|  0%| F|  |TAMS 0x0000000084400000, 0x0000000084400000| Untracked 
|  17|0x0000000084500000, 0x0000000084500000, 0x0000000084600000|  0%| F|  |TAMS 0x0000000084500000, 0x0000000084500000| Untracked 
|  18|0x0000000084600000, 0x0000000084600000, 0x0000000084700000|  0%| F|  |TAMS 0x0000000084600000, 0x0000000084600000| Untracked 
|  19|0x0000000084700000, 0x0000000084700000, 0x0000000084800000|  0%| F|  |TAMS 0x0000000084700000, 0x0000000084700000| Untracked 
|  20|0x0000000084800000, 0x0000000084800000, 0x0000000084900000|  0%| F|  |TAMS 0x0000000084800000, 0x0000000084800000| Untracked 
|  21|0x0000000084900000, 0x0000000084900000, 0x0000000084a00000|  0%| F|  |TAMS 0x0000000084900000, 0x0000000084900000| Untracked 
|  22|0x0000000084a00000, 0x0000000084a00000, 0x0000000084b00000|  0%| F|  |TAMS 0x0000000084a00000, 0x0000000084a00000| Untracked 
|  23|0x0000000084b00000, 0x0000000084b00000, 0x0000000084c00000|  0%| F|  |TAMS 0x0000000084b00000, 0x0000000084b00000| Untracked 
|  24|0x0000000084c00000, 0x0000000084c00000, 0x0000000084d00000|  0%| F|  |TAMS 0x0000000084c00000, 0x0000000084c00000| Untracked 
|  25|0x0000000084d00000, 0x0000000084d00000, 0x0000000084e00000|  0%| F|  |TAMS 0x0000000084d00000, 0x0000000084d00000| Untracked 
|  26|0x0000000084e00000, 0x0000000084e00000, 0x0000000084f00000|  0%| F|  |TAMS 0x0000000084e00000, 0x0000000084e00000| Untracked 
|  27|0x0000000084f00000, 0x0000000084f00000, 0x0000000085000000|  0%| F|  |TAMS 0x0000000084f00000, 0x0000000084f00000| Untracked 
|  28|0x0000000085000000, 0x0000000085000000, 0x0000000085100000|  0%| F|  |TAMS 0x0000000085000000, 0x0000000085000000| Untracked 
|  29|0x0000000085100000, 0x0000000085100000, 0x0000000085200000|  0%| F|  |TAMS 0x0000000085100000, 0x0000000085100000| Untracked 
|  30|0x0000000085200000, 0x0000000085300000, 0x0000000085300000|100%| E|  |TAMS 0x0000000085200000, 0x0000000085200000| Complete 
|  31|0x0000000085300000, 0x0000000085400000, 0x0000000085400000|100%| E|CS|TAMS 0x0000000085300000, 0x0000000085300000| Complete 
|  32|0x0000000085400000, 0x0000000085500000, 0x0000000085500000|100%| E|CS|TAMS 0x0000000085400000, 0x0000000085400000| Complete 
|  33|0x0000000085500000, 0x0000000085600000, 0x0000000085600000|100%| E|CS|TAMS 0x0000000085500000, 0x0000000085500000| Complete 

Card table byte_map: [0x000001e8f4f30000,0x000001e8f5320000] _byte_map_base: 0x000001e8f4b16000

Marking Bits (Prev, Next): (CMBitMap*) 0x000001e8ddd7aa40, (CMBitMap*) 0x000001e8ddd7aa80
 Prev Bits: [0x000001e8f5710000, 0x000001e8f7640000)
 Next Bits: [0x000001e8f7640000, 0x000001e8f9570000)

Polling page: 0x000001e8dd4e0000

Metaspace:

Usage:
  Non-class:      8.17 MB used.
      Class:      1.06 MB used.
       Both:      9.23 MB used.

Virtual space:
  Non-class space:       16.00 MB reserved,       8.25 MB ( 52%) committed,  2 nodes.
      Class space:        1.00 GB reserved,       1.19 MB ( <1%) committed,  1 nodes.
             Both:        1.02 GB reserved,       9.44 MB ( <1%) committed. 

Chunk freelists:
   Non-Class:  1.78 MB
       Class:  2.86 MB
        Both:  4.64 MB

MaxMetaspaceSize: unlimited
CompressedClassSpaceSize: 1.00 GB
Initial GC threshold: 21.00 MB
Current GC threshold: 21.00 MB
CDS: on
MetaspaceReclaimPolicy: balanced
 - commit_granule_bytes: 65536.
 - commit_granule_words: 8192.
 - virtual_space_node_default_size: 1048576.
 - enlarge_chunks_in_place: 1.
 - new_chunks_are_fully_committed: 0.
 - uncommit_free_chunks: 1.
 - use_allocation_guard: 0.
 - handle_deallocations: 1.


Internal statistics:

num_allocs_failed_limit: 0.
num_arena_births: 74.
num_arena_deaths: 0.
num_vsnodes_births: 3.
num_vsnodes_deaths: 0.
num_space_committed: 151.
num_space_uncommitted: 0.
num_chunks_returned_to_freelist: 0.
num_chunks_taken_from_freelist: 393.
num_chunk_merges: 0.
num_chunk_splits: 267.
num_chunks_enlarged: 206.
num_purges: 0.
num_inconsistent_stats: 0.

CodeHeap 'non-profiled nmethods': size=120000Kb used=503Kb max_used=503Kb free=119496Kb
 bounds [0x000001e8ed2d0000, 0x000001e8ed540000, 0x000001e8f4800000]
CodeHeap 'profiled nmethods': size=120000Kb used=2890Kb max_used=2890Kb free=117109Kb
 bounds [0x000001e8e5800000, 0x000001e8e5ae0000, 0x000001e8ecd30000]
CodeHeap 'non-nmethods': size=5760Kb used=1144Kb max_used=1179Kb free=4615Kb
 bounds [0x000001e8ecd30000, 0x000001e8ecfa0000, 0x000001e8ed2d0000]
 total_blobs=2017 nmethods=1585 adapters=344
 compilation: enabled
              stopped_count=0, restarted_count=0
 full_count=0

Compilation events (20 events):
Event: 0.712 Thread 0x000001e8fbfc8240 1546       1       com.sun.tools.javac.comp.Attr$ResultInfo::needsArgumentAttr (2 bytes)
Event: 0.712 Thread 0x000001e8fbfc8240 nmethod 1546 0x000001e8ed348a90 code [0x000001e8ed348c20, 0x000001e8ed348cf8]
Event: 0.712 Thread 0x000001e8fbfc8240 1552       1       com.sun.tools.javac.comp.Attr$CheckMode::updateTreeType (2 bytes)
Event: 0.712 Thread 0x000001e8fbfc8240 nmethod 1552 0x000001e8ed348d90 code [0x000001e8ed348f20, 0x000001e8ed348ff8]
Event: 0.715 Thread 0x000001e8fbfc8240 1558       3       com.sun.tools.javac.jvm.PoolReader::getConstant (12 bytes)
Event: 0.715 Thread 0x000001e8fbfc8240 nmethod 1558 0x000001e8e5abbc10 code [0x000001e8e5abbdc0, 0x000001e8e5abbf28]
Event: 0.717 Thread 0x000001e8fbfc8240 1559       3       com.sun.tools.javac.util.Pair::<init> (15 bytes)
Event: 0.717 Thread 0x000001e8fbfc8240 nmethod 1559 0x000001e8e5abc010 code [0x000001e8e5abc1c0, 0x000001e8e5abc3d8]
Event: 0.717 Thread 0x000001e8fbfc8240 1560       3       com.sun.tools.javac.code.Attribute::<init> (10 bytes)
Event: 0.717 Thread 0x000001e8fbfc8240 nmethod 1560 0x000001e8e5abc490 code [0x000001e8e5abc620, 0x000001e8e5abc7d8]
Event: 0.717 Thread 0x000001e8fbfc8240 1561       3       com.sun.tools.javac.jvm.ClassReader::readAttributeValue (612 bytes)
Event: 0.722 Thread 0x000001e8fbfc8240 nmethod 1561 0x000001e8e5abc890 code [0x000001e8e5abd160, 0x000001e8e5ac2c78]
Event: 0.722 Thread 0x000001e8fbfc8240 1562   !   3       java.lang.invoke.MethodHandle::setVarargs (25 bytes)
Event: 0.723 Thread 0x000001e8fbfc8240 nmethod 1562 0x000001e8e5ac4b90 code [0x000001e8e5ac4da0, 0x000001e8e5ac5458]
Event: 0.723 Thread 0x000001e8fbfc8240 1563       3       java.lang.invoke.MemberName::isVarargs (23 bytes)
Event: 0.723 Thread 0x000001e8fbfc8240 nmethod 1563 0x000001e8e5ac5690 code [0x000001e8e5ac5860, 0x000001e8e5ac5cf8]
Event: 0.724 Thread 0x000001e8fbfc8240 1564       3       com.sun.tools.javac.util.List::length (24 bytes)
Event: 0.724 Thread 0x000001e8fbfc8240 nmethod 1564 0x000001e8e5ac5e90 code [0x000001e8e5ac6020, 0x000001e8e5ac61d8]
Event: 0.724 Thread 0x000001e8fbfc8240 1565       1       com.sun.tools.javac.jvm.ClassReader$AnnotationDeproxy::visitConstant (6 bytes)
Event: 0.724 Thread 0x000001e8fbfc8240 nmethod 1565 0x000001e8ed349090 code [0x000001e8ed349220, 0x000001e8ed349338]

GC Heap History (20 events):
Event: 0.346 GC heap before
{Heap before GC invocations=3 (full 0):
 garbage-first heap   total 8192K, used 2184K [0x0000000083400000, 0x0000000100000000)
  region size 1024K, 2 young (2048K), 1 survivors (1024K)
 Metaspace       used 7563K, committed 7744K, reserved 1064960K
  class space    used 873K, committed 960K, reserved 1048576K
}
Event: 0.347 GC heap after
{Heap after GC invocations=4 (full 0):
 garbage-first heap   total 8192K, used 2556K [0x0000000083400000, 0x0000000100000000)
  region size 1024K, 1 young (1024K), 1 survivors (1024K)
 Metaspace       used 7563K, committed 7744K, reserved 1064960K
  class space    used 873K, committed 960K, reserved 1048576K
}
Event: 0.377 GC heap before
{Heap before GC invocations=4 (full 0):
 garbage-first heap   total 8192K, used 3580K [0x0000000083400000, 0x0000000100000000)
  region size 1024K, 2 young (2048K), 1 survivors (1024K)
 Metaspace       used 7858K, committed 8000K, reserved 1064960K
  class space    used 905K, committed 960K, reserved 1048576K
}
Event: 0.379 GC heap after
{Heap after GC invocations=5 (full 0):
 garbage-first heap   total 10240K, used 2825K [0x0000000083400000, 0x0000000100000000)
  region size 1024K, 1 young (1024K), 1 survivors (1024K)
 Metaspace       used 7858K, committed 8000K, reserved 1064960K
  class space    used 905K, committed 960K, reserved 1048576K
}
Event: 0.435 GC heap before
{Heap before GC invocations=5 (full 0):
 garbage-first heap   total 10240K, used 4873K [0x0000000083400000, 0x0000000100000000)
  region size 1024K, 3 young (3072K), 1 survivors (1024K)
 Metaspace       used 8359K, committed 8512K, reserved 1064960K
  class space    used 969K, committed 1024K, reserved 1048576K
}
Event: 0.439 GC heap after
{Heap after GC invocations=6 (full 0):
 garbage-first heap   total 10240K, used 3977K [0x0000000083400000, 0x0000000100000000)
  region size 1024K, 1 young (1024K), 1 survivors (1024K)
 Metaspace       used 8359K, committed 8512K, reserved 1064960K
  class space    used 969K, committed 1024K, reserved 1048576K
}
Event: 0.478 GC heap before
{Heap before GC invocations=6 (full 0):
 garbage-first heap   total 10240K, used 5001K [0x0000000083400000, 0x0000000100000000)
  region size 1024K, 2 young (2048K), 1 survivors (1024K)
 Metaspace       used 8630K, committed 8768K, reserved 1064960K
  class space    used 998K, committed 1024K, reserved 1048576K
}
Event: 0.481 GC heap after
{Heap after GC invocations=7 (full 0):
 garbage-first heap   total 10240K, used 4184K [0x0000000083400000, 0x0000000100000000)
  region size 1024K, 1 young (1024K), 1 survivors (1024K)
 Metaspace       used 8630K, committed 8768K, reserved 1064960K
  class space    used 998K, committed 1024K, reserved 1048576K
}
Event: 0.500 GC heap before
{Heap before GC invocations=7 (full 0):
 garbage-first heap   total 10240K, used 5208K [0x0000000083400000, 0x0000000100000000)
  region size 1024K, 2 young (2048K), 1 survivors (1024K)
 Metaspace       used 8715K, committed 8896K, reserved 1064960K
  class space    used 1009K, committed 1088K, reserved 1048576K
}
Event: 0.501 GC heap after
{Heap after GC invocations=8 (full 0):
 garbage-first heap   total 10240K, used 4317K [0x0000000083400000, 0x0000000100000000)
  region size 1024K, 1 young (1024K), 1 survivors (1024K)
 Metaspace       used 8715K, committed 8896K, reserved 1064960K
  class space    used 1009K, committed 1088K, reserved 1048576K
}
Event: 0.508 GC heap before
{Heap before GC invocations=8 (full 0):
 garbage-first heap   total 10240K, used 5341K [0x0000000083400000, 0x0000000100000000)
  region size 1024K, 2 young (2048K), 1 survivors (1024K)
 Metaspace       used 8725K, committed 8896K, reserved 1064960K
  class space    used 1009K, committed 1088K, reserved 1048576K
}
Event: 0.510 GC heap after
{Heap after GC invocations=9 (full 0):
 garbage-first heap   total 17408K, used 4408K [0x0000000083400000, 0x0000000100000000)
  region size 1024K, 1 young (1024K), 1 survivors (1024K)
 Metaspace       used 8725K, committed 8896K, reserved 1064960K
  class space    used 1009K, committed 1088K, reserved 1048576K
}
Event: 0.575 GC heap before
{Heap before GC invocations=9 (full 0):
 garbage-first heap   total 17408K, used 9528K [0x0000000083400000, 0x0000000100000000)
  region size 1024K, 6 young (6144K), 1 survivors (1024K)
 Metaspace       used 8899K, committed 9024K, reserved 1064960K
  class space    used 1022K, committed 1088K, reserved 1048576K
}
Event: 0.578 GC heap after
{Heap after GC invocations=10 (full 0):
 garbage-first heap   total 17408K, used 5141K [0x0000000083400000, 0x0000000100000000)
  region size 1024K, 1 young (1024K), 1 survivors (1024K)
 Metaspace       used 8899K, committed 9024K, reserved 1064960K
  class space    used 1022K, committed 1088K, reserved 1048576K
}
Event: 0.619 GC heap before
{Heap before GC invocations=10 (full 0):
 garbage-first heap   total 17408K, used 10261K [0x0000000083400000, 0x0000000100000000)
  region size 1024K, 6 young (6144K), 1 survivors (1024K)
 Metaspace       used 9040K, committed 9216K, reserved 1064960K
  class space    used 1034K, committed 1088K, reserved 1048576K
}
Event: 0.623 GC heap after
{Heap after GC invocations=11 (full 0):
 garbage-first heap   total 17408K, used 6258K [0x0000000083400000, 0x0000000100000000)
  region size 1024K, 1 young (1024K), 1 survivors (1024K)
 Metaspace       used 9040K, committed 9216K, reserved 1064960K
  class space    used 1034K, committed 1088K, reserved 1048576K
}
Event: 0.650 GC heap before
{Heap before GC invocations=11 (full 0):
 garbage-first heap   total 17408K, used 10354K [0x0000000083400000, 0x0000000100000000)
  region size 1024K, 5 young (5120K), 1 survivors (1024K)
 Metaspace       used 9089K, committed 9280K, reserved 1064960K
  class space    used 1041K, committed 1088K, reserved 1048576K
}
Event: 0.654 GC heap after
{Heap after GC invocations=12 (full 0):
 garbage-first heap   total 17408K, used 7246K [0x0000000083400000, 0x0000000100000000)
  region size 1024K, 1 young (1024K), 1 survivors (1024K)
 Metaspace       used 9089K, committed 9280K, reserved 1064960K
  class space    used 1041K, committed 1088K, reserved 1048576K
}
Event: 0.674 GC heap before
{Heap before GC invocations=12 (full 0):
 garbage-first heap   total 17408K, used 11342K [0x0000000083400000, 0x0000000100000000)
  region size 1024K, 5 young (5120K), 1 survivors (1024K)
 Metaspace       used 9104K, committed 9280K, reserved 1064960K
  class space    used 1041K, committed 1088K, reserved 1048576K
}
Event: 0.678 GC heap after
{Heap after GC invocations=13 (full 0):
 garbage-first heap   total 34816K, used 8192K [0x0000000083400000, 0x0000000100000000)
  region size 1024K, 1 young (1024K), 1 survivors (1024K)
 Metaspace       used 9104K, committed 9280K, reserved 1064960K
  class space    used 1041K, committed 1088K, reserved 1048576K
}

Dll operation events (6 events):
Event: 0.005 Loaded shared library C:\Users\Admin\AppData\Local\Programs\Eclipse Adoptium\jdk-17.0.6.10-hotspot\bin\java.dll
Event: 0.011 Loaded shared library C:\Users\Admin\AppData\Local\Programs\Eclipse Adoptium\jdk-17.0.6.10-hotspot\bin\jsvml.dll
Event: 0.051 Loaded shared library C:\Users\Admin\AppData\Local\Programs\Eclipse Adoptium\jdk-17.0.6.10-hotspot\bin\jimage.dll
Event: 0.119 Loaded shared library C:\Users\Admin\AppData\Local\Programs\Eclipse Adoptium\jdk-17.0.6.10-hotspot\bin\net.dll
Event: 0.120 Loaded shared library C:\Users\Admin\AppData\Local\Programs\Eclipse Adoptium\jdk-17.0.6.10-hotspot\bin\nio.dll
Event: 0.149 Loaded shared library C:\Users\Admin\AppData\Local\Programs\Eclipse Adoptium\jdk-17.0.6.10-hotspot\bin\zip.dll

Deoptimization events (20 events):
Event: 0.588 Thread 0x000001e8ddd1d620 Uncommon trap: trap_request=0xffffff45 fr.pc=0x000001e8ed32b8d0 relative=0x00000000000008f0
Event: 0.588 Thread 0x000001e8ddd1d620 Uncommon trap: reason=unstable_if action=reinterpret pc=0x000001e8ed32b8d0 method=jdk.internal.jimage.ImageStringsReader.stringFromByteBuffer(Ljava/nio/ByteBuffer;I)Ljava/lang/String; @ 7 c2
Event: 0.588 Thread 0x000001e8ddd1d620 DEOPT PACKING pc=0x000001e8ed32b8d0 sp=0x000000a379afda90
Event: 0.588 Thread 0x000001e8ddd1d620 DEOPT UNPACKING pc=0x000001e8ecd869a3 sp=0x000000a379afd8f0 mode 2
Event: 0.588 Thread 0x000001e8ddd1d620 Uncommon trap: trap_request=0xffffff45 fr.pc=0x000001e8ed3255ac relative=0x00000000000007ec
Event: 0.588 Thread 0x000001e8ddd1d620 Uncommon trap: reason=unstable_if action=reinterpret pc=0x000001e8ed3255ac method=jdk.internal.jimage.ImageStringsReader.stringFromByteBuffer(Ljava/nio/ByteBuffer;I)Ljava/lang/String; @ 7 c2
Event: 0.588 Thread 0x000001e8ddd1d620 DEOPT PACKING pc=0x000001e8ed3255ac sp=0x000000a379afd8c0
Event: 0.588 Thread 0x000001e8ddd1d620 DEOPT UNPACKING pc=0x000001e8ecd869a3 sp=0x000000a379afd868 mode 2
Event: 0.608 Thread 0x000001e8ddd1d620 Uncommon trap: trap_request=0xffffff45 fr.pc=0x000001e8ed314060 relative=0x0000000000000060
Event: 0.608 Thread 0x000001e8ddd1d620 Uncommon trap: reason=unstable_if action=reinterpret pc=0x000001e8ed314060 method=com.sun.tools.javac.jvm.PoolReader.sizeof(I)I @ 1 c2
Event: 0.608 Thread 0x000001e8ddd1d620 DEOPT PACKING pc=0x000001e8ed314060 sp=0x000000a379afe040
Event: 0.608 Thread 0x000001e8ddd1d620 DEOPT UNPACKING pc=0x000001e8ecd869a3 sp=0x000000a379afdfd0 mode 2
Event: 0.642 Thread 0x000001e8ddd1d620 Uncommon trap: trap_request=0xffffff45 fr.pc=0x000001e8ed333a44 relative=0x0000000000000a84
Event: 0.642 Thread 0x000001e8ddd1d620 Uncommon trap: reason=unstable_if action=reinterpret pc=0x000001e8ed333a44 method=com.sun.tools.javac.util.ArrayUtils.ensureCapacity([BI)[B @ 3 c2
Event: 0.642 Thread 0x000001e8ddd1d620 DEOPT PACKING pc=0x000001e8ed333a44 sp=0x000000a379afd9e0
Event: 0.642 Thread 0x000001e8ddd1d620 DEOPT UNPACKING pc=0x000001e8ecd869a3 sp=0x000000a379afd908 mode 2
Event: 0.670 Thread 0x000001e8ddd1d620 Uncommon trap: trap_request=0xffffff45 fr.pc=0x000001e8ed334b48 relative=0x0000000000000048
Event: 0.670 Thread 0x000001e8ddd1d620 Uncommon trap: reason=unstable_if action=reinterpret pc=0x000001e8ed334b48 method=com.sun.tools.javac.util.ArrayUtils.ensureCapacity([BI)[B @ 3 c2
Event: 0.670 Thread 0x000001e8ddd1d620 DEOPT PACKING pc=0x000001e8ed334b48 sp=0x000000a379afdf30
Event: 0.670 Thread 0x000001e8ddd1d620 DEOPT UNPACKING pc=0x000001e8ecd869a3 sp=0x000000a379afdeb8 mode 2

Classes unloaded (0 events):
No events

Classes redefined (0 events):
No events

Internal exceptions (20 events):
Event: 0.461 Thread 0x000001e8ddd1d620 Exception <a 'sun/nio/fs/WindowsException'{0x0000000083da6aa0}> (0x0000000083da6aa0) 
thrown [s\src\hotspot\share\prims\jni.cpp, line 516]
Event: 0.482 Thread 0x000001e8ddd1d620 Exception <a 'sun/nio/fs/WindowsException'{0x0000000083d08810}> (0x0000000083d08810) 
thrown [s\src\hotspot\share\prims\jni.cpp, line 516]
Event: 0.527 Thread 0x000001e8ddd1d620 Exception <a 'java/lang/NoSuchMethodError'{0x00000000844b5548}: 'int java.lang.invoke.DirectMethodHandle$Holder.invokeSpecial(java.lang.Object, java.lang.Object, java.lang.Object)'> (0x00000000844b5548) 
thrown [s\src\hotspot\share\interpreter\linkResolver.cpp, line 759]
Event: 0.528 Thread 0x000001e8ddd1d620 Exception <a 'sun/nio/fs/WindowsException'{0x00000000844bfc28}> (0x00000000844bfc28) 
thrown [s\src\hotspot\share\prims\jni.cpp, line 516]
Event: 0.534 Thread 0x000001e8ddd1d620 Exception <a 'sun/nio/fs/WindowsException'{0x00000000844d88d8}> (0x00000000844d88d8) 
thrown [s\src\hotspot\share\prims\jni.cpp, line 516]
Event: 0.538 Thread 0x000001e8ddd1d620 Exception <a 'java/lang/NoSuchMethodError'{0x00000000844e6860}: 'java.lang.Object java.lang.invoke.DirectMethodHandle$Holder.invokeStatic(java.lang.Object, java.lang.Object, int, int)'> (0x00000000844e6860) 
thrown [s\src\hotspot\share\interpreter\linkResolver.cpp, line 759]
Event: 0.543 Thread 0x000001e8ddd1d620 Exception <a 'sun/nio/fs/WindowsException'{0x00000000844fa898}> (0x00000000844fa898) 
thrown [s\src\hotspot\share\prims\jni.cpp, line 516]
Event: 0.555 Thread 0x000001e8ddd1d620 Exception <a 'sun/nio/fs/WindowsException'{0x0000000084353020}> (0x0000000084353020) 
thrown [s\src\hotspot\share\prims\jni.cpp, line 516]
Event: 0.558 Thread 0x000001e8ddd1d620 Exception <a 'sun/nio/fs/WindowsException'{0x000000008435f548}> (0x000000008435f548) 
thrown [s\src\hotspot\share\prims\jni.cpp, line 516]
Event: 0.558 Thread 0x000001e8ddd1d620 Exception <a 'sun/nio/fs/WindowsException'{0x000000008435f938}> (0x000000008435f938) 
thrown [s\src\hotspot\share\prims\jni.cpp, line 516]
Event: 0.558 Thread 0x000001e8ddd1d620 Exception <a 'sun/nio/fs/WindowsException'{0x0000000084360a48}> (0x0000000084360a48) 
thrown [s\src\hotspot\share\prims\jni.cpp, line 516]
Event: 0.558 Thread 0x000001e8ddd1d620 Exception <a 'sun/nio/fs/WindowsException'{0x0000000084360df8}> (0x0000000084360df8) 
thrown [s\src\hotspot\share\prims\jni.cpp, line 516]
Event: 0.594 Thread 0x000001e8ddd1d620 Exception <a 'sun/nio/fs/WindowsException'{0x00000000843220d0}> (0x00000000843220d0) 
thrown [s\src\hotspot\share\prims\jni.cpp, line 516]
Event: 0.595 Thread 0x000001e8ddd1d620 Exception <a 'sun/nio/fs/WindowsException'{0x0000000084325e88}> (0x0000000084325e88) 
thrown [s\src\hotspot\share\prims\jni.cpp, line 516]
Event: 0.597 Thread 0x000001e8ddd1d620 Exception <a 'sun/nio/fs/WindowsException'{0x000000008432b430}> (0x000000008432b430) 
thrown [s\src\hotspot\share\prims\jni.cpp, line 516]
Event: 0.597 Thread 0x000001e8ddd1d620 Exception <a 'sun/nio/fs/WindowsException'{0x000000008432b818}> (0x000000008432b818) 
thrown [s\src\hotspot\share\prims\jni.cpp, line 516]
Event: 0.597 Thread 0x000001e8ddd1d620 Exception <a 'sun/nio/fs/WindowsException'{0x000000008432c928}> (0x000000008432c928) 
thrown [s\src\hotspot\share\prims\jni.cpp, line 516]
Event: 0.597 Thread 0x000001e8ddd1d620 Exception <a 'sun/nio/fs/WindowsException'{0x000000008432ccd8}> (0x000000008432ccd8) 
thrown [s\src\hotspot\share\prims\jni.cpp, line 516]
Event: 0.639 Thread 0x000001e8ddd1d620 Exception <a 'java/lang/NoSuchMethodError'{0x000000008423f488}: 'java.lang.Object java.lang.invoke.DirectMethodHandle$Holder.invokeInterface(java.lang.Object, java.lang.Object)'> (0x000000008423f488) 
thrown [s\src\hotspot\share\interpreter\linkResolver.cpp, line 759]
Event: 0.682 Thread 0x000001e8ddd1d620 Exception <a 'java/lang/NoSuchMethodError'{0x0000000085541ed0}: 'void java.lang.invoke.DirectMethodHandle$Holder.invokeSpecial(java.lang.Object, java.lang.Object, java.lang.Object, java.lang.Object, java.lang.Object)'> (0x0000000085541ed0) 
thrown [s\src\hotspot\share\interpreter\linkResolver.cpp, line 759]

VM Operations (20 events):
Event: 0.377 Executing VM operation: G1CollectForAllocation
Event: 0.379 Executing VM operation: G1CollectForAllocation done
Event: 0.435 Executing VM operation: G1CollectForAllocation
Event: 0.439 Executing VM operation: G1CollectForAllocation done
Event: 0.478 Executing VM operation: G1CollectForAllocation
Event: 0.481 Executing VM operation: G1CollectForAllocation done
Event: 0.500 Executing VM operation: G1CollectForAllocation
Event: 0.501 Executing VM operation: G1CollectForAllocation done
Event: 0.508 Executing VM operation: G1CollectForAllocation
Event: 0.510 Executing VM operation: G1CollectForAllocation done
Event: 0.575 Executing VM operation: G1CollectForAllocation
Event: 0.578 Executing VM operation: G1CollectForAllocation done
Event: 0.588 Executing VM operation: HandshakeAllThreads
Event: 0.588 Executing VM operation: HandshakeAllThreads done
Event: 0.619 Executing VM operation: G1CollectForAllocation
Event: 0.623 Executing VM operation: G1CollectForAllocation done
Event: 0.650 Executing VM operation: G1CollectForAllocation
Event: 0.654 Executing VM operation: G1CollectForAllocation done
Event: 0.674 Executing VM operation: G1CollectForAllocation
Event: 0.678 Executing VM operation: G1CollectForAllocation done

Events (20 events):
Event: 0.464 loading class java/util/stream/Node$OfInt done
Event: 0.464 loading class java/util/stream/Nodes$EmptyNode$OfInt done
Event: 0.464 loading class java/util/stream/Nodes$EmptyNode$OfLong
Event: 0.464 loading class java/util/stream/Node$OfLong
Event: 0.464 loading class java/util/stream/Node$OfLong done
Event: 0.464 loading class java/util/stream/Nodes$EmptyNode$OfLong done
Event: 0.464 loading class java/util/stream/Nodes$EmptyNode$OfDouble
Event: 0.464 loading class java/util/stream/Node$OfDouble
Event: 0.464 loading class java/util/stream/Node$OfDouble done
Event: 0.464 loading class java/util/stream/Nodes$EmptyNode$OfDouble done
Event: 0.464 loading class java/util/stream/Nodes$SpinedNodeBuilder
Event: 0.464 loading class java/util/stream/Node$Builder
Event: 0.464 loading class java/util/stream/Node$Builder done
Event: 0.464 loading class java/util/stream/Nodes$SpinedNodeBuilder done
Event: 0.464 loading class sun/nio/fs/WindowsPath$WindowsPathWithAttributes
Event: 0.464 loading class sun/nio/fs/WindowsPath$WindowsPathWithAttributes done
Event: 0.588 loading class jdk/internal/jimage/ImageReader$LinkNode
Event: 0.588 loading class jdk/internal/jimage/ImageReader$LinkNode done
Event: 0.635 loading class java/lang/invoke/MethodHandle$1
Event: 0.635 loading class java/lang/invoke/MethodHandle$1 done


Dynamic libraries:
0x00007ff6c9880000 - 0x00007ff6c9888000 	C:\Users\Admin\AppData\Local\Programs\Eclipse Adoptium\jdk-17.0.6.10-hotspot\bin\javac.exe
0x00007fff36a90000 - 0x00007fff36ca7000 	C:\WINDOWS\SYSTEM32\ntdll.dll
0x00007fff35d80000 - 0x00007fff35e44000 	C:\WINDOWS\System32\KERNEL32.DLL
0x00007fff34090000 - 0x00007fff34436000 	C:\WINDOWS\System32\KERNELBASE.dll
0x00007fff34560000 - 0x00007fff34671000 	C:\WINDOWS\System32\ucrtbase.dll
0x00007fff00c70000 - 0x00007fff00c87000 	C:\Users\Admin\AppData\Local\Programs\Eclipse Adoptium\jdk-17.0.6.10-hotspot\bin\jli.dll
0x00007fff29860000 - 0x00007fff29879000 	C:\Users\Admin\AppData\Local\Programs\Eclipse Adoptium\jdk-17.0.6.10-hotspot\bin\VCRUNTIME140.dll
0x00007fff35fe0000 - 0x00007fff3618e000 	C:\WINDOWS\System32\USER32.dll
0x00007fff34060000 - 0x00007fff34086000 	C:\WINDOWS\System32\win32u.dll
0x00007fff25cf0000 - 0x00007fff25f83000 	C:\WINDOWS\WinSxS\amd64_microsoft.windows.common-controls_6595b64144ccf1df_6.0.22621.2506_none_270c5ae97388e100\COMCTL32.dll
0x00007fff35e50000 - 0x00007fff35e79000 	C:\WINDOWS\System32\GDI32.dll
0x00007fff34440000 - 0x00007fff34558000 	C:\WINDOWS\System32\gdi32full.dll
0x00007fff36240000 - 0x00007fff362e7000 	C:\WINDOWS\System32\msvcrt.dll
0x00007fff34680000 - 0x00007fff3471a000 	C:\WINDOWS\System32\msvcp_win.dll
0x00007fff35fa0000 - 0x00007fff35fd1000 	C:\WINDOWS\System32\IMM32.DLL
0x00007fff29850000 - 0x00007fff2985c000 	C:\Users\Admin\AppData\Local\Programs\Eclipse Adoptium\jdk-17.0.6.10-hotspot\bin\vcruntime140_1.dll
0x00007fff164d0000 - 0x00007fff16561000 	C:\Users\Admin\AppData\Local\Programs\Eclipse Adoptium\jdk-17.0.6.10-hotspot\bin\msvcp140.dll
0x00007ffe61d10000 - 0x00007ffe62957000 	C:\Users\Admin\AppData\Local\Programs\Eclipse Adoptium\jdk-17.0.6.10-hotspot\bin\server\jvm.dll
0x00007fff357c0000 - 0x00007fff35871000 	C:\WINDOWS\System32\ADVAPI32.dll
0x00007fff35ba0000 - 0x00007fff35c45000 	C:\WINDOWS\System32\sechost.dll
0x00007fff35e80000 - 0x00007fff35f97000 	C:\WINDOWS\System32\RPCRT4.dll
0x00007fff29520000 - 0x00007fff29529000 	C:\WINDOWS\SYSTEM32\WSOCK32.dll
0x00007fff28c40000 - 0x00007fff28c74000 	C:\WINDOWS\SYSTEM32\WINMM.dll
0x00007fff28690000 - 0x00007fff2869a000 	C:\WINDOWS\SYSTEM32\VERSION.dll
0x00007fff36830000 - 0x00007fff368a1000 	C:\WINDOWS\System32\WS2_32.dll
0x00007fff32ef0000 - 0x00007fff32f08000 	C:\WINDOWS\SYSTEM32\kernel.appcore.dll
0x00007fff29830000 - 0x00007fff2983a000 	C:\Users\Admin\AppData\Local\Programs\Eclipse Adoptium\jdk-17.0.6.10-hotspot\bin\jimage.dll
0x00007fff316e0000 - 0x00007fff31913000 	C:\WINDOWS\SYSTEM32\DBGHELP.DLL
0x00007fff362f0000 - 0x00007fff36679000 	C:\WINDOWS\System32\combase.dll
0x00007fff35900000 - 0x00007fff359d7000 	C:\WINDOWS\System32\OLEAUT32.dll
0x00007fff27ec0000 - 0x00007fff27ef2000 	C:\WINDOWS\SYSTEM32\dbgcore.DLL
0x00007fff33e00000 - 0x00007fff33e7a000 	C:\WINDOWS\System32\bcryptPrimitives.dll
0x00007fff27500000 - 0x00007fff27525000 	C:\Users\Admin\AppData\Local\Programs\Eclipse Adoptium\jdk-17.0.6.10-hotspot\bin\java.dll
0x00007fff26c90000 - 0x00007fff26d66000 	C:\Users\Admin\AppData\Local\Programs\Eclipse Adoptium\jdk-17.0.6.10-hotspot\bin\jsvml.dll
0x00007fff34800000 - 0x00007fff3505a000 	C:\WINDOWS\System32\SHELL32.dll
0x00007fff31d30000 - 0x00007fff32626000 	C:\WINDOWS\SYSTEM32\windows.storage.dll
0x00007fff31bf0000 - 0x00007fff31d2e000 	C:\WINDOWS\SYSTEM32\wintypes.dll
0x00007fff35060000 - 0x00007fff35153000 	C:\WINDOWS\System32\SHCORE.dll
0x00007fff367d0000 - 0x00007fff3682e000 	C:\WINDOWS\System32\shlwapi.dll
0x00007fff33d30000 - 0x00007fff33d56000 	C:\WINDOWS\SYSTEM32\profapi.dll
0x00007fff297f0000 - 0x00007fff29809000 	C:\Users\Admin\AppData\Local\Programs\Eclipse Adoptium\jdk-17.0.6.10-hotspot\bin\net.dll
0x00007fff2ab70000 - 0x00007fff2aca7000 	C:\WINDOWS\SYSTEM32\WINHTTP.dll
0x00007fff33370000 - 0x00007fff333d9000 	C:\WINDOWS\system32\mswsock.dll
0x00007fff27720000 - 0x00007fff27735000 	C:\Users\Admin\AppData\Local\Programs\Eclipse Adoptium\jdk-17.0.6.10-hotspot\bin\nio.dll
0x00007fff272a0000 - 0x00007fff272b8000 	C:\Users\Admin\AppData\Local\Programs\Eclipse Adoptium\jdk-17.0.6.10-hotspot\bin\zip.dll

dbghelp: loaded successfully - version: 4.0.5 - missing functions: none
symbol engine: initialized successfully - sym options: 0x614 - pdb path: .;C:\Users\Admin\AppData\Local\Programs\Eclipse Adoptium\jdk-17.0.6.10-hotspot\bin;C:\WINDOWS\SYSTEM32;C:\WINDOWS\WinSxS\amd64_microsoft.windows.common-controls_6595b64144ccf1df_6.0.22621.2506_none_270c5ae97388e100;C:\Users\Admin\AppData\Local\Programs\Eclipse Adoptium\jdk-17.0.6.10-hotspot\bin\server

VM Arguments:
jvm_args: -Dapplication.home=C:\Users\Admin\AppData\Local\Programs\Eclipse Adoptium\jdk-17.0.6.10-hotspot --add-modules=ALL-DEFAULT -Xms8m -Djdk.module.main=jdk.compiler 
java_command: jdk.compiler/com.sun.tools.javac.Main -d C:\Users\Admin\Documents\NetBeansProjects\E-commerce-portal-for-used-furniture-sales-application\build\classes -classpath C:\Users\Admin\Documents\NetBeansProjects\E-commerce-portal-for-used-furniture-sales-application\build\classes;D:\Taigame\icons_mysqlConnector\icons_mysqlConnector\mysql-connector-java-8.0.26.jar -sourcepath C:\Users\Admin\Documents\NetBeansProjects\E-commerce-portal-for-used-furniture-sales-application\src -target 17 -encoding UTF-8 -g -processorpath D:\Users\thanhphatchau\Downloads\icons_mysqlConnector\mysql-connector-java-8.0.26.jar;D:\Taigame\icons_mysqlConnector\icons_mysqlConnector\mysql-connector-java-8.0.26.jar;C:\Users\Admin\Documents\NetBeansProjects\E-commerce-portal-for-used-furniture-sales-application\build\empty -s C:\Users\Admin\Documents\NetBeansProjects\E-commerce-portal-for-used-furniture-sales-application\build\generated-sources\ap-source-output -source 17 C:\Users\Admin\Documents\NetBeansProjects\E-commerce-portal-for-used-furniture-sales-application\src\user\login.java
java_class_path (initial): <not set>
Launcher Type: SUN_STANDARD

[Global flags]
     intx CICompilerCount                          = 4                                         {product} {ergonomic}
     uint ConcGCThreads                            = 2                                         {product} {ergonomic}
     uint G1ConcRefinementThreads                  = 8                                         {product} {ergonomic}
   size_t G1HeapRegionSize                         = 1048576                                   {product} {ergonomic}
    uintx GCDrainStackTargetSize                   = 64                                        {product} {ergonomic}
   size_t InitialHeapSize                          = 8388608                                   {product} {command line}
   size_t MarkStackSize                            = 4194304                                   {product} {ergonomic}
   size_t MaxHeapSize                              = 2092957696                                {product} {ergonomic}
   size_t MaxNewSize                               = 1255145472                                {product} {ergonomic}
   size_t MinHeapDeltaBytes                        = 1048576                                   {product} {ergonomic}
   size_t MinHeapSize                              = 8388608                                   {product} {command line}
    uintx NonNMethodCodeHeapSize                   = 5839372                                {pd product} {ergonomic}
    uintx NonProfiledCodeHeapSize                  = 122909434                              {pd product} {ergonomic}
    uintx ProfiledCodeHeapSize                     = 122909434                              {pd product} {ergonomic}
    uintx ReservedCodeCacheSize                    = 251658240                              {pd product} {ergonomic}
     bool SegmentedCodeCache                       = true                                      {product} {ergonomic}
   size_t SoftMaxHeapSize                          = 2092957696                             {manageable} {ergonomic}
     bool UseCompressedClassPointers               = true                           {product lp64_product} {ergonomic}
     bool UseCompressedOops                        = true                           {product lp64_product} {ergonomic}
     bool UseG1GC                                  = true                                      {product} {ergonomic}
     bool UseLargePagesIndividualAllocation        = false                                  {pd product} {ergonomic}

Logging:
Log output configuration:
 #0: stdout all=warning uptime,level,tags
 #1: stderr all=off uptime,level,tags

Environment Variables:
JAVA_HOME=C:\Users\Admin\AppData\Local\Programs\Eclipse Adoptium\jdk-17.0.6.10-hotspot\
PATH=C:\Program Files\Common Files\Oracle\Java\javapath;C:\Windows\system32;C:\Windows;C:\Windows\System32\Wbem;C:\Windows\System32\WindowsPowerShell\v1.0\;C:\Windows\System32\OpenSSH\;C:\Program Files (x86)\NVIDIA Corporation\PhysX\Common;C:\Program Files\NVIDIA Corporation\NVIDIA NvDLISR;C:\WINDOWS\system32;C:\WINDOWS;C:\WINDOWS\System32\Wbem;C:\WINDOWS\System32\WindowsPowerShell\v1.0\;C:\WINDOWS\System32\OpenSSH\;C:\Program Files\Microsoft SQL Server\Client SDK\ODBC\170\Tools\Binn\;C:\Program Files (x86)\Microsoft SQL Server\150\Tools\Binn\;C:\Program Files\Microsoft SQL Server\150\Tools\Binn\;C:\Program Files\Microsoft SQL Server\150\DTS\Binn\;C:\Program Files\Git\cmd;C:\Program Files\Microsoft SQL Server\Client SDK\ODBC\110\Tools\Binn\;C:\Program Files (x86)\Microsoft SQL Server\120\Tools\Binn\;C:\Program Files\Microsoft SQL Server\120\Tools\Binn\;C:\Program Files\Microsoft SQL Server\120\DTS\Binn\;C:\Program Files (x86)\Microsoft SQL Server\120\Tools\Binn\ManagementStudio\;C:\Program Files (x86)\Microsoft SQL Server\120\DTS\Binn\;C:\Program Files\PuTTY\;C:\Program Files\MySQL\MySQL Server 8.0\bin;C:\Program Files\MySQL\MySQL Shell 8.0\bin\;C:\Users\Admin\AppData\Local\Programs\Python\Python311\Scripts\;C:\Users\Admin\AppData\Local\Programs\Python\Python311\;C:\Users\Admin\AppData\Local\Programs\Eclipse Adoptium\jdk-17.0.6.10-hotspot\bin;C:\Users\Admin\AppData\Local\Microsoft\WindowsApps;C:\Users\Admin\AppData\Local\Programs\Microsoft VS Code\bin
USERNAME=Admin
OS=Windows_NT
PROCESSOR_IDENTIFIER=Intel64 Family 6 Model 165 Stepping 2, GenuineIntel
TMP=C:\Users\Admin\AppData\Local\Temp
TEMP=C:\Users\Admin\AppData\Local\Temp



---------------  S Y S T E M  ---------------

OS:
 Windows 11 , 64 bit Build 22621 (10.0.22621.2506)
OS uptime: 1 days 16:10 hours

CPU: total 8 (initial active 8) (4 cores per cpu, 2 threads per core) family 6 model 165 stepping 2 microcode 0xe0, cx8, cmov, fxsr, ht, mmx, 3dnowpref, sse, sse2, sse3, ssse3, sse4.1, sse4.2, popcnt, lzcnt, tsc, tscinvbit, avx, avx2, aes, erms, clmul, bmi1, bmi2, adx, fma, vzeroupper, clflush, clflushopt

Memory: 4k page, system-wide physical 7979M (1058M free)
TotalPageFile size 21563M (AvailPageFile size 5M)
current process WorkingSet (physical memory assigned to process): 90M, peak: 90M
current process commit charge ("private bytes"): 139M, peak: 140M

vm_info: OpenJDK 64-Bit Server VM (17.0.6+10) for windows-amd64 JRE (17.0.6+10), built on Jan 18 2023 10:08:59 by "temurin" with MS VC++ 16.7 (VS2019)

END.
