#
# There is insufficient memory for the Java Runtime Environment to continue.
# Native memory allocation (mmap) failed to map 16777216 bytes for G1 virtual space
# Possible reasons:
#   The system is out of physical RAM or swap space
#   The process is running with CompressedOops enabled, and the Java Heap may be blocking the growth of the native heap
# Possible solutions:
#   Reduce memory load on the system
#   Increase physical memory or swap space
#   Check if swap backing store is full
#   Decrease Java heap size (-Xmx/-Xms)
#   Decrease number of Java threads
#   Decrease Java thread stack sizes (-Xss)
#   Set larger code cache with -XX:ReservedCodeCacheSize=
#   JVM is running with Unscaled Compressed Oops mode in which the Java heap is
#     placed in the first 4GB address space. The Java Heap base address is the
#     maximum limit for the native heap growth. Please use -XX:HeapBaseMinAddress
#     to set the Java Heap base and to place the Java Heap above 4GB virtual address.
# This output file may be truncated or incomplete.
#
#  Out of Memory Error (os_windows.cpp:3557), pid=30860, tid=24776
#
# JRE version: OpenJDK Runtime Environment Temurin-17.0.6+10 (17.0.6+10) (build 17.0.6+10)
# Java VM: OpenJDK 64-Bit Server VM Temurin-17.0.6+10 (17.0.6+10, mixed mode, sharing, tiered, compressed oops, compressed class ptrs, g1 gc, windows-amd64)
# No core dump will be written. Minidumps are not enabled by default on client versions of Windows
#

---------------  S U M M A R Y ------------

Command Line: -Dapplication.home=C:\Users\Admin\AppData\Local\Programs\Eclipse Adoptium\jdk-17.0.6.10-hotspot --add-modules=ALL-DEFAULT -Xms8m -Djdk.module.main=jdk.compiler jdk.compiler/com.sun.tools.javac.Main -d C:\Users\Admin\Documents\NetBeansProjects\E-commerce-portal-for-used-furniture-sales-application\build\classes -classpath C:\Users\Admin\Documents\NetBeansProjects\E-commerce-portal-for-used-furniture-sales-application\build\classes;D:\Taigame\icons_mysqlConnector\icons_mysqlConnector\mysql-connector-java-8.0.26.jar -sourcepath C:\Users\Admin\Documents\NetBeansProjects\E-commerce-portal-for-used-furniture-sales-application\src -target 17 -encoding UTF-8 -g -processorpath D:\Users\thanhphatchau\Downloads\icons_mysqlConnector\mysql-connector-java-8.0.26.jar;D:\Taigame\icons_mysqlConnector\icons_mysqlConnector\mysql-connector-java-8.0.26.jar;C:\Users\Admin\Documents\NetBeansProjects\E-commerce-portal-for-used-furniture-sales-application\build\empty -s C:\Users\Admin\Documents\NetBeansProjects\E-commerce-portal-for-used-furniture-sales-application\build\generated-sources\ap-source-output -source 17 C:\Users\Admin\Documents\NetBeansProjects\E-commerce-portal-for-used-furniture-sales-application\src\user\login.java

Host: Intel(R) Core(TM) i5-10300H CPU @ 2.50GHz, 8 cores, 7G,  Windows 11 , 64 bit Build 22621 (10.0.22621.2506)
Time: Sun Dec 17 01:17:53 2023 SE Asia Standard Time elapsed time: 0.669601 seconds (0d 0h 0m 0s)

---------------  T H R E A D  ---------------

Current thread (0x000002300c65e220):  VMThread "VM Thread" [stack: 0x000000a00d800000,0x000000a00d900000] [id=24776]

Stack: [0x000000a00d800000,0x000000a00d900000]
Native frames: (J=compiled Java code, j=interpreted, Vv=VM code, C=native code)
V  [jvm.dll+0x67741a]
V  [jvm.dll+0x834434]
V  [jvm.dll+0x835bde]
V  [jvm.dll+0x836243]
V  [jvm.dll+0x2457b5]
V  [jvm.dll+0x674329]
V  [jvm.dll+0x6689da]
V  [jvm.dll+0x30489b]
V  [jvm.dll+0x30bd96]
V  [jvm.dll+0x35b57e]
V  [jvm.dll+0x35b7af]
V  [jvm.dll+0x2db778]
V  [jvm.dll+0x2d9a2c]
V  [jvm.dll+0x2d8ffc]
V  [jvm.dll+0x31cdcb]
V  [jvm.dll+0x83a6eb]
V  [jvm.dll+0x83b424]
V  [jvm.dll+0x83b93c]
V  [jvm.dll+0x83bd14]
V  [jvm.dll+0x83bde0]
V  [jvm.dll+0x7e483a]
V  [jvm.dll+0x6762c5]
C  [ucrtbase.dll+0x29363]
C  [KERNEL32.DLL+0x1257d]
C  [ntdll.dll+0x5aa58]

VM_Operation (0x000000a00d2fd1f0): G1CollectForAllocation, mode: safepoint, requested by thread 0x000002300c59c9d0


---------------  P R O C E S S  ---------------

Threads class SMR info:
_java_thread_list=0x000002302b4139c0, length=14, elements={
0x000002300c59c9d0, 0x000002300c65ea90, 0x000002302a797990, 0x000002302a7abfe0,
0x000002302a7afdc0, 0x000002302a7b0770, 0x000002302a7b1120, 0x000002302a7b1eb0,
0x000002302a7b3960, 0x000002302a7b6360, 0x000002300c650240, 0x000002302b4b5990,
0x000002302c086040, 0x000002302b7893f0
}

Java Threads: ( => current thread )
  0x000002300c59c9d0 JavaThread "main" [_thread_blocked, id=27652, stack(0x000000a00d200000,0x000000a00d300000)]
  0x000002300c65ea90 JavaThread "Reference Handler" daemon [_thread_blocked, id=33220, stack(0x000000a00d900000,0x000000a00da00000)]
  0x000002302a797990 JavaThread "Finalizer" daemon [_thread_blocked, id=17204, stack(0x000000a00da00000,0x000000a00db00000)]
  0x000002302a7abfe0 JavaThread "Signal Dispatcher" daemon [_thread_blocked, id=16176, stack(0x000000a00db00000,0x000000a00dc00000)]
  0x000002302a7afdc0 JavaThread "Attach Listener" daemon [_thread_blocked, id=33424, stack(0x000000a00dc00000,0x000000a00dd00000)]
  0x000002302a7b0770 JavaThread "Service Thread" daemon [_thread_blocked, id=29012, stack(0x000000a00dd00000,0x000000a00de00000)]
  0x000002302a7b1120 JavaThread "Monitor Deflation Thread" daemon [_thread_blocked, id=19216, stack(0x000000a00de00000,0x000000a00df00000)]
  0x000002302a7b1eb0 JavaThread "C2 CompilerThread0" daemon [_thread_blocked, id=27748, stack(0x000000a00df00000,0x000000a00e000000)]
  0x000002302a7b3960 JavaThread "C1 CompilerThread0" daemon [_thread_blocked, id=9724, stack(0x000000a00e000000,0x000000a00e100000)]
  0x000002302a7b6360 JavaThread "Sweeper thread" daemon [_thread_blocked, id=4568, stack(0x000000a00e100000,0x000000a00e200000)]
  0x000002300c650240 JavaThread "Common-Cleaner" daemon [_thread_blocked, id=25712, stack(0x000000a00e200000,0x000000a00e300000)]
  0x000002302b4b5990 JavaThread "Notification Thread" daemon [_thread_blocked, id=16536, stack(0x000000a00e300000,0x000000a00e400000)]
  0x000002302c086040 JavaThread "C2 CompilerThread1" daemon [_thread_blocked, id=26164, stack(0x000000a00ea00000,0x000000a00eb00000)]
  0x000002302b7893f0 JavaThread "C2 CompilerThread2" daemon [_thread_blocked, id=28440, stack(0x000000a00eb00000,0x000000a00ec00000)]

Other Threads:
=>0x000002300c65e220 VMThread "VM Thread" [stack: 0x000000a00d800000,0x000000a00d900000] [id=24776]
  0x000002300c618a10 WatcherThread [stack: 0x000000a00e400000,0x000000a00e500000] [id=17516]
  0x000002300c5f7790 GCTaskThread "GC Thread#0" [stack: 0x000000a00d300000,0x000000a00d400000] [id=16872]
  0x000002302b6372b0 GCTaskThread "GC Thread#1" [stack: 0x000000a00e500000,0x000000a00e600000] [id=27388]
  0x000002302b66e3b0 GCTaskThread "GC Thread#2" [stack: 0x000000a00e600000,0x000000a00e700000] [id=16488]
  0x000002302b66e660 GCTaskThread "GC Thread#3" [stack: 0x000000a00e700000,0x000000a00e800000] [id=5104]
  0x000002302b793370 GCTaskThread "GC Thread#4" [stack: 0x000000a00e800000,0x000000a00e900000] [id=31868]
  0x000002302b789fe0 GCTaskThread "GC Thread#5" [stack: 0x000000a00e900000,0x000000a00ea00000] [id=20304]
  0x000002302c49e820 GCTaskThread "GC Thread#6" [stack: 0x000000a00ec00000,0x000000a00ed00000] [id=18576]
  0x000002300c608050 ConcurrentGCThread "G1 Main Marker" [stack: 0x000000a00d400000,0x000000a00d500000] [id=31624]
  0x000002300c608a60 ConcurrentGCThread "G1 Conc#0" [stack: 0x000000a00d500000,0x000000a00d600000] [id=23520]
  0x000002300c6385e0 ConcurrentGCThread "G1 Refine#0" [stack: 0x000000a00d600000,0x000000a00d700000] [id=32348]
  0x000002300c639000 ConcurrentGCThread "G1 Service" [stack: 0x000000a00d700000,0x000000a00d800000] [id=27940]

Threads with active compile tasks:
C2 CompilerThread0      689 1453       4       java.util.regex.Pattern::escape (1327 bytes)
C2 CompilerThread1      689 1423       4       java.util.regex.Pattern::compile (500 bytes)
C2 CompilerThread2      689 1452       4       java.util.regex.Pattern::atom (422 bytes)

VM state: at safepoint (normal execution)

VM Mutex/Monitor currently owned by a thread:  ([mutex/lock_event])
[0x000002300c597410] Threads_lock - owner thread: 0x000002300c65e220
[0x000002300c596f00] Heap_lock - owner thread: 0x000002300c59c9d0

Heap address: 0x0000000083400000, size: 1996 MB, Compressed Oops mode: 32-bit

CDS archive(s) mapped at: [0x0000000800000000-0x0000000800bc0000-0x0000000800bc0000), size 12320768, SharedBaseAddress: 0x0000000800000000, ArchiveRelocationMode: 0.
Compressed class space mapped at: 0x0000000800c00000-0x0000000840c00000, reserved size: 1073741824
Narrow klass base: 0x0000000800000000, Narrow klass shift: 0, Narrow klass range: 0x100000000

GC Precious Log:
 CPUs: 8 total, 8 available
 Memory: 7979M
 Large Page Support: Disabled
 NUMA Support: Disabled
 Compressed Oops: Enabled (32-bit)
 Heap Region Size: 1M
 Heap Min Capacity: 8M
 Heap Initial Capacity: 8M
 Heap Max Capacity: 1996M
 Pre-touch: Disabled
 Parallel Workers: 8
 Concurrent Workers: 2
 Concurrent Refinement Workers: 8
 Periodic GC: Disabled

Heap:
 garbage-first heap   total 16384K, used 7861K [0x0000000083400000, 0x0000000100000000)
  region size 1024K, 1 young (1024K), 1 survivors (1024K)
 Metaspace       used 9088K, committed 9280K, reserved 1064960K
  class space    used 1039K, committed 1088K, reserved 1048576K

Heap Regions: E=young(eden), S=young(survivor), O=old, HS=humongous(starts), HC=humongous(continues), CS=collection set, F=free, OA=open archive, CA=closed archive, TAMS=top-at-mark-start (previous, next)
|   0|0x0000000083400000, 0x0000000083500000, 0x0000000083500000|100%| O|  |TAMS 0x0000000083400000, 0x0000000083400000| Untracked 
|   1|0x0000000083500000, 0x0000000083600000, 0x0000000083600000|100%| O|  |TAMS 0x0000000083500000, 0x0000000083500000| Untracked 
|   2|0x0000000083600000, 0x0000000083700000, 0x0000000083700000|100%| O|  |TAMS 0x0000000083600000, 0x0000000083600000| Untracked 
|   3|0x0000000083700000, 0x0000000083800000, 0x0000000083800000|100%| O|  |TAMS 0x0000000083700000, 0x0000000083700000| Untracked 
|   4|0x0000000083800000, 0x0000000083900000, 0x0000000083900000|100%| O|  |TAMS 0x0000000083800000, 0x0000000083800000| Untracked 
|   5|0x0000000083900000, 0x0000000083a00000, 0x0000000083a00000|100%| O|  |TAMS 0x0000000083900000, 0x0000000083900000| Untracked 
|   6|0x0000000083a00000, 0x0000000083aad400, 0x0000000083b00000| 67%| O|  |TAMS 0x0000000083a00000, 0x0000000083a00000| Untracked 
|   7|0x0000000083b00000, 0x0000000083b00000, 0x0000000083c00000|  0%| F|  |TAMS 0x0000000083b00000, 0x0000000083b00000| Untracked 
|   8|0x0000000083c00000, 0x0000000083c00000, 0x0000000083d00000|  0%| F|  |TAMS 0x0000000083c00000, 0x0000000083c00000| Untracked 
|   9|0x0000000083d00000, 0x0000000083d00000, 0x0000000083e00000|  0%| F|  |TAMS 0x0000000083d00000, 0x0000000083d00000| Untracked 
|  10|0x0000000083e00000, 0x0000000083e00000, 0x0000000083f00000|  0%| F|  |TAMS 0x0000000083e00000, 0x0000000083e00000| Untracked 
|  11|0x0000000083f00000, 0x0000000084000000, 0x0000000084000000|100%| S|CS|TAMS 0x0000000083f00000, 0x0000000083f00000| Complete 
|  12|0x0000000084000000, 0x0000000084000000, 0x0000000084100000|  0%| F|  |TAMS 0x0000000084000000, 0x0000000084000000| Untracked 
|  13|0x0000000084100000, 0x0000000084100000, 0x0000000084200000|  0%| F|  |TAMS 0x0000000084100000, 0x0000000084100000| Untracked 
|  14|0x0000000084200000, 0x0000000084200000, 0x0000000084300000|  0%| F|  |TAMS 0x0000000084200000, 0x0000000084200000| Untracked 
|  15|0x0000000084300000, 0x0000000084300000, 0x0000000084400000|  0%| F|  |TAMS 0x0000000084300000, 0x0000000084300000| Untracked 

Card table byte_map: [0x00000230237a0000,0x0000023023b90000] _byte_map_base: 0x0000023023386000

Marking Bits (Prev, Next): (CMBitMap*) 0x000002300c5f7da0, (CMBitMap*) 0x000002300c5f7de0
 Prev Bits: [0x0000023023f80000, 0x0000023025eb0000)
 Next Bits: [0x0000023025eb0000, 0x0000023027de0000)

Polling page: 0x000002300a4c0000

Metaspace:

Usage:
  Non-class:      7.86 MB used.
      Class:      1.02 MB used.
       Both:      8.88 MB used.

Virtual space:
  Non-class space:       16.00 MB reserved,       8.00 MB ( 50%) committed,  2 nodes.
      Class space:        1.00 GB reserved,       1.06 MB ( <1%) committed,  1 nodes.
             Both:        1.02 GB reserved,       9.06 MB ( <1%) committed. 

Chunk freelists:
   Non-Class:  2.05 MB
       Class:  2.89 MB
        Both:  4.94 MB

MaxMetaspaceSize: unlimited
CompressedClassSpaceSize: 1.00 GB
Initial GC threshold: 21.00 MB
Current GC threshold: 21.00 MB
CDS: on
MetaspaceReclaimPolicy: balanced
 - commit_granule_bytes: 65536.
 - commit_granule_words: 8192.
 - virtual_space_node_default_size: 1048576.
 - enlarge_chunks_in_place: 1.
 - new_chunks_are_fully_committed: 0.
 - uncommit_free_chunks: 1.
 - use_allocation_guard: 0.
 - handle_deallocations: 1.


Internal statistics:

num_allocs_failed_limit: 0.
num_arena_births: 72.
num_arena_deaths: 0.
num_vsnodes_births: 3.
num_vsnodes_deaths: 0.
num_space_committed: 145.
num_space_uncommitted: 0.
num_chunks_returned_to_freelist: 0.
num_chunks_taken_from_freelist: 379.
num_chunk_merges: 0.
num_chunk_splits: 257.
num_chunks_enlarged: 196.
num_purges: 0.
num_inconsistent_stats: 0.

CodeHeap 'non-profiled nmethods': size=120000Kb used=452Kb max_used=452Kb free=119547Kb
 bounds [0x000002301bb50000, 0x000002301bdc0000, 0x0000023023080000]
CodeHeap 'profiled nmethods': size=120000Kb used=2604Kb max_used=2604Kb free=117395Kb
 bounds [0x0000023014080000, 0x0000023014310000, 0x000002301b5b0000]
CodeHeap 'non-nmethods': size=5760Kb used=1144Kb max_used=1177Kb free=4615Kb
 bounds [0x000002301b5b0000, 0x000002301b820000, 0x000002301bb50000]
 total_blobs=1879 nmethods=1448 adapters=343
 compilation: enabled
              stopped_count=0, restarted_count=0
 full_count=0

Compilation events (20 events):
Event: 0.655 Thread 0x000002302a7b1eb0 1424       4       java.lang.String::substring (10 bytes)
Event: 0.656 Thread 0x000002302a7b3960 nmethod 1441 0x0000023014309290 code [0x00000230143094a0, 0x0000023014309e18]
Event: 0.656 Thread 0x000002302a7b3960 1449       3       com.sun.tools.javac.file.RelativePath::<init> (10 bytes)
Event: 0.656 Thread 0x000002302a7b3960 nmethod 1449 0x000002301430a190 code [0x000002301430a320, 0x000002301430a4d8]
Event: 0.656 Thread 0x000002302a7b3960 1447       3       java.util.stream.MatchOps$1MatchSink::accept (44 bytes)
Event: 0.656 Thread 0x000002302a7b3960 nmethod 1447 0x000002301430a590 code [0x000002301430a740, 0x000002301430a9a8]
Event: 0.656 Thread 0x000002302a7b3960 1443       3       java.lang.invoke.MethodHandles$Lookup::<init> (84 bytes)
Event: 0.656 Thread 0x000002302a7b3960 nmethod 1443 0x000002301430aa90 code [0x000002301430ac40, 0x000002301430ae78]
Event: 0.656 Thread 0x000002302a7b3960 1446       3       java.lang.invoke.MethodType::toMethodDescriptorString (28 bytes)
Event: 0.656 Thread 0x000002302a7b3960 nmethod 1446 0x000002301430af10 code [0x000002301430b0c0, 0x000002301430b2a8]
Event: 0.656 Thread 0x000002302a7b3960 1444       1       jdk.internal.org.objectweb.asm.ClassReader::getMaxStringLength (5 bytes)
Event: 0.657 Thread 0x000002302a7b3960 nmethod 1444 0x000002301bbbf690 code [0x000002301bbbf820, 0x000002301bbbf8f8]
Event: 0.660 Thread 0x000002302a7b1eb0 nmethod 1424 0x000002301bbbf990 code [0x000002301bbbfb20, 0x000002301bbc0018]
Event: 0.660 Thread 0x000002302a7b1eb0 1451       4       com.sun.tools.javac.util.Name::lastIndexOf (42 bytes)
Event: 0.660 Thread 0x000002302b7893f0 nmethod 1421 0x000002301bbc0290 code [0x000002301bbc0420, 0x000002301bbc06d8]
Event: 0.660 Thread 0x000002302b7893f0 1422   !   4       java.util.regex.Pattern::closure (276 bytes)
Event: 0.662 Thread 0x000002302b7893f0 nmethod 1422 0x000002301bbc0990 code [0x000002301bbc0b20, 0x000002301bbc0ce8]
Event: 0.662 Thread 0x000002302b7893f0 1452       4       java.util.regex.Pattern::atom (422 bytes)
Event: 0.663 Thread 0x000002302a7b1eb0 nmethod 1451 0x000002301bbc0e90 code [0x000002301bbc1000, 0x000002301bbc11d8]
Event: 0.663 Thread 0x000002302a7b1eb0 1453       4       java.util.regex.Pattern::escape (1327 bytes)

GC Heap History (20 events):
Event: 0.292 GC heap after
{Heap after GC invocations=3 (full 0):
 garbage-first heap   total 8192K, used 2279K [0x0000000083400000, 0x0000000100000000)
  region size 1024K, 1 young (1024K), 1 survivors (1024K)
 Metaspace       used 6561K, committed 6720K, reserved 1064960K
  class space    used 794K, committed 896K, reserved 1048576K
}
Event: 0.350 GC heap before
{Heap before GC invocations=3 (full 0):
 garbage-first heap   total 8192K, used 3303K [0x0000000083400000, 0x0000000100000000)
  region size 1024K, 2 young (2048K), 1 survivors (1024K)
 Metaspace       used 7566K, committed 7744K, reserved 1064960K
  class space    used 872K, committed 960K, reserved 1048576K
}
Event: 0.351 GC heap after
{Heap after GC invocations=4 (full 0):
 garbage-first heap   total 8192K, used 2663K [0x0000000083400000, 0x0000000100000000)
  region size 1024K, 1 young (1024K), 1 survivors (1024K)
 Metaspace       used 7566K, committed 7744K, reserved 1064960K
  class space    used 872K, committed 960K, reserved 1048576K
}
Event: 0.387 GC heap before
{Heap before GC invocations=4 (full 0):
 garbage-first heap   total 8192K, used 3687K [0x0000000083400000, 0x0000000100000000)
  region size 1024K, 2 young (2048K), 1 survivors (1024K)
 Metaspace       used 7859K, committed 8000K, reserved 1064960K
  class space    used 904K, committed 960K, reserved 1048576K
}
Event: 0.389 GC heap after
{Heap after GC invocations=5 (full 0):
 garbage-first heap   total 10240K, used 2861K [0x0000000083400000, 0x0000000100000000)
  region size 1024K, 1 young (1024K), 1 survivors (1024K)
 Metaspace       used 7859K, committed 8000K, reserved 1064960K
  class space    used 904K, committed 960K, reserved 1048576K
}
Event: 0.450 GC heap before
{Heap before GC invocations=5 (full 0):
 garbage-first heap   total 10240K, used 4909K [0x0000000083400000, 0x0000000100000000)
  region size 1024K, 3 young (3072K), 1 survivors (1024K)
 Metaspace       used 8361K, committed 8512K, reserved 1064960K
  class space    used 968K, committed 1024K, reserved 1048576K
}
Event: 0.453 GC heap after
{Heap after GC invocations=6 (full 0):
 garbage-first heap   total 10240K, used 4036K [0x0000000083400000, 0x0000000100000000)
  region size 1024K, 1 young (1024K), 1 survivors (1024K)
 Metaspace       used 8361K, committed 8512K, reserved 1064960K
  class space    used 968K, committed 1024K, reserved 1048576K
}
Event: 0.495 GC heap before
{Heap before GC invocations=6 (full 0):
 garbage-first heap   total 10240K, used 5060K [0x0000000083400000, 0x0000000100000000)
  region size 1024K, 2 young (2048K), 1 survivors (1024K)
 Metaspace       used 8631K, committed 8704K, reserved 1064960K
  class space    used 997K, committed 1024K, reserved 1048576K
}
Event: 0.497 GC heap after
{Heap after GC invocations=7 (full 0):
 garbage-first heap   total 10240K, used 4263K [0x0000000083400000, 0x0000000100000000)
  region size 1024K, 1 young (1024K), 1 survivors (1024K)
 Metaspace       used 8631K, committed 8704K, reserved 1064960K
  class space    used 997K, committed 1024K, reserved 1048576K
}
Event: 0.516 GC heap before
{Heap before GC invocations=7 (full 0):
 garbage-first heap   total 10240K, used 5287K [0x0000000083400000, 0x0000000100000000)
  region size 1024K, 2 young (2048K), 1 survivors (1024K)
 Metaspace       used 8713K, committed 8896K, reserved 1064960K
  class space    used 1008K, committed 1088K, reserved 1048576K
}
Event: 0.517 GC heap after
{Heap after GC invocations=8 (full 0):
 garbage-first heap   total 10240K, used 4396K [0x0000000083400000, 0x0000000100000000)
  region size 1024K, 1 young (1024K), 1 survivors (1024K)
 Metaspace       used 8713K, committed 8896K, reserved 1064960K
  class space    used 1008K, committed 1088K, reserved 1048576K
}
Event: 0.524 GC heap before
{Heap before GC invocations=8 (full 0):
 garbage-first heap   total 10240K, used 5420K [0x0000000083400000, 0x0000000100000000)
  region size 1024K, 2 young (2048K), 1 survivors (1024K)
 Metaspace       used 8720K, committed 8896K, reserved 1064960K
  class space    used 1008K, committed 1088K, reserved 1048576K
}
Event: 0.525 GC heap after
{Heap after GC invocations=9 (full 0):
 garbage-first heap   total 16384K, used 4507K [0x0000000083400000, 0x0000000100000000)
  region size 1024K, 1 young (1024K), 1 survivors (1024K)
 Metaspace       used 8720K, committed 8896K, reserved 1064960K
  class space    used 1008K, committed 1088K, reserved 1048576K
}
Event: 0.580 GC heap before
{Heap before GC invocations=9 (full 0):
 garbage-first heap   total 16384K, used 8603K [0x0000000083400000, 0x0000000100000000)
  region size 1024K, 5 young (5120K), 1 survivors (1024K)
 Metaspace       used 8889K, committed 9024K, reserved 1064960K
  class space    used 1021K, committed 1088K, reserved 1048576K
}
Event: 0.582 GC heap after
{Heap after GC invocations=10 (full 0):
 garbage-first heap   total 16384K, used 5115K [0x0000000083400000, 0x0000000100000000)
  region size 1024K, 1 young (1024K), 1 survivors (1024K)
 Metaspace       used 8889K, committed 9024K, reserved 1064960K
  class space    used 1021K, committed 1088K, reserved 1048576K
}
Event: 0.627 GC heap before
{Heap before GC invocations=10 (full 0):
 garbage-first heap   total 16384K, used 10235K [0x0000000083400000, 0x0000000100000000)
  region size 1024K, 6 young (6144K), 1 survivors (1024K)
 Metaspace       used 9040K, committed 9152K, reserved 1064960K
  class space    used 1032K, committed 1088K, reserved 1048576K
}
Event: 0.631 GC heap after
{Heap after GC invocations=11 (full 0):
 garbage-first heap   total 16384K, used 6243K [0x0000000083400000, 0x0000000100000000)
  region size 1024K, 1 young (1024K), 1 survivors (1024K)
 Metaspace       used 9040K, committed 9152K, reserved 1064960K
  class space    used 1032K, committed 1088K, reserved 1048576K
}
Event: 0.640 GC heap before
{Heap before GC invocations=11 (full 0):
 garbage-first heap   total 16384K, used 9315K [0x0000000083400000, 0x0000000100000000)
  region size 1024K, 4 young (4096K), 1 survivors (1024K)
 Metaspace       used 9041K, committed 9216K, reserved 1064960K
  class space    used 1032K, committed 1088K, reserved 1048576K
}
Event: 0.643 GC heap after
{Heap after GC invocations=12 (full 0):
 garbage-first heap   total 16384K, used 6862K [0x0000000083400000, 0x0000000100000000)
  region size 1024K, 1 young (1024K), 1 survivors (1024K)
 Metaspace       used 9041K, committed 9216K, reserved 1064960K
  class space    used 1032K, committed 1088K, reserved 1048576K
}
Event: 0.665 GC heap before
{Heap before GC invocations=12 (full 0):
 garbage-first heap   total 16384K, used 9934K [0x0000000083400000, 0x0000000100000000)
  region size 1024K, 4 young (4096K), 1 survivors (1024K)
 Metaspace       used 9088K, committed 9280K, reserved 1064960K
  class space    used 1039K, committed 1088K, reserved 1048576K
}

Dll operation events (6 events):
Event: 0.006 Loaded shared library C:\Users\Admin\AppData\Local\Programs\Eclipse Adoptium\jdk-17.0.6.10-hotspot\bin\java.dll
Event: 0.012 Loaded shared library C:\Users\Admin\AppData\Local\Programs\Eclipse Adoptium\jdk-17.0.6.10-hotspot\bin\jsvml.dll
Event: 0.050 Loaded shared library C:\Users\Admin\AppData\Local\Programs\Eclipse Adoptium\jdk-17.0.6.10-hotspot\bin\jimage.dll
Event: 0.114 Loaded shared library C:\Users\Admin\AppData\Local\Programs\Eclipse Adoptium\jdk-17.0.6.10-hotspot\bin\net.dll
Event: 0.115 Loaded shared library C:\Users\Admin\AppData\Local\Programs\Eclipse Adoptium\jdk-17.0.6.10-hotspot\bin\nio.dll
Event: 0.143 Loaded shared library C:\Users\Admin\AppData\Local\Programs\Eclipse Adoptium\jdk-17.0.6.10-hotspot\bin\zip.dll

Deoptimization events (20 events):
Event: 0.570 Thread 0x000002300c59c9d0 Uncommon trap: trap_request=0xffffffc6 fr.pc=0x000002301bb9d6d0 relative=0x0000000000000570
Event: 0.570 Thread 0x000002300c59c9d0 Uncommon trap: reason=bimorphic_or_optimized_type_check action=maybe_recompile pc=0x000002301bb9d6d0 method=java.util.HashMap.getNode(Ljava/lang/Object;)Ljava/util/HashMap$Node; @ 128 c2
Event: 0.570 Thread 0x000002300c59c9d0 DEOPT PACKING pc=0x000002301bb9d6d0 sp=0x000000a00d2fdcf0
Event: 0.570 Thread 0x000002300c59c9d0 DEOPT UNPACKING pc=0x000002301b6069a3 sp=0x000000a00d2fdc88 mode 2
Event: 0.597 Thread 0x000002300c59c9d0 Uncommon trap: trap_request=0xffffff45 fr.pc=0x000002301bbac30c relative=0x000000000000092c
Event: 0.597 Thread 0x000002300c59c9d0 Uncommon trap: reason=unstable_if action=reinterpret pc=0x000002301bbac30c method=jdk.internal.jimage.ImageStringsReader.stringFromByteBuffer(Ljava/nio/ByteBuffer;I)Ljava/lang/String; @ 7 c2
Event: 0.597 Thread 0x000002300c59c9d0 DEOPT PACKING pc=0x000002301bbac30c sp=0x000000a00d2fd7b0
Event: 0.597 Thread 0x000002300c59c9d0 DEOPT UNPACKING pc=0x000002301b6069a3 sp=0x000000a00d2fd630 mode 2
Event: 0.597 Thread 0x000002300c59c9d0 Uncommon trap: trap_request=0xffffff45 fr.pc=0x000002301bba6ae8 relative=0x0000000000000828
Event: 0.597 Thread 0x000002300c59c9d0 Uncommon trap: reason=unstable_if action=reinterpret pc=0x000002301bba6ae8 method=jdk.internal.jimage.ImageStringsReader.stringFromByteBuffer(Ljava/nio/ByteBuffer;I)Ljava/lang/String; @ 7 c2
Event: 0.597 Thread 0x000002300c59c9d0 DEOPT PACKING pc=0x000002301bba6ae8 sp=0x000000a00d2fd5f0
Event: 0.597 Thread 0x000002300c59c9d0 DEOPT UNPACKING pc=0x000002301b6069a3 sp=0x000000a00d2fd5a8 mode 2
Event: 0.617 Thread 0x000002300c59c9d0 Uncommon trap: trap_request=0xffffff45 fr.pc=0x000002301bb8b060 relative=0x0000000000000060
Event: 0.617 Thread 0x000002300c59c9d0 Uncommon trap: reason=unstable_if action=reinterpret pc=0x000002301bb8b060 method=com.sun.tools.javac.jvm.PoolReader.sizeof(I)I @ 1 c2
Event: 0.617 Thread 0x000002300c59c9d0 DEOPT PACKING pc=0x000002301bb8b060 sp=0x000000a00d2fdd80
Event: 0.617 Thread 0x000002300c59c9d0 DEOPT UNPACKING pc=0x000002301b6069a3 sp=0x000000a00d2fdd10 mode 2
Event: 0.653 Thread 0x000002300c59c9d0 Uncommon trap: trap_request=0xffffff45 fr.pc=0x000002301bbb50c4 relative=0x0000000000000a84
Event: 0.653 Thread 0x000002300c59c9d0 Uncommon trap: reason=unstable_if action=reinterpret pc=0x000002301bbb50c4 method=com.sun.tools.javac.util.ArrayUtils.ensureCapacity([BI)[B @ 3 c2
Event: 0.653 Thread 0x000002300c59c9d0 DEOPT PACKING pc=0x000002301bbb50c4 sp=0x000000a00d2fd710
Event: 0.653 Thread 0x000002300c59c9d0 DEOPT UNPACKING pc=0x000002301b6069a3 sp=0x000000a00d2fd638 mode 2

Classes unloaded (0 events):
No events

Classes redefined (0 events):
No events

Internal exceptions (20 events):
Event: 0.475 Thread 0x000002300c59c9d0 Exception <a 'java/lang/NoSuchMethodError'{0x0000000083d9caf0}: 'void java.lang.invoke.DirectMethodHandle$Holder.invokeStatic(java.lang.Object, java.lang.Object)'> (0x0000000083d9caf0) 
thrown [s\src\hotspot\share\interpreter\linkResolver.cpp, line 759]
Event: 0.476 Thread 0x000002300c59c9d0 Exception <a 'sun/nio/fs/WindowsException'{0x0000000083da6d18}> (0x0000000083da6d18) 
thrown [s\src\hotspot\share\prims\jni.cpp, line 516]
Event: 0.499 Thread 0x000002300c59c9d0 Exception <a 'sun/nio/fs/WindowsException'{0x0000000083d08948}> (0x0000000083d08948) 
thrown [s\src\hotspot\share\prims\jni.cpp, line 516]
Event: 0.541 Thread 0x000002300c59c9d0 Exception <a 'java/lang/NoSuchMethodError'{0x00000000843b6540}: 'int java.lang.invoke.DirectMethodHandle$Holder.invokeSpecial(java.lang.Object, java.lang.Object, java.lang.Object)'> (0x00000000843b6540) 
thrown [s\src\hotspot\share\interpreter\linkResolver.cpp, line 759]
Event: 0.543 Thread 0x000002300c59c9d0 Exception <a 'sun/nio/fs/WindowsException'{0x00000000843c0c20}> (0x00000000843c0c20) 
thrown [s\src\hotspot\share\prims\jni.cpp, line 516]
Event: 0.547 Thread 0x000002300c59c9d0 Exception <a 'sun/nio/fs/WindowsException'{0x00000000843d9810}> (0x00000000843d9810) 
thrown [s\src\hotspot\share\prims\jni.cpp, line 516]
Event: 0.551 Thread 0x000002300c59c9d0 Exception <a 'java/lang/NoSuchMethodError'{0x00000000843e77b0}: 'java.lang.Object java.lang.invoke.DirectMethodHandle$Holder.invokeStatic(java.lang.Object, java.lang.Object, int, int)'> (0x00000000843e77b0) 
thrown [s\src\hotspot\share\interpreter\linkResolver.cpp, line 759]
Event: 0.555 Thread 0x000002300c59c9d0 Exception <a 'sun/nio/fs/WindowsException'{0x00000000843fb7d0}> (0x00000000843fb7d0) 
thrown [s\src\hotspot\share\prims\jni.cpp, line 516]
Event: 0.566 Thread 0x000002300c59c9d0 Exception <a 'sun/nio/fs/WindowsException'{0x00000000842541d0}> (0x00000000842541d0) 
thrown [s\src\hotspot\share\prims\jni.cpp, line 516]
Event: 0.569 Thread 0x000002300c59c9d0 Exception <a 'sun/nio/fs/WindowsException'{0x00000000842606f8}> (0x00000000842606f8) 
thrown [s\src\hotspot\share\prims\jni.cpp, line 516]
Event: 0.569 Thread 0x000002300c59c9d0 Exception <a 'sun/nio/fs/WindowsException'{0x0000000084260ae8}> (0x0000000084260ae8) 
thrown [s\src\hotspot\share\prims\jni.cpp, line 516]
Event: 0.569 Thread 0x000002300c59c9d0 Exception <a 'sun/nio/fs/WindowsException'{0x0000000084261bf8}> (0x0000000084261bf8) 
thrown [s\src\hotspot\share\prims\jni.cpp, line 516]
Event: 0.569 Thread 0x000002300c59c9d0 Exception <a 'sun/nio/fs/WindowsException'{0x0000000084261fa8}> (0x0000000084261fa8) 
thrown [s\src\hotspot\share\prims\jni.cpp, line 516]
Event: 0.603 Thread 0x000002300c59c9d0 Exception <a 'sun/nio/fs/WindowsException'{0x0000000084123e80}> (0x0000000084123e80) 
thrown [s\src\hotspot\share\prims\jni.cpp, line 516]
Event: 0.604 Thread 0x000002300c59c9d0 Exception <a 'sun/nio/fs/WindowsException'{0x0000000084127c38}> (0x0000000084127c38) 
thrown [s\src\hotspot\share\prims\jni.cpp, line 516]
Event: 0.606 Thread 0x000002300c59c9d0 Exception <a 'sun/nio/fs/WindowsException'{0x000000008412d1e0}> (0x000000008412d1e0) 
thrown [s\src\hotspot\share\prims\jni.cpp, line 516]
Event: 0.606 Thread 0x000002300c59c9d0 Exception <a 'sun/nio/fs/WindowsException'{0x000000008412d5c8}> (0x000000008412d5c8) 
thrown [s\src\hotspot\share\prims\jni.cpp, line 516]
Event: 0.606 Thread 0x000002300c59c9d0 Exception <a 'sun/nio/fs/WindowsException'{0x000000008412e6d8}> (0x000000008412e6d8) 
thrown [s\src\hotspot\share\prims\jni.cpp, line 516]
Event: 0.606 Thread 0x000002300c59c9d0 Exception <a 'sun/nio/fs/WindowsException'{0x000000008412ea88}> (0x000000008412ea88) 
thrown [s\src\hotspot\share\prims\jni.cpp, line 516]
Event: 0.650 Thread 0x000002300c59c9d0 Exception <a 'java/lang/NoSuchMethodError'{0x00000000843433a0}: 'java.lang.Object java.lang.invoke.DirectMethodHandle$Holder.invokeInterface(java.lang.Object, java.lang.Object)'> (0x00000000843433a0) 
thrown [s\src\hotspot\share\interpreter\linkResolver.cpp, line 759]

VM Operations (20 events):
Event: 0.355 Executing VM operation: HandshakeAllThreads done
Event: 0.387 Executing VM operation: G1CollectForAllocation
Event: 0.389 Executing VM operation: G1CollectForAllocation done
Event: 0.450 Executing VM operation: G1CollectForAllocation
Event: 0.453 Executing VM operation: G1CollectForAllocation done
Event: 0.495 Executing VM operation: G1CollectForAllocation
Event: 0.497 Executing VM operation: G1CollectForAllocation done
Event: 0.515 Executing VM operation: G1CollectForAllocation
Event: 0.517 Executing VM operation: G1CollectForAllocation done
Event: 0.524 Executing VM operation: G1CollectForAllocation
Event: 0.525 Executing VM operation: G1CollectForAllocation done
Event: 0.580 Executing VM operation: G1CollectForAllocation
Event: 0.582 Executing VM operation: G1CollectForAllocation done
Event: 0.597 Executing VM operation: HandshakeAllThreads
Event: 0.597 Executing VM operation: HandshakeAllThreads done
Event: 0.627 Executing VM operation: G1CollectForAllocation
Event: 0.631 Executing VM operation: G1CollectForAllocation done
Event: 0.640 Executing VM operation: G1CollectForAllocation
Event: 0.643 Executing VM operation: G1CollectForAllocation done
Event: 0.665 Executing VM operation: G1CollectForAllocation

Events (20 events):
Event: 0.479 loading class java/util/stream/Node$OfInt done
Event: 0.479 loading class java/util/stream/Nodes$EmptyNode$OfInt done
Event: 0.479 loading class java/util/stream/Nodes$EmptyNode$OfLong
Event: 0.479 loading class java/util/stream/Node$OfLong
Event: 0.479 loading class java/util/stream/Node$OfLong done
Event: 0.479 loading class java/util/stream/Nodes$EmptyNode$OfLong done
Event: 0.480 loading class java/util/stream/Nodes$EmptyNode$OfDouble
Event: 0.480 loading class java/util/stream/Node$OfDouble
Event: 0.480 loading class java/util/stream/Node$OfDouble done
Event: 0.480 loading class java/util/stream/Nodes$EmptyNode$OfDouble done
Event: 0.480 loading class java/util/stream/Nodes$SpinedNodeBuilder
Event: 0.480 loading class java/util/stream/Node$Builder
Event: 0.480 loading class java/util/stream/Node$Builder done
Event: 0.480 loading class java/util/stream/Nodes$SpinedNodeBuilder done
Event: 0.480 loading class sun/nio/fs/WindowsPath$WindowsPathWithAttributes
Event: 0.480 loading class sun/nio/fs/WindowsPath$WindowsPathWithAttributes done
Event: 0.597 loading class jdk/internal/jimage/ImageReader$LinkNode
Event: 0.597 loading class jdk/internal/jimage/ImageReader$LinkNode done
Event: 0.647 loading class java/lang/invoke/MethodHandle$1
Event: 0.647 loading class java/lang/invoke/MethodHandle$1 done


Dynamic libraries:
0x00007ff6c9880000 - 0x00007ff6c9888000 	C:\Users\Admin\AppData\Local\Programs\Eclipse Adoptium\jdk-17.0.6.10-hotspot\bin\javac.exe
0x00007fff36a90000 - 0x00007fff36ca7000 	C:\WINDOWS\SYSTEM32\ntdll.dll
0x00007fff35d80000 - 0x00007fff35e44000 	C:\WINDOWS\System32\KERNEL32.DLL
0x00007fff34090000 - 0x00007fff34436000 	C:\WINDOWS\System32\KERNELBASE.dll
0x00007fff34560000 - 0x00007fff34671000 	C:\WINDOWS\System32\ucrtbase.dll
0x00007fff00c70000 - 0x00007fff00c87000 	C:\Users\Admin\AppData\Local\Programs\Eclipse Adoptium\jdk-17.0.6.10-hotspot\bin\jli.dll
0x00007fff29860000 - 0x00007fff29879000 	C:\Users\Admin\AppData\Local\Programs\Eclipse Adoptium\jdk-17.0.6.10-hotspot\bin\VCRUNTIME140.dll
0x00007fff35fe0000 - 0x00007fff3618e000 	C:\WINDOWS\System32\USER32.dll
0x00007fff34060000 - 0x00007fff34086000 	C:\WINDOWS\System32\win32u.dll
0x00007fff25cf0000 - 0x00007fff25f83000 	C:\WINDOWS\WinSxS\amd64_microsoft.windows.common-controls_6595b64144ccf1df_6.0.22621.2506_none_270c5ae97388e100\COMCTL32.dll
0x00007fff35e50000 - 0x00007fff35e79000 	C:\WINDOWS\System32\GDI32.dll
0x00007fff36240000 - 0x00007fff362e7000 	C:\WINDOWS\System32\msvcrt.dll
0x00007fff34440000 - 0x00007fff34558000 	C:\WINDOWS\System32\gdi32full.dll
0x00007fff34680000 - 0x00007fff3471a000 	C:\WINDOWS\System32\msvcp_win.dll
0x00007fff35fa0000 - 0x00007fff35fd1000 	C:\WINDOWS\System32\IMM32.DLL
0x00007fff29850000 - 0x00007fff2985c000 	C:\Users\Admin\AppData\Local\Programs\Eclipse Adoptium\jdk-17.0.6.10-hotspot\bin\vcruntime140_1.dll
0x00007fff164d0000 - 0x00007fff16561000 	C:\Users\Admin\AppData\Local\Programs\Eclipse Adoptium\jdk-17.0.6.10-hotspot\bin\msvcp140.dll
0x00007ffe61d10000 - 0x00007ffe62957000 	C:\Users\Admin\AppData\Local\Programs\Eclipse Adoptium\jdk-17.0.6.10-hotspot\bin\server\jvm.dll
0x00007fff357c0000 - 0x00007fff35871000 	C:\WINDOWS\System32\ADVAPI32.dll
0x00007fff35ba0000 - 0x00007fff35c45000 	C:\WINDOWS\System32\sechost.dll
0x00007fff35e80000 - 0x00007fff35f97000 	C:\WINDOWS\System32\RPCRT4.dll
0x00007fff28c40000 - 0x00007fff28c74000 	C:\WINDOWS\SYSTEM32\WINMM.dll
0x00007fff29520000 - 0x00007fff29529000 	C:\WINDOWS\SYSTEM32\WSOCK32.dll
0x00007fff28690000 - 0x00007fff2869a000 	C:\WINDOWS\SYSTEM32\VERSION.dll
0x00007fff36830000 - 0x00007fff368a1000 	C:\WINDOWS\System32\WS2_32.dll
0x00007fff32ef0000 - 0x00007fff32f08000 	C:\WINDOWS\SYSTEM32\kernel.appcore.dll
0x00007fff29830000 - 0x00007fff2983a000 	C:\Users\Admin\AppData\Local\Programs\Eclipse Adoptium\jdk-17.0.6.10-hotspot\bin\jimage.dll
0x00007fff316e0000 - 0x00007fff31913000 	C:\WINDOWS\SYSTEM32\DBGHELP.DLL
0x00007fff362f0000 - 0x00007fff36679000 	C:\WINDOWS\System32\combase.dll
0x00007fff35900000 - 0x00007fff359d7000 	C:\WINDOWS\System32\OLEAUT32.dll
0x00007fff27ec0000 - 0x00007fff27ef2000 	C:\WINDOWS\SYSTEM32\dbgcore.DLL
0x00007fff33e00000 - 0x00007fff33e7a000 	C:\WINDOWS\System32\bcryptPrimitives.dll
0x00007fff27500000 - 0x00007fff27525000 	C:\Users\Admin\AppData\Local\Programs\Eclipse Adoptium\jdk-17.0.6.10-hotspot\bin\java.dll
0x00007fff26c90000 - 0x00007fff26d66000 	C:\Users\Admin\AppData\Local\Programs\Eclipse Adoptium\jdk-17.0.6.10-hotspot\bin\jsvml.dll
0x00007fff34800000 - 0x00007fff3505a000 	C:\WINDOWS\System32\SHELL32.dll
0x00007fff31d30000 - 0x00007fff32626000 	C:\WINDOWS\SYSTEM32\windows.storage.dll
0x00007fff31bf0000 - 0x00007fff31d2e000 	C:\WINDOWS\SYSTEM32\wintypes.dll
0x00007fff35060000 - 0x00007fff35153000 	C:\WINDOWS\System32\SHCORE.dll
0x00007fff367d0000 - 0x00007fff3682e000 	C:\WINDOWS\System32\shlwapi.dll
0x00007fff33d30000 - 0x00007fff33d56000 	C:\WINDOWS\SYSTEM32\profapi.dll
0x00007fff297f0000 - 0x00007fff29809000 	C:\Users\Admin\AppData\Local\Programs\Eclipse Adoptium\jdk-17.0.6.10-hotspot\bin\net.dll
0x00007fff2ab70000 - 0x00007fff2aca7000 	C:\WINDOWS\SYSTEM32\WINHTTP.dll
0x00007fff33370000 - 0x00007fff333d9000 	C:\WINDOWS\system32\mswsock.dll
0x00007fff27720000 - 0x00007fff27735000 	C:\Users\Admin\AppData\Local\Programs\Eclipse Adoptium\jdk-17.0.6.10-hotspot\bin\nio.dll
0x00007fff272a0000 - 0x00007fff272b8000 	C:\Users\Admin\AppData\Local\Programs\Eclipse Adoptium\jdk-17.0.6.10-hotspot\bin\zip.dll

dbghelp: loaded successfully - version: 4.0.5 - missing functions: none
symbol engine: initialized successfully - sym options: 0x614 - pdb path: .;C:\Users\Admin\AppData\Local\Programs\Eclipse Adoptium\jdk-17.0.6.10-hotspot\bin;C:\WINDOWS\SYSTEM32;C:\WINDOWS\WinSxS\amd64_microsoft.windows.common-controls_6595b64144ccf1df_6.0.22621.2506_none_270c5ae97388e100;C:\Users\Admin\AppData\Local\Programs\Eclipse Adoptium\jdk-17.0.6.10-hotspot\bin\server

VM Arguments:
jvm_args: -Dapplication.home=C:\Users\Admin\AppData\Local\Programs\Eclipse Adoptium\jdk-17.0.6.10-hotspot --add-modules=ALL-DEFAULT -Xms8m -Djdk.module.main=jdk.compiler 
java_command: jdk.compiler/com.sun.tools.javac.Main -d C:\Users\Admin\Documents\NetBeansProjects\E-commerce-portal-for-used-furniture-sales-application\build\classes -classpath C:\Users\Admin\Documents\NetBeansProjects\E-commerce-portal-for-used-furniture-sales-application\build\classes;D:\Taigame\icons_mysqlConnector\icons_mysqlConnector\mysql-connector-java-8.0.26.jar -sourcepath C:\Users\Admin\Documents\NetBeansProjects\E-commerce-portal-for-used-furniture-sales-application\src -target 17 -encoding UTF-8 -g -processorpath D:\Users\thanhphatchau\Downloads\icons_mysqlConnector\mysql-connector-java-8.0.26.jar;D:\Taigame\icons_mysqlConnector\icons_mysqlConnector\mysql-connector-java-8.0.26.jar;C:\Users\Admin\Documents\NetBeansProjects\E-commerce-portal-for-used-furniture-sales-application\build\empty -s C:\Users\Admin\Documents\NetBeansProjects\E-commerce-portal-for-used-furniture-sales-application\build\generated-sources\ap-source-output -source 17 C:\Users\Admin\Documents\NetBeansProjects\E-commerce-portal-for-used-furniture-sales-application\src\user\login.java
java_class_path (initial): <not set>
Launcher Type: SUN_STANDARD

[Global flags]
     intx CICompilerCount                          = 4                                         {product} {ergonomic}
     uint ConcGCThreads                            = 2                                         {product} {ergonomic}
     uint G1ConcRefinementThreads                  = 8                                         {product} {ergonomic}
   size_t G1HeapRegionSize                         = 1048576                                   {product} {ergonomic}
    uintx GCDrainStackTargetSize                   = 64                                        {product} {ergonomic}
   size_t InitialHeapSize                          = 8388608                                   {product} {command line}
   size_t MarkStackSize                            = 4194304                                   {product} {ergonomic}
   size_t MaxHeapSize                              = 2092957696                                {product} {ergonomic}
   size_t MaxNewSize                               = 1255145472                                {product} {ergonomic}
   size_t MinHeapDeltaBytes                        = 1048576                                   {product} {ergonomic}
   size_t MinHeapSize                              = 8388608                                   {product} {command line}
    uintx NonNMethodCodeHeapSize                   = 5839372                                {pd product} {ergonomic}
    uintx NonProfiledCodeHeapSize                  = 122909434                              {pd product} {ergonomic}
    uintx ProfiledCodeHeapSize                     = 122909434                              {pd product} {ergonomic}
    uintx ReservedCodeCacheSize                    = 251658240                              {pd product} {ergonomic}
     bool SegmentedCodeCache                       = true                                      {product} {ergonomic}
   size_t SoftMaxHeapSize                          = 2092957696                             {manageable} {ergonomic}
     bool UseCompressedClassPointers               = true                           {product lp64_product} {ergonomic}
     bool UseCompressedOops                        = true                           {product lp64_product} {ergonomic}
     bool UseG1GC                                  = true                                      {product} {ergonomic}
     bool UseLargePagesIndividualAllocation        = false                                  {pd product} {ergonomic}

Logging:
Log output configuration:
 #0: stdout all=warning uptime,level,tags
 #1: stderr all=off uptime,level,tags

Environment Variables:
JAVA_HOME=C:\Users\Admin\AppData\Local\Programs\Eclipse Adoptium\jdk-17.0.6.10-hotspot\
PATH=C:\Program Files\Common Files\Oracle\Java\javapath;C:\Windows\system32;C:\Windows;C:\Windows\System32\Wbem;C:\Windows\System32\WindowsPowerShell\v1.0\;C:\Windows\System32\OpenSSH\;C:\Program Files (x86)\NVIDIA Corporation\PhysX\Common;C:\Program Files\NVIDIA Corporation\NVIDIA NvDLISR;C:\WINDOWS\system32;C:\WINDOWS;C:\WINDOWS\System32\Wbem;C:\WINDOWS\System32\WindowsPowerShell\v1.0\;C:\WINDOWS\System32\OpenSSH\;C:\Program Files\Microsoft SQL Server\Client SDK\ODBC\170\Tools\Binn\;C:\Program Files (x86)\Microsoft SQL Server\150\Tools\Binn\;C:\Program Files\Microsoft SQL Server\150\Tools\Binn\;C:\Program Files\Microsoft SQL Server\150\DTS\Binn\;C:\Program Files\Git\cmd;C:\Program Files\Microsoft SQL Server\Client SDK\ODBC\110\Tools\Binn\;C:\Program Files (x86)\Microsoft SQL Server\120\Tools\Binn\;C:\Program Files\Microsoft SQL Server\120\Tools\Binn\;C:\Program Files\Microsoft SQL Server\120\DTS\Binn\;C:\Program Files (x86)\Microsoft SQL Server\120\Tools\Binn\ManagementStudio\;C:\Program Files (x86)\Microsoft SQL Server\120\DTS\Binn\;C:\Program Files\PuTTY\;C:\Program Files\MySQL\MySQL Server 8.0\bin;C:\Program Files\MySQL\MySQL Shell 8.0\bin\;C:\Users\Admin\AppData\Local\Programs\Python\Python311\Scripts\;C:\Users\Admin\AppData\Local\Programs\Python\Python311\;C:\Users\Admin\AppData\Local\Programs\Eclipse Adoptium\jdk-17.0.6.10-hotspot\bin;C:\Users\Admin\AppData\Local\Microsoft\WindowsApps;C:\Users\Admin\AppData\Local\Programs\Microsoft VS Code\bin
USERNAME=Admin
OS=Windows_NT
PROCESSOR_IDENTIFIER=Intel64 Family 6 Model 165 Stepping 2, GenuineIntel
TMP=C:\Users\Admin\AppData\Local\Temp
TEMP=C:\Users\Admin\AppData\Local\Temp



---------------  S Y S T E M  ---------------

OS:
 Windows 11 , 64 bit Build 22621 (10.0.22621.2506)
OS uptime: 1 days 16:09 hours

CPU: total 8 (initial active 8) (4 cores per cpu, 2 threads per core) family 6 model 165 stepping 2 microcode 0xe0, cx8, cmov, fxsr, ht, mmx, 3dnowpref, sse, sse2, sse3, ssse3, sse4.1, sse4.2, popcnt, lzcnt, tsc, tscinvbit, avx, avx2, aes, erms, clmul, bmi1, bmi2, adx, fma, vzeroupper, clflush, clflushopt

Memory: 4k page, system-wide physical 7979M (1018M free)
TotalPageFile size 21563M (AvailPageFile size 16M)
current process WorkingSet (physical memory assigned to process): 78M, peak: 78M
current process commit charge ("private bytes"): 114M, peak: 129M

vm_info: OpenJDK 64-Bit Server VM (17.0.6+10) for windows-amd64 JRE (17.0.6+10), built on Jan 18 2023 10:08:59 by "temurin" with MS VC++ 16.7 (VS2019)

END.
